#
# A fatal error has been detected by the Java Runtime Environment:
#
#  EXCEPTION_ACCESS_VIOLATION (0xc0000005) at pc=0x00007ffed9b872e5, pid=9940, tid=16272
#
# JRE version: Java(TM) SE Runtime Environment (21.0.6+8) (build 21.0.6+8-LTS-188)
# Java VM: Java HotSpot(TM) 64-Bit Server VM (21.0.6+8-LTS-188, mixed mode, sharing, tiered, compressed oops, compressed class ptrs, g1 gc, windows-amd64)
# Problematic frame:
# V  [jvm.dll+0x1d72e5]
#
# No core dump will be written. Minidumps are not enabled by default on client versions of Windows
#
# If you would like to submit a bug report, please visit:
#   https://bugreport.java.com/bugreport/crash.jsp
#

---------------  S U M M A R Y ------------

Command Line: -Dvisualvm.id=1300136492418900 -javaagent:C:\Users\marij\AppData\Local\Programs\IntelliJ IDEA Community Edition\lib\idea_rt.jar=63415:C:\Users\marij\AppData\Local\Programs\IntelliJ IDEA Community Edition\bin -Dfile.encoding=UTF-8 -Dsun.stdout.encoding=UTF-8 -Dsun.stderr.encoding=UTF-8 LibraryOfLament

Host: Intel(R) Core(TM) i7-4790 CPU @ 3.60GHz, 8 cores, 11G,  Windows 10 , 64 bit Build 19041 (10.0.19041.5198)
Time: Sun Feb  2 14:26:02 2025 W. Europe Standard Time elapsed time: 39.431575 seconds (0d 0h 0m 39s)

---------------  T H R E A D  ---------------

Current thread (0x0000020bc736d000):  JavaThread "main"             [_thread_in_vm, id=16272, stack(0x000000a5d6e00000,0x000000a5d6f00000) (1024K)]

Stack: [0x000000a5d6e00000,0x000000a5d6f00000],  sp=0x000000a5d6efed90,  free space=1019k
Native frames: (J=compiled Java code, j=interpreted, Vv=VM code, C=native code)
V  [jvm.dll+0x1d72e5]
V  [jvm.dll+0x46ba9d]
V  [jvm.dll+0x44ad01]
C  0x0000020bd6d3ce4b

The last pc belongs to native method entry point (kind = native) (printed below).
Java frames: (J=compiled Java code, j=interpreted, Vv=VM code)
j  org.lwjgl.system.jni.JNINativeInterface.nDeleteGlobalRef(J)V+0
j  org.lwjgl.system.jni.JNINativeInterface.DeleteGlobalRef(J)V+12
j  org.lwjgl.system.Callback.free(J)V+25
j  org.lwjgl.glfw.Callbacks.glfwFreeCallbacks(J)V+165
j  game.Manager.close()V+30
j  game.Manager.run()V+22
j  LibraryOfLament.main([Ljava/lang/String;)V+0
v  ~StubRoutines::call_stub 0x0000020bd6d3100d

siginfo: EXCEPTION_ACCESS_VIOLATION (0xc0000005), writing address 0x000000000000003e


Registers:
RAX=0x0000000000000000, RBX=0x000000000000003e, RCX=0x000000000000003e, RDX=0x0000000000000000
RSP=0x000000a5d6efed90, RBP=0x000000a5d6efeea0, RSI=0x0000000000000110, RDI=0x0000000000000000
R8 =0x0000000000000040, R9 =0x0000000740c63dc8, R10=0x0000020bd6d3ce1c, R11=0x0000000740c06860
R12=0x0000000000000000, R13=0x0000020be647ef80, R14=0x000000a5d6efeec8, R15=0x0000020bc736d000
RIP=0x00007ffed9b872e5, EFLAGS=0x0000000000010202


Register to memory mapping:

RAX=0x0 is null
RBX=0x000000000000003e is an unknown value
RCX=0x000000000000003e is an unknown value
RDX=0x0 is null
RSP=0x000000a5d6efed90 is pointing into the stack for thread: 0x0000020bc736d000
RBP=0x000000a5d6efeea0 is pointing into the stack for thread: 0x0000020bc736d000
RSI=0x0000000000000110 is an unknown value
RDI=0x0 is null
R8 =0x0000000000000040 is an unknown value
R9 =0x0000000740c63dc8 is an oop: java.lang.Class 
{0x0000000740c63dc8} - klass: 'java/lang/Class'
 - ---- fields (total size 15 words):
 - private volatile transient 'classRedefinedCount' 'I' @12  0 (0x00000000)
 - injected 'klass' 'J' @16  2248432189944 (0x0000020b810081f8)
 - injected 'array_klass' 'J' @24  0 (0x0000000000000000)
 - injected 'oop_size' 'I' @32  15 (0x0000000f)
 - injected 'static_oop_field_count' 'I' @36  0 (0x00000000)
 - private volatile transient 'cachedConstructor' 'Ljava/lang/reflect/Constructor;' @40  null (0x00000000)
 - private transient 'name' 'Ljava/lang/String;' @44  "org.lwjgl.system.Checks"{0x0000000740c63e40} (0xe818c7c8)
 - private transient 'module' 'Ljava/lang/Module;' @48  a 'java/lang/Module'{0x0000000740d9ab28} (0xe81b3565)
 - private final 'classLoader' 'Ljava/lang/ClassLoader;' @52  a 'jdk/internal/loader/ClassLoaders$AppClassLoader'{0x0000000740d9a968} (0xe81b352d)
 - private transient 'classData' 'Ljava/lang/Object;' @56  null (0x00000000)
 - private transient 'packageName' 'Ljava/lang/String;' @60  "org.lwjgl.system"{0x0000000740c4aa08} (0xe8189541)
 - private final 'componentType' 'Ljava/lang/Class;' @64  null (0x00000000)
 - private volatile transient 'reflectionData' 'Ljava/lang/ref/SoftReference;' @68  null (0x00000000)
 - private volatile transient 'genericInfo' 'Lsun/reflect/generics/repository/ClassRepository;' @72  null (0x00000000)
 - private volatile transient 'enumConstants' '[Ljava/lang/Object;' @76  null (0x00000000)
 - private volatile transient 'enumConstantDirectory' 'Ljava/util/Map;' @80  null (0x00000000)
 - private volatile transient 'annotationData' 'Ljava/lang/Class$AnnotationData;' @84  null (0x00000000)
 - private volatile transient 'annotationType' 'Lsun/reflect/annotation/AnnotationType;' @88  null (0x00000000)
 - transient 'classValueMap' 'Ljava/lang/ClassValue$ClassValueMap;' @92  null (0x00000000)
 - injected 'protection_domain' 'Ljava/lang/Object;' @96  a 'java/security/ProtectionDomain'{0x0000000740c48e98} (0xe81891d3)
 - injected 'signers_name' 'Ljava/lang/Object;' @100  null (0x00000000)
 - injected 'source_file' 'Ljava/lang/Object;' @104  null (0x00000000)
 - injected '<init_lock>' 'Ljava/lang/Object;' @108  null (0x00000000)
 - signature: Lorg/lwjgl/system/Checks;
 - ---- static fields (0):
 - public static final 'CHECKS' 'Z' @112  true (0x01)
 - public static final 'DEBUG' 'Z' @113  false (0x00)
 - public static final 'DEBUG_FUNCTIONS' 'Z' @114  false (0x00)
R10=0x0000020bd6d3ce1c is at code_begin+1020 in an Interpreter codelet
native method entry point (kind = native)  [0x0000020bd6d3ca20, 0x0000020bd6d3d548]  2856 bytes
R11=0x0000000740c06860 is an oop: java.lang.Class 
{0x0000000740c06860} - klass: 'java/lang/Class'
 - ---- fields (total size 27 words):
 - private volatile transient 'classRedefinedCount' 'I' @12  0 (0x00000000)
 - injected 'klass' 'J' @16  2248432202040 (0x0000020b8100b138)
 - injected 'array_klass' 'J' @24  0 (0x0000000000000000)
 - injected 'oop_size' 'I' @32  27 (0x0000001b)
 - injected 'static_oop_field_count' 'I' @36  0 (0x00000000)
 - private volatile transient 'cachedConstructor' 'Ljava/lang/reflect/Constructor;' @40  null (0x00000000)
 - private transient 'name' 'Ljava/lang/String;' @44  "org.lwjgl.system.jni.JNINativeInterface"{0x0000000740c06938} (0xe8180d27)
 - private transient 'module' 'Ljava/lang/Module;' @48  a 'java/lang/Module'{0x0000000740d9ab28} (0xe81b3565)
 - private final 'classLoader' 'Ljava/lang/ClassLoader;' @52  a 'jdk/internal/loader/ClassLoaders$AppClassLoader'{0x0000000740d9a968} (0xe81b352d)
 - private transient 'classData' 'Ljava/lang/Object;' @56  null (0x00000000)
 - private transient 'packageName' 'Ljava/lang/String;' @60  "org.lwjgl.system.jni"{0x0000000740c06758} (0xe8180ceb)
 - private final 'componentType' 'Ljava/lang/Class;' @64  null (0x00000000)
 - private volatile transient 'reflectionData' 'Ljava/lang/ref/SoftReference;' @68  null (0x00000000)
 - private volatile transient 'genericInfo' 'Lsun/reflect/generics/repository/ClassRepository;' @72  null (0x00000000)
 - private volatile transient 'enumConstants' '[Ljava/lang/Object;' @76  null (0x00000000)
 - private volatile transient 'enumConstantDirectory' 'Ljava/util/Map;' @80  null (0x00000000)
 - private volatile transient 'annotationData' 'Ljava/lang/Class$AnnotationData;' @84  null (0x00000000)
 - private volatile transient 'annotationType' 'Lsun/reflect/annotation/AnnotationType;' @88  null (0x00000000)
 - transient 'classValueMap' 'Ljava/lang/ClassValue$ClassValueMap;' @92  null (0x00000000)
 - injected 'protection_domain' 'Ljava/lang/Object;' @96  a 'java/security/ProtectionDomain'{0x0000000740c48e98} (0xe81891d3)
 - injected 'signers_name' 'Ljava/lang/Object;' @100  null (0x00000000)
 - injected 'source_file' 'Ljava/lang/Object;' @104  null (0x00000000)
 - injected '<init_lock>' 'Ljava/lang/Object;' @108  null (0x00000000)
 - signature: Lorg/lwjgl/system/jni/JNINativeInterface;
 - ---- static fields (0):
 - public static final 'JNI_VERSION_1_1' 'I' @112  65537 (0x00010001)
 - public static final 'JNI_VERSION_1_2' 'I' @116  65538 (0x00010002)
 - public static final 'JNI_VERSION_1_4' 'I' @120  65540 (0x00010004)
 - public static final 'JNI_VERSION_1_6' 'I' @124  65542 (0x00010006)
 - public static final 'JNI_VERSION_1_8' 'I' @128  65544 (0x00010008)
 - public static final 'JNI_VERSION_9' 'I' @132  589824 (0x00090000)
 - public static final 'JNI_VERSION_10' 'I' @136  655360 (0x000a0000)
 - public static final 'JNI_VERSION_19' 'I' @140  1245184 (0x00130000)
 - public static final 'JNI_VERSION_20' 'I' @144  1310720 (0x00140000)
 - public static final 'JNI_VERSION_21' 'I' @148  1376256 (0x00150000)
 - public static final 'JNI_VERSION_24' 'I' @152  1572864 (0x00180000)
 - public static final 'JNIInvalidRefType' 'I' @156  0 (0x00000000)
 - public static final 'JNILocalRefType' 'I' @160  1 (0x00000001)
 - public static final 'JNIGlobalRefType' 'I' @164  2 (0x00000002)
 - public static final 'JNIWeakGlobalRefType' 'I' @168  3 (0x00000003)
 - public static final 'JNI_FALSE' 'I' @172  0 (0x00000000)
 - public static final 'JNI_TRUE' 'I' @176  1 (0x00000001)
 - public static final 'JNI_OK' 'I' @180  0 (0x00000000)
 - public static final 'JNI_ERR' 'I' @184  -1 (0xffffffff)
 - public static final 'JNI_EDETACHED' 'I' @188  -2 (0xfffffffe)
 - public static final 'JNI_EVERSION' 'I' @192  -3 (0xfffffffd)
 - public static final 'JNI_ENOMEM' 'I' @196  -4 (0xfffffffc)
 - public static final 'JNI_EEXIST' 'I' @200  -5 (0xfffffffb)
 - public static final 'JNI_EINVAL' 'I' @204  -6 (0xfffffffa)
 - public static final 'JNI_COMMIT' 'I' @208  1 (0x00000001)
 - public static final 'JNI_ABORT' 'I' @212  2 (0x00000002)
R12=0x0 is null
R13={method} {0x0000020be647ef88} 'nDeleteGlobalRef' '(J)V' in 'org/lwjgl/system/jni/JNINativeInterface'
R14=0x000000a5d6efeec8 is pointing into the stack for thread: 0x0000020bc736d000
R15=0x0000020bc736d000 is a thread

Top of Stack: (sp=0x000000a5d6efed90)
0x000000a5d6efed90:   0000000000000000 0000000740c219d0
0x000000a5d6efeda0:   0000020be64f0888 0000000000000000
0x000000a5d6efedb0:   0000000000000040 00007ffed9e1ba9d
0x000000a5d6efedc0:   000000000000003e 0000000000000000
0x000000a5d6efedd0:   0000020bf03d0010 0000000000000000
0x000000a5d6efede0:   0000020bc736d000 00007ffed9dfad01
0x000000a5d6efedf0:   000000a5d6efedf0 0000020be64f0fee
0x000000a5d6efee00:   0000000000000003 0000020be64f1c68
0x000000a5d6efee10:   0000000000002c37 0000020bd6d3ce4b
0x000000a5d6efee20:   0000020be647ef80 0000000000000000
0x000000a5d6efee30:   000000a5d6efee48 000000a5d6efeea0
0x000000a5d6efee40:   0000020bd6d389d2 0000020bf03d0010
0x000000a5d6efee50:   000000a5d6efeeb8 000000a5d6efee58
0x000000a5d6efee60:   0000000000000000 0000000000000005
0x000000a5d6efee70:   0000020be6482000 0000000000000000
0x000000a5d6efee80:   0000000740c06860 0000020be647ef80
0x000000a5d6efee90:   0000000000000000 000000a5d6efeec0
0x000000a5d6efeea0:   000000a5d6efef18 0000020bd6d38860
0x000000a5d6efeeb0:   0000000740c06860 0000020bd6d3a3d7
0x000000a5d6efeec0:   0000000000000040 0000000000000000
0x000000a5d6efeed0:   000000a5d6efeed0 0000020be647f02c
0x000000a5d6efeee0:   0000000000000003 0000020be6482000
0x000000a5d6efeef0:   0000000000000000 0000000740c06860
0x000000a5d6efef00:   0000020be647f050 000000a5d6efeec0
0x000000a5d6efef10:   000000a5d6efef28 000000a5d6efef80
0x000000a5d6efef20:   0000020bd6d38860 0000000000000040
0x000000a5d6efef30:   0000000000000000 000000a5d6efef38
0x000000a5d6efef40:   0000020be64e82b9 0000000000000004
0x000000a5d6efef50:   0000020be64ee1d8 0000000000000000
0x000000a5d6efef60:   0000000740c102f8 0000020be64e82e8
0x000000a5d6efef70:   000000a5d6efef28 000000a5d6efef98
0x000000a5d6efef80:   000000a5d6efeff0 0000020bd6d38860 

Instructions: (pc=0x00007ffed9b872e5)
0x00007ffed9b871e5:   85 a5 00 00 00 41 8b cc e8 4e 02 00 00 48 85 c0
0x00007ffed9b871f5:   75 54 4c 8b cd 48 8d 8c 24 90 00 00 00 4c 8b c7
0x00007ffed9b87205:   48 8b d6 e8 03 f9 ff ff 48 39 5d 08 75 7c 48 8b
0x00007ffed9b87215:   84 24 90 00 00 00 48 8b fb 48 85 c0 74 03 48 8b
0x00007ffed9b87225:   38 48 8b 0d d3 02 a4 00 48 85 c9 75 05 48 8b c3
0x00007ffed9b87235:   eb 06 ff 15 e3 cd 9d 00 4c 8b c7 41 8b d4 48 8b
0x00007ffed9b87245:   c8 e8 35 60 4d 00 41 8b cc e8 ed 01 00 00 48 8b
0x00007ffed9b87255:   f8 48 85 c0 74 34 48 8b 8d 20 03 00 00 48 8b 59
0x00007ffed9b87265:   18 48 8b 41 20 48 2b c3 48 83 f8 08 72 0a 48 8d
0x00007ffed9b87275:   43 08 48 89 41 18 eb 0f 45 33 c0 41 8d 50 08 e8
0x00007ffed9b87285:   d7 dd ee ff 48 8b d8 48 89 3b 48 8b ac 24 88 00
0x00007ffed9b87295:   00 00 49 8b c6 48 8b bc 24 98 00 00 00 49 89 1e
0x00007ffed9b872a5:   48 8b 9c 24 80 00 00 00 48 83 c4 50 41 5f 41 5e
0x00007ffed9b872b5:   41 5d 41 5c 5e c3 cc cc cc cc cc 48 89 11 c3 cc
0x00007ffed9b872c5:   cc cc cc cc cc cc cc cc cc cc cc 48 89 5c 24 08
0x00007ffed9b872d5:   57 48 83 ec 20 48 8b fa 48 8b d9 e8 cb f0 ff ff
0x00007ffed9b872e5:   48 89 3b 48 8b 5c 24 30 48 83 c4 20 5f c3 cc cc
0x00007ffed9b872f5:   cc cc cc cc cc cc cc cc cc cc cc 48 89 5c 24 08
0x00007ffed9b87305:   57 48 83 ec 20 48 8b f9 48 8b da 48 8b 09 48 85
0x00007ffed9b87315:   0d 8e 3e a9 00 74 0d e8 9f 45 e3 ff 48 8b c8 e8
0x00007ffed9b87325:   e7 c4 6d 00 48 8b 05 70 3e a9 00 48 8d 0d f9 31
0x00007ffed9b87335:   7d 00 48 c1 e8 0c 83 e0 0f 8b 0c 81 48 d3 e3 48
0x00007ffed9b87345:   0b 1d 55 3e a9 00 48 89 1f 48 8b 5c 24 30 48 83
0x00007ffed9b87355:   c4 20 5f c3 cc cc cc cc cc cc cc 40 53 48 83 ec
0x00007ffed9b87365:   20 48 63 d9 48 8b 0d a0 01 a4 00 48 85 c9 75 05
0x00007ffed9b87375:   45 33 c0 eb 09 ff 15 a0 cc 9d 00 4c 8b c0 80 3d
0x00007ffed9b87385:   03 e2 a4 00 00 ba 18 00 00 00 8d 42 f8 74 1d 80
0x00007ffed9b87395:   3d ff 71 9e 00 00 49 8b c8 0f 45 d0 48 8d 14 9a
0x00007ffed9b873a5:   48 83 c4 20 5b 48 ff 25 4f 51 9e 00 80 3d e2 71
0x00007ffed9b873b5:   9e 00 00 49 8b c8 48 0f 45 d0 48 8d 14 da 48 83
0x00007ffed9b873c5:   c4 20 5b 48 ff 25 31 51 9e 00 cc 40 53 48 83 ec
0x00007ffed9b873d5:   20 48 63 d9 48 8b 0d 28 01 a4 00 48 85 c9 75 05 


Stack slot to memory mapping:

stack at sp + 0 slots: 0x0 is null
stack at sp + 1 slots: 0x0000000740c219d0 is an oop: java.lang.Class 
{0x0000000740c219d0} - klass: 'java/lang/Class'
 - ---- fields (total size 17 words):
 - private volatile transient 'classRedefinedCount' 'I' @12  0 (0x00000000)
 - injected 'klass' 'J' @16  2248432252960 (0x0000020b81017820)
 - injected 'array_klass' 'J' @24  0 (0x0000000000000000)
 - injected 'oop_size' 'I' @32  17 (0x00000011)
 - injected 'static_oop_field_count' 'I' @36  0 (0x00000000)
 - private volatile transient 'cachedConstructor' 'Ljava/lang/reflect/Constructor;' @40  null (0x00000000)
 - private transient 'name' 'Ljava/lang/String;' @44  "org.lwjgl.system.libffi.FFIClosure"{0x0000000740c21a58} (0xe818434b)
 - private transient 'module' 'Ljava/lang/Module;' @48  a 'java/lang/Module'{0x0000000740d9ab28} (0xe81b3565)
 - private final 'classLoader' 'Ljava/lang/ClassLoader;' @52  a 'jdk/internal/loader/ClassLoaders$AppClassLoader'{0x0000000740d9a968} (0xe81b352d)
 - private transient 'classData' 'Ljava/lang/Object;' @56  null (0x00000000)
 - private transient 'packageName' 'Ljava/lang/String;' @60  "org.lwjgl.system.libffi"{0x0000000740c218c8} (0xe8184319)
 - private final 'componentType' 'Ljava/lang/Class;' @64  null (0x00000000)
 - private volatile transient 'reflectionData' 'Ljava/lang/ref/SoftReference;' @68  null (0x00000000)
 - private volatile transient 'genericInfo' 'Lsun/reflect/generics/repository/ClassRepository;' @72  null (0x00000000)
 - private volatile transient 'enumConstants' '[Ljava/lang/Object;' @76  null (0x00000000)
 - private volatile transient 'enumConstantDirectory' 'Ljava/util/Map;' @80  null (0x00000000)
 - private volatile transient 'annotationData' 'Ljava/lang/Class$AnnotationData;' @84  null (0x00000000)
 - private volatile transient 'annotationType' 'Lsun/reflect/annotation/AnnotationType;' @88  null (0x00000000)
 - transient 'classValueMap' 'Ljava/lang/ClassValue$ClassValueMap;' @92  null (0x00000000)
 - injected 'protection_domain' 'Ljava/lang/Object;' @96  a 'java/security/ProtectionDomain'{0x0000000740c48e98} (0xe81891d3)
 - injected 'signers_name' 'Ljava/lang/Object;' @100  null (0x00000000)
 - injected 'source_file' 'Ljava/lang/Object;' @104  null (0x00000000)
 - injected '<init_lock>' 'Ljava/lang/Object;' @108  null (0x00000000)
 - signature: Lorg/lwjgl/system/libffi/FFIClosure;
 - ---- static fields (0):
 - public static final 'SIZEOF' 'I' @112  56 (0x00000038)
 - public static final 'ALIGNOF' 'I' @116  8 (0x00000008)
 - public static final 'CIF' 'I' @120  32 (0x00000020)
 - public static final 'FUN' 'I' @124  40 (0x00000028)
 - public static final 'USER_DATA' 'I' @128  48 (0x00000030)
stack at sp + 2 slots: {method} {0x0000020be64f0890} '<init>' '(JLjava/nio/ByteBuffer;)V' in 'org/lwjgl/system/libffi/FFIClosure'
stack at sp + 3 slots: 0x0 is null
stack at sp + 4 slots: 0x0000000000000040 is an unknown value
stack at sp + 5 slots: 0x00007ffed9e1ba9d jvm.dll
stack at sp + 6 slots: 0x000000000000003e is an unknown value
stack at sp + 7 slots: 0x0 is null

native method entry point (kind = native)  [0x0000020bd6d3ca20, 0x0000020bd6d3d548]  2856 bytes
[MachCode]
  0x0000020bd6d3ca20: 488b 4b08 | 0fb7 492e | 584c 8d74 | ccf8 6800 | 0000 0068 | 0000 0000 | 5055 488b | ec41 5568 
  0x0000020bd6d3ca40: 0000 0000 | 4c8b 6b08 | 4d8d 6d38 | 5348 8b53 | 0848 8b52 | 0848 8b52 | 1848 8b52 | 7048 8b12 
  0x0000020bd6d3ca60: 5248 8b53 | 1048 85d2 | 0f84 0700 | 0000 4881 | c208 0100 | 0052 488b | 5308 488b | 5208 488b 
  0x0000020bd6d3ca80: 5210 5249 | 8bc6 482b | c548 c1e8 | 0350 6800 | 0000 0068 | 0000 0000 | 4889 2424 | 41c6 8771 
  0x0000020bd6d3caa0: 0400 0001 | 488b 4310 | 4885 c074 | 208b 88cc | 0000 0083 | c102 8988 | cc00 0000 | 2388 e000 
  0x0000020bd6d3cac0: 0000 0f84 | cb09 0000 | e9cf 0000 | 0048 8b43 | 1848 85c0 | 0f85 b000 | 0000 e805 | 0000 00e9 
  0x0000020bd6d3cae0: 9900 0000 | 488b d348 | 8d44 2408 | 4c89 6dc0 | 498b cfc5 | f877 4989 | afa8 0300 | 0049 8987 
  0x0000020bd6d3cb00: 9803 0000 | 4883 ec20 | 40f6 c40f | 0f84 1900 | 0000 4883 | ec08 48b8 | 7034 d8d9 | fe7f 0000 
  0x0000020bd6d3cb20: ffd0 4883 | c408 e90c | 0000 0048 | b870 34d8 | d9fe 7f00 | 00ff d048 | 83c4 2049 | c787 9803 
  0x0000020bd6d3cb40: 0000 0000 | 0000 49c7 | 87a8 0300 | 0000 0000 | 0049 c787 | a003 0000 | 0000 0000 | c5f8 7749 
  0x0000020bd6d3cb60: 837f 0800 | 0f84 0500 | 0000 e991 | 43ff ff4c | 8b6d c04c | 8b75 c84e | 8d74 f500 | c348 8b43 
  0x0000020bd6d3cb80: 1848 85c0 | 0f84 1200 | 0000 8b48 | 0883 c102 | 8948 0823 | 481c 0f84 | f708 0000 | 493b a7e0 
  0x0000020bd6d3cba0: 0400 000f | 8748 0000 | 0089 8424 | 00f0 ffff | 8984 2400 | e0ff ff89 | 8424 00d0 | ffff 8984 
  0x0000020bd6d3cbc0: 2400 c0ff | ff89 8424 | 00b0 ffff | 8984 2400 | a0ff ff89 | 8424 0090 | ffff 8984 | 2400 80ff 
  0x0000020bd6d3cbe0: ff49 3ba7 | d804 0000 | 7607 4989 | a7e0 0400 | 0041 c687 | 7104 0000 | 0049 bae0 | 575d dafe 
  0x0000020bd6d3cc00: 7f00 0041 | 803a 000f | 843e 0000 | 0048 8b55 | e849 8bcf | 4883 ec20 | 40f6 c40f | 0f84 1900 
  0x0000020bd6d3cc20: 0000 4883 | ec08 48b8 | 8005 0eda | fe7f 0000 | ffd0 4883 | c408 e90c | 0000 0048 | b880 050e 
  0x0000020bd6d3cc40: dafe 7f00 | 00ff d048 | 83c4 2048 | 8b5d e84c | 8b5b 0845 | 0fb7 5b2e | 41c1 e303 | 492b e348 
  0x0000020bd6d3cc60: 83ec 2048 | 83e4 f04c | 8b5b 604d | 85db 0f85 | ab00 0000 | e805 0000 | 00e9 9900 | 0000 488b 
  0x0000020bd6d3cc80: d348 8d44 | 2408 4c89 | 6dc0 498b | cfc5 f877 | 4989 afa8 | 0300 0049 | 8987 9803 | 0000 4883 
  0x0000020bd6d3cca0: ec20 40f6 | c40f 0f84 | 1900 0000 | 4883 ec08 | 48b8 805b | d8d9 fe7f | 0000 ffd0 | 4883 c408 
  0x0000020bd6d3ccc0: e90c 0000 | 0048 b880 | 5bd8 d9fe | 7f00 00ff | d048 83c4 | 2049 c787 | 9803 0000 | 0000 0000 
  0x0000020bd6d3cce0: 49c7 87a8 | 0300 0000 | 0000 0049 | c787 a003 | 0000 0000 | 0000 c5f8 | 7749 837f | 0800 0f84 
  0x0000020bd6d3cd00: 0500 0000 | e9f7 41ff | ff4c 8b6d | c04c 8b75 | c84e 8d74 | f500 c348 | 8b5d e84c | 8b5b 6041 
  0x0000020bd6d3cd20: ffd3 488b | 5de8 4889 | 4518 448b | 5b28 41f6 | c308 0f84 | 1b00 0000 | 4c8b 5b08 | 4d8b 5b08 
  0x0000020bd6d3cd40: 4d8b 5b18 | 4d8b 5b70 | 4d8b 1b4c | 895d 1048 | 8d55 1048 | 8b43 5849 | bae0 5b0e | dafe 7f00 
  0x0000020bd6d3cd60: 0049 3bc2 | 0f85 ab00 | 0000 e805 | 0000 00e9 | 9900 0000 | 488b d348 | 8d44 2408 | 4c89 6dc0 
  0x0000020bd6d3cd80: 498b cfc5 | f877 4989 | afa8 0300 | 0049 8987 | 9803 0000 | 4883 ec20 | 40f6 c40f | 0f84 1900 
  0x0000020bd6d3cda0: 0000 4883 | ec08 48b8 | 805b d8d9 | fe7f 0000 | ffd0 4883 | c408 e90c | 0000 0048 | b880 5bd8 
  0x0000020bd6d3cdc0: d9fe 7f00 | 00ff d048 | 83c4 2049 | c787 9803 | 0000 0000 | 0000 49c7 | 87a8 0300 | 0000 0000 
  0x0000020bd6d3cde0: 0049 c787 | a003 0000 | 0000 0000 | c5f8 7749 | 837f 0800 | 0f84 0500 | 0000 e901 | 41ff ff4c 
  0x0000020bd6d3ce00: 8b6d c04c | 8b75 c84e | 8d74 f500 | c348 8b5d | e848 8b43 | 5849 8d8f | b803 0000 | c5f8 7749 
  0x0000020bd6d3ce20: 89af a803 | 0000 49ba | 1cce d3d6 | 0b02 0000 | 4d89 97a0 | 0300 0049 | 89a7 9803 | 0000 41c7 
  0x0000020bd6d3ce40: 8744 0400 | 0004 0000 | 00ff d0c5 | f877 4883 | ec10 c5fb | 1104 2448 | 83ec 1048 | 8904 2448 
  0x0000020bd6d3ce60: c744 2408 | 0000 0000 | 41c7 8744 | 0400 0005 | 0000 00f0 | 8344 24c0 | 0049 3baf | 4804 0000 
  0x0000020bd6d3ce80: 0f87 0e00 | 0000 4183 | bf40 0400 | 0000 0f84 | 2000 0000 | 498b cf4c | 8be4 4883 | ec20 4883 
  0x0000020bd6d3cea0: e4f0 48b8 | f0b2 d9d9 | fe7f 0000 | ffd0 498b | e44d 33e4 | 41c7 8744 | 0400 0008 | 0000 0049 
  0x0000020bd6d3cec0: c787 9803 | 0000 0000 | 0000 49c7 | 87a8 0300 | 0000 0000 | 0049 c787 | a003 0000 | 0000 0000 
  0x0000020bd6d3cee0: c5f8 774d | 8b9f 2804 | 0000 41c7 | 8300 0100 | 0000 0000 | 0049 bbda | a3d3 d60b | 0200 004c 
  0x0000020bd6d3cf00: 3b5d 180f | 8524 0200 | 0048 8b04 | 2448 83c4 | 1048 85c0 | 0f84 fe01 | 0000 a803 | 0f85 0800 
  0x0000020bd6d3cf20: 0000 488b | 00e9 ee01 | 0000 a801 | 0f85 0900 | 0000 488b | 40fe e9dd | 0100 0048 | 8b40 ff41 
  0x0000020bd6d3cf40: 807f 4000 | 0f84 ce01 | 0000 4883 | f800 0f84 | c401 0000 | 4d8b 5f28 | 4983 fb00 | 0f84 1400 
  0x0000020bd6d3cf60: 0000 4983 | eb08 4d89 | 5f28 4d03 | 5f38 4989 | 03e9 a201 | 0000 4881 | ecd0 0000 | 0048 8904 
  0x0000020bd6d3cf80: 2448 894c | 2408 4889 | 5424 1048 | 8974 2418 | 4889 7c24 | 204c 8944 | 2428 4c89 | 4c24 304c 
  0x0000020bd6d3cfa0: 8954 2438 | 4c89 5c24 | 40c5 fb11 | 4424 50c5 | fb11 4c24 | 58c5 fb11 | 5424 60c5 | fb11 5c24 
  0x0000020bd6d3cfc0: 68c5 fb11 | 6424 70c5 | fb11 6c24 | 78c5 fb11 | b424 8000 | 0000 c5fb | 11bc 2488 | 0000 00c5 
  0x0000020bd6d3cfe0: 7b11 8424 | 9000 0000 | c57b 118c | 2498 0000 | 00c5 7b11 | 9424 a000 | 0000 c57b | 119c 24a8 
  0x0000020bd6d3d000: 0000 00c5 | 7b11 a424 | b000 0000 | c57b 11ac | 24b8 0000 | 00c5 7b11 | b424 c000 | 0000 c57b 
  0x0000020bd6d3d020: 11bc 24c8 | 0000 0049 | 8bd7 488b | c848 83ec | 2040 f6c4 | 0f0f 8419 | 0000 0048 | 83ec 0848 
  0x0000020bd6d3d040: b890 f1cc | d9fe 7f00 | 00ff d048 | 83c4 08e9 | 0c00 0000 | 48b8 90f1 | ccd9 fe7f | 0000 ffd0 
  0x0000020bd6d3d060: 4883 c420 | c57b 10bc | 24c8 0000 | 00c5 7b10 | b424 c000 | 0000 c57b | 10ac 24b8 | 0000 00c5 
  0x0000020bd6d3d080: 7b10 a424 | b000 0000 | c57b 109c | 24a8 0000 | 00c5 7b10 | 9424 a000 | 0000 c57b | 108c 2498 
  0x0000020bd6d3d0a0: 0000 00c5 | 7b10 8424 | 9000 0000 | c5fb 10bc | 2488 0000 | 00c5 fb10 | b424 8000 | 0000 c5fb 
  0x0000020bd6d3d0c0: 106c 2478 | c5fb 1064 | 2470 c5fb | 105c 2468 | c5fb 1054 | 2460 c5fb | 104c 2458 | c5fb 1044 
  0x0000020bd6d3d0e0: 2450 4c8b | 5c24 404c | 8b54 2438 | 4c8b 4c24 | 304c 8b44 | 2428 488b | 7c24 2048 | 8b74 2418 
  0x0000020bd6d3d100: 488b 5424 | 1048 8b4c | 2408 488b | 0424 4881 | c4d0 0000 | 00c5 f877 | 4889 4510 | 4883 ec10 
  0x0000020bd6d3d120: 4889 0424 | 48c7 4424 | 0800 0000 | 0041 83bf | c004 0000 | 020f 85bf | 0000 0048 | 81ec 8000 
  0x0000020bd6d3d140: 0000 4889 | 4424 7848 | 894c 2470 | 4889 5424 | 6848 895c | 2460 4889 | 6c24 5048 | 8974 2448 
  0x0000020bd6d3d160: 4889 7c24 | 404c 8944 | 2438 4c89 | 4c24 304c | 8954 2428 | 4c89 5c24 | 204c 8964 | 2418 4c89 
  0x0000020bd6d3d180: 6c24 104c | 8974 2408 | 4c89 3c24 | 4c8b e448 | 83ec 2048 | 83e4 f048 | b870 3d0e | dafe 7f00 
  0x0000020bd6d3d1a0: 00ff d049 | 8be4 4c8b | 3c24 4c8b | 7424 084c | 8b6c 2410 | 4c8b 6424 | 184c 8b5c | 2420 4c8b 
  0x0000020bd6d3d1c0: 5424 284c | 8b4c 2430 | 4c8b 4424 | 3848 8b7c | 2440 488b | 7424 4848 | 8b6c 2450 | 488b 5c24 
  0x0000020bd6d3d1e0: 6048 8b54 | 2468 488b | 4c24 7048 | 8b44 2478 | 4881 c480 | 0000 004d | 33e4 488b | 5de8 4c8b 
  0x0000020bd6d3d200: 6b08 4d8d | 6d38 4983 | 7f08 000f | 84bb 0000 | 00e8 0500 | 0000 e996 | 0000 0048 | 8d44 2408 
  0x0000020bd6d3d220: 4c89 6dc0 | 498b cfc5 | f877 4989 | afa8 0300 | 0049 8987 | 9803 0000 | 4883 ec20 | 40f6 c40f 
  0x0000020bd6d3d240: 0f84 1900 | 0000 4883 | ec08 48b8 | 2079 d8d9 | fe7f 0000 | ffd0 4883 | c408 e90c | 0000 0048 
  0x0000020bd6d3d260: b820 79d8 | d9fe 7f00 | 00ff d048 | 83c4 2049 | c787 9803 | 0000 0000 | 0000 49c7 | 87a8 0300 
  0x0000020bd6d3d280: 0000 0000 | 0049 c787 | a003 0000 | 0000 0000 | c5f8 7749 | 837f 0800 | 0f84 0500 | 0000 e95d 
  0x0000020bd6d3d2a0: 3cff ff4c | 8b6d c04c | 8b75 c84e | 8d74 f500 | c348 b9a0 | 4635 dafe | 7f00 0048 | 83e4 f048 
  0x0000020bd6d3d2c0: b8b0 28fd | d9fe 7f00 | 00ff d0f4 | 448b 5b28 | 41f6 c320 | 0f84 4401 | 0000 488d | 55a8 4c8b 
  0x0000020bd6d3d2e0: 5a08 4d85 | db0f 85bb | 0000 00e8 | 0500 0000 | e996 0000 | 0048 8d44 | 2408 4c89 | 6dc0 498b 
  0x0000020bd6d3d300: cfc5 f877 | 4989 afa8 | 0300 0049 | 8987 9803 | 0000 4883 | ec20 40f6 | c40f 0f84 | 1900 0000 
  0x0000020bd6d3d320: 4883 ec08 | 48b8 5078 | d8d9 fe7f | 0000 ffd0 | 4883 c408 | e90c 0000 | 0048 b850 | 78d8 d9fe 
  0x0000020bd6d3d340: 7f00 00ff | d048 83c4 | 2049 c787 | 9803 0000 | 0000 0000 | 49c7 87a8 | 0300 0000 | 0000 0049 
  0x0000020bd6d3d360: c787 a003 | 0000 0000 | 0000 c5f8 | 7749 837f | 0800 0f84 | 0500 0000 | e983 3bff | ff4c 8b6d 
  0x0000020bd6d3d380: c04c 8b75 | c84e 8d74 | f500 c348 | b9a0 4635 | dafe 7f00 | 0048 83e4 | f048 b8b0 | 28fd d9fe 
  0x0000020bd6d3d3a0: 7f00 00ff | d0f4 4c89 | 6dc0 488d | 024c 8b4a | 0848 c742 | 0800 0000 | 004c 8b00 | 4d85 c00f 
  0x0000020bd6d3d3c0: 840b 0000 | 00f0 4d0f | b101 0f85 | 0c00 0000 | 49ff 8f48 | 0500 00e9 | 3e00 0000 | 4c89 4a08 
  0x0000020bd6d3d3e0: 488b ca48 | 83ec 2040 | f6c4 0f0f | 8419 0000 | 0048 83ec | 0848 b870 | 4bd8 d9fe | 7f00 00ff 
  0x0000020bd6d3d400: d048 83c4 | 08e9 0c00 | 0000 48b8 | 704b d8d9 | fe7f 0000 | ffd0 4883 | c420 4c8b | 6dc0 49ba 
  0x0000020bd6d3d420: e057 5dda | fe7f 0000 | 4180 3a00 | 0f84 3e00 | 0000 488b | 55e8 498b | cf48 83ec | 2040 f6c4 
  0x0000020bd6d3d440: 0f0f 8419 | 0000 0048 | 83ec 0848 | b880 050e | dafe 7f00 | 00ff d048 | 83c4 08e9 | 0c00 0000 
  0x0000020bd6d3d460: 48b8 8005 | 0eda fe7f | 0000 ffd0 | 4883 c420 | 488b 0424 | 4883 c410 | c5fb 1004 | 2448 83c4 
  0x0000020bd6d3d480: 104c 8b5d | 1841 ffd3 | 4c8b 5df8 | c95f 498b | e3ff e7ba | 0000 0000 | e805 0000 | 00e9 9600 
  0x0000020bd6d3d4a0: 0000 488d | 4424 084c | 896d c049 | 8bcf c5f8 | 7749 89af | a803 0000 | 4989 8798 | 0300 0048 
  0x0000020bd6d3d4c0: 83ec 2040 | f6c4 0f0f | 8419 0000 | 0048 83ec | 0848 b830 | 3fd8 d9fe | 7f00 00ff | d048 83c4 
  0x0000020bd6d3d4e0: 08e9 0c00 | 0000 48b8 | 303f d8d9 | fe7f 0000 | ffd0 4883 | c420 49c7 | 8798 0300 | 0000 0000 
  0x0000020bd6d3d500: 0049 c787 | a803 0000 | 0000 0000 | 49c7 87a0 | 0300 0000 | 0000 00c5 | f877 4983 | 7f08 000f 
  0x0000020bd6d3d520: 8405 0000 | 00e9 d639 | ffff 4c8b | 6dc0 4c8b | 75c8 4e8d | 74f5 00c3 | 488b 5de8 | e95b f6ff 
  0x0000020bd6d3d540: ff0f 1f80 | 0000 0000 
[/MachCode]

---------------  P R O C E S S  ---------------

Threads class SMR info:
_java_thread_list=0x0000020be53cadc0, length=13, elements={
0x0000020bc736d000, 0x0000020be50f1eb0, 0x0000020be50f4280, 0x0000020be50f84f0,
0x0000020be50fb5d0, 0x0000020be5106040, 0x0000020be512c3c0, 0x0000020be512d140,
0x0000020be512fbe0, 0x0000020be52fdbe0, 0x0000020be56a32c0, 0x0000020be56a3920,
0x0000020be5d24700
}

Java Threads: ( => current thread )
=>0x0000020bc736d000 JavaThread "main"                              [_thread_in_vm, id=16272, stack(0x000000a5d6e00000,0x000000a5d6f00000) (1024K)]
  0x0000020be50f1eb0 JavaThread "Reference Handler"          daemon [_thread_blocked, id=16276, stack(0x000000a5d7600000,0x000000a5d7700000) (1024K)]
  0x0000020be50f4280 JavaThread "Finalizer"                  daemon [_thread_blocked, id=8500, stack(0x000000a5d7700000,0x000000a5d7800000) (1024K)]
  0x0000020be50f84f0 JavaThread "Signal Dispatcher"          daemon [_thread_blocked, id=1488, stack(0x000000a5d7800000,0x000000a5d7900000) (1024K)]
  0x0000020be50fb5d0 JavaThread "Attach Listener"            daemon [_thread_blocked, id=6728, stack(0x000000a5d7900000,0x000000a5d7a00000) (1024K)]
  0x0000020be5106040 JavaThread "Service Thread"             daemon [_thread_blocked, id=7084, stack(0x000000a5d7a00000,0x000000a5d7b00000) (1024K)]
  0x0000020be512c3c0 JavaThread "Monitor Deflation Thread"   daemon [_thread_blocked, id=6768, stack(0x000000a5d7b00000,0x000000a5d7c00000) (1024K)]
  0x0000020be512d140 JavaThread "C2 CompilerThread0"         daemon [_thread_blocked, id=7460, stack(0x000000a5d7c00000,0x000000a5d7d00000) (1024K)]
  0x0000020be512fbe0 JavaThread "C1 CompilerThread0"         daemon [_thread_blocked, id=5756, stack(0x000000a5d7d00000,0x000000a5d7e00000) (1024K)]
  0x0000020be52fdbe0 JavaThread "Common-Cleaner"             daemon [_thread_blocked, id=11312, stack(0x000000a5d7e00000,0x000000a5d7f00000) (1024K)]
  0x0000020be56a32c0 JavaThread "Monitor Ctrl-Break"         daemon [_thread_in_native, id=7540, stack(0x000000a5d7f00000,0x000000a5d8000000) (1024K)]
  0x0000020be56a3920 JavaThread "Notification Thread"        daemon [_thread_blocked, id=2556, stack(0x000000a5d8000000,0x000000a5d8100000) (1024K)]
  0x0000020be5d24700 JavaThread "Java2D Disposer"            daemon [_thread_blocked, id=15196, stack(0x000000a5d9100000,0x000000a5d9200000) (1024K)]
Total: 13

Other Threads:
  0x0000020be50db840 VMThread "VM Thread"                           [id=10276, stack(0x000000a5d7500000,0x000000a5d7600000) (1024K)]
  0x0000020be50c8230 WatcherThread "VM Periodic Task Thread"        [id=17068, stack(0x000000a5d7400000,0x000000a5d7500000) (1024K)]
  0x0000020bc73c2c60 WorkerThread "GC Thread#0"                     [id=8888, stack(0x000000a5d6f00000,0x000000a5d7000000) (1024K)]
  0x0000020bf067a7e0 WorkerThread "GC Thread#1"                     [id=8764, stack(0x000000a5d8b00000,0x000000a5d8c00000) (1024K)]
  0x0000020bf0683650 WorkerThread "GC Thread#2"                     [id=18288, stack(0x000000a5d8c00000,0x000000a5d8d00000) (1024K)]
  0x0000020bf06839f0 WorkerThread "GC Thread#3"                     [id=4996, stack(0x000000a5d8d00000,0x000000a5d8e00000) (1024K)]
  0x0000020bf06a15a0 WorkerThread "GC Thread#4"                     [id=15684, stack(0x000000a5d8e00000,0x000000a5d8f00000) (1024K)]
  0x0000020bf06842c0 WorkerThread "GC Thread#5"                     [id=1220, stack(0x000000a5d8f00000,0x000000a5d9000000) (1024K)]
  0x0000020bf0a1b790 WorkerThread "GC Thread#6"                     [id=14500, stack(0x000000a5d9000000,0x000000a5d9100000) (1024K)]
  0x0000020bf067be00 WorkerThread "GC Thread#7"                     [id=680, stack(0x000000a5d9500000,0x000000a5d9600000) (1024K)]
  0x0000020bc73d0c50 ConcurrentGCThread "G1 Main Marker"            [id=2992, stack(0x000000a5d7000000,0x000000a5d7100000) (1024K)]
  0x0000020bc73d1660 WorkerThread "G1 Conc#0"                       [id=11360, stack(0x000000a5d7100000,0x000000a5d7200000) (1024K)]
  0x0000020bf07cb0c0 WorkerThread "G1 Conc#1"                       [id=6892, stack(0x000000a5d9600000,0x000000a5d9700000) (1024K)]
  0x0000020bc74388e0 ConcurrentGCThread "G1 Refine#0"               [id=8088, stack(0x000000a5d7200000,0x000000a5d7300000) (1024K)]
  0x0000020be4fa24c0 ConcurrentGCThread "G1 Service"                [id=13184, stack(0x000000a5d7300000,0x000000a5d7400000) (1024K)]
Total: 15

Threads with active compile tasks:
Total: 0

VM state: not at safepoint (normal execution)

VM Mutex/Monitor currently owned by a thread: None

Heap address: 0x0000000740c00000, size: 3060 MB, Compressed Oops mode: Zero based, Oop shift amount: 3

CDS archive(s) mapped at: [0x0000020b80000000-0x0000020b80c90000-0x0000020b80c90000), size 13172736, SharedBaseAddress: 0x0000020b80000000, ArchiveRelocationMode: 1.
Compressed class space mapped at: 0x0000020b81000000-0x0000020bc1000000, reserved size: 1073741824
Narrow klass base: 0x0000020b80000000, Narrow klass shift: 0, Narrow klass range: 0x100000000

GC Precious Log:
 CardTable entry size: 512
 Card Set container configuration: InlinePtr #cards 4 size 8 Array Of Cards #cards 16 size 48 Howl #buckets 8 coarsen threshold 3686 Howl Bitmap #cards 512 size 80 coarsen threshold 460 Card regions per heap region 1 cards per card region 4096
 CPUs: 8 total, 8 available
 Memory: 12239M
 Large Page Support: Disabled
 NUMA Support: Disabled
 Compressed Oops: Enabled (Zero based)
 Heap Region Size: 2M
 Heap Min Capacity: 8M
 Heap Initial Capacity: 192M
 Heap Max Capacity: 3060M
 Pre-touch: Disabled
 Parallel Workers: 8
 Concurrent Workers: 2
 Concurrent Refinement Workers: 8
 Periodic GC: Disabled

Heap:
 garbage-first heap   total 20480K, used 4899K [0x0000000740c00000, 0x0000000800000000)
  region size 2048K, 1 young (2048K), 0 survivors (0K)
 Metaspace       used 9739K, committed 9984K, reserved 1114112K
  class space    used 618K, committed 704K, reserved 1048576K

Heap Regions: E=young(eden), S=young(survivor), O=old, HS=humongous(starts), HC=humongous(continues), CS=collection set, F=free, TAMS=top-at-mark-start, PB=parsable bottom
|   0|0x0000000740c00000, 0x0000000740e00000, 0x0000000740e00000|100%| O|  |TAMS 0x0000000740c00000| PB 0x0000000740c00000| Untracked 
|   1|0x0000000740e00000, 0x0000000740fc1848, 0x0000000741000000| 87%| O|  |TAMS 0x0000000740e00000| PB 0x0000000740e00000| Untracked 
|   2|0x0000000741000000, 0x0000000741107650, 0x0000000741200000| 51%| O|  |TAMS 0x0000000741000000| PB 0x0000000741000000| Untracked 
|   3|0x0000000741200000, 0x0000000741200000, 0x0000000741400000|  0%| F|  |TAMS 0x0000000741200000| PB 0x0000000741200000| Untracked 
|   4|0x0000000741400000, 0x0000000741400000, 0x0000000741600000|  0%| F|  |TAMS 0x0000000741400000| PB 0x0000000741400000| Untracked 
|   5|0x0000000741600000, 0x0000000741600000, 0x0000000741800000|  0%| F|  |TAMS 0x0000000741600000| PB 0x0000000741600000| Untracked 
|   6|0x0000000741800000, 0x0000000741800000, 0x0000000741a00000|  0%| F|  |TAMS 0x0000000741800000| PB 0x0000000741800000| Untracked 
|   7|0x0000000741a00000, 0x0000000741a00000, 0x0000000741c00000|  0%| F|  |TAMS 0x0000000741a00000| PB 0x0000000741a00000| Untracked 
|   8|0x0000000741c00000, 0x0000000741c00000, 0x0000000741e00000|  0%| F|  |TAMS 0x0000000741c00000| PB 0x0000000741c00000| Untracked 
|   9|0x0000000741e00000, 0x0000000741e22688, 0x0000000742000000|  6%| E|  |TAMS 0x0000000741e00000| PB 0x0000000741e00000| Complete 

Card table byte_map: [0x0000020bdf130000,0x0000020bdf730000] _byte_map_base: 0x0000020bdb72a000

Marking Bits: (CMBitMap*) 0x0000020bc73c4280
 Bits: [0x0000020bdf730000, 0x0000020be2700000)

Polling page: 0x0000020bc6b40000

Metaspace:

Usage:
  Non-class:      8.91 MB used.
      Class:    618.35 KB used.
       Both:      9.51 MB used.

Virtual space:
  Non-class space:       64.00 MB reserved,       9.06 MB ( 14%) committed,  1 nodes.
      Class space:        1.00 GB reserved,     704.00 KB ( <1%) committed,  1 nodes.
             Both:        1.06 GB reserved,       9.75 MB ( <1%) committed. 

Chunk freelists:
   Non-Class:  6.11 MB
       Class:  15.20 MB
        Both:  21.31 MB

MaxMetaspaceSize: unlimited
CompressedClassSpaceSize: 1.00 GB
Initial GC threshold: 21.00 MB
Current GC threshold: 21.00 MB
CDS: on
 - commit_granule_bytes: 65536.
 - commit_granule_words: 8192.
 - virtual_space_node_default_size: 8388608.
 - enlarge_chunks_in_place: 1.
 - use_allocation_guard: 0.


Internal statistics:

num_allocs_failed_limit: 0.
num_arena_births: 244.
num_arena_deaths: 0.
num_vsnodes_births: 2.
num_vsnodes_deaths: 0.
num_space_committed: 154.
num_space_uncommitted: 0.
num_chunks_returned_to_freelist: 0.
num_chunks_taken_from_freelist: 493.
num_chunk_merges: 0.
num_chunk_splits: 330.
num_chunks_enlarged: 203.
num_inconsistent_stats: 0.

CodeHeap 'non-profiled nmethods': size=120000Kb used=823Kb max_used=824Kb free=119176Kb
 bounds [0x0000020bd72d0000, 0x0000020bd7540000, 0x0000020bde800000]
CodeHeap 'profiled nmethods': size=120000Kb used=2063Kb max_used=2097Kb free=117936Kb
 bounds [0x0000020bcf800000, 0x0000020bcfa70000, 0x0000020bd6d30000]
CodeHeap 'non-nmethods': size=5760Kb used=2284Kb max_used=2323Kb free=3475Kb
 bounds [0x0000020bd6d30000, 0x0000020bd6fa0000, 0x0000020bd72d0000]
 total_blobs=2752 nmethods=1532 adapters=1125
 compilation: enabled
              stopped_count=0, restarted_count=0
 full_count=0

Compilation events (20 events):
Event: 36.702 Thread 0x0000020be512d140 1889       4       java.util.concurrent.locks.LockSupport::setBlocker (12 bytes)
Event: 36.703 Thread 0x0000020be512d140 nmethod 1889 0x0000020bd7360990 code [0x0000020bd7360b20, 0x0000020bd7360c60]
Event: 36.890 Thread 0x0000020be512d140 1890       4       java.util.concurrent.locks.AbstractQueuedSynchronizer$ConditionObject::canReacquire (38 bytes)
Event: 36.891 Thread 0x0000020be512d140 nmethod 1890 0x0000020bd7360690 code [0x0000020bd7360820, 0x0000020bd73608f0]
Event: 37.315 Thread 0x0000020be512d140 1891       4       object.Camera::rot (27 bytes)
Event: 37.317 Thread 0x0000020be512d140 nmethod 1891 0x0000020bd7360110 code [0x0000020bd7360300, 0x0000020bd7360548]
Event: 37.317 Thread 0x0000020be512d140 1892       4       org.joml.Math::cosFromSinInternal (55 bytes)
Event: 37.317 Thread 0x0000020be512d140 nmethod 1892 0x0000020bd735fd10 code [0x0000020bd735fee0, 0x0000020bd735ffc8]
Event: 39.420 Thread 0x0000020be512fbe0 1893       3       java.lang.Class::descriptorString (170 bytes)
Event: 39.422 Thread 0x0000020be512fbe0 nmethod 1893 0x0000020bcfa16090 code [0x0000020bcfa16500, 0x0000020bcfa17c98]
Event: 39.422 Thread 0x0000020be512fbe0 1894       3       java.lang.invoke.MethodHandles$Lookup::isClassAccessible (53 bytes)
Event: 39.422 Thread 0x0000020be512fbe0 nmethod 1894 0x0000020bcf9d6490 code [0x0000020bcf9d66a0, 0x0000020bcf9d6c70]
Event: 39.422 Thread 0x0000020be512fbe0 1897       3       java.lang.invoke.DirectMethodHandle::preparedLambdaForm (244 bytes)
Event: 39.422 Thread 0x0000020be512d140 1899       4       java.nio.Buffer::checkIndex (12 bytes)
Event: 39.423 Thread 0x0000020be512fbe0 nmethod 1897 0x0000020bcf801110 code [0x0000020bcf801400, 0x0000020bcf802380]
Event: 39.423 Thread 0x0000020be512d140 nmethod 1899 0x0000020bd737c890 code [0x0000020bd737ca20, 0x0000020bd737caf0]
Event: 39.423 Thread 0x0000020be512fbe0 1898       1       org.lwjgl.system.MemoryStack::getPointer (5 bytes)
Event: 39.423 Thread 0x0000020be512fbe0 nmethod 1898 0x0000020bd737c590 code [0x0000020bd737c720, 0x0000020bd737c7e8]
Event: 39.423 Thread 0x0000020be512fbe0 1900       3       sun.misc.Unsafe::allocateInstance (8 bytes)
Event: 39.423 Thread 0x0000020be512fbe0 nmethod 1900 0x0000020bcf80d610 code [0x0000020bcf80d7c0, 0x0000020bcf80d908]

GC Heap History (20 events):
Event: 29.960 GC heap before
{Heap before GC invocations=55 (full 42):
 garbage-first heap   total 20480K, used 4899K [0x0000000740c00000, 0x0000000800000000)
  region size 2048K, 1 young (2048K), 0 survivors (0K)
 Metaspace       used 9714K, committed 9920K, reserved 1114112K
  class space    used 614K, committed 704K, reserved 1048576K
}
Event: 29.970 GC heap after
{Heap after GC invocations=56 (full 43):
 garbage-first heap   total 20480K, used 4899K [0x0000000740c00000, 0x0000000800000000)
  region size 2048K, 0 young (0K), 0 survivors (0K)
 Metaspace       used 9714K, committed 9920K, reserved 1114112K
  class space    used 614K, committed 704K, reserved 1048576K
}
Event: 30.959 GC heap before
{Heap before GC invocations=56 (full 43):
 garbage-first heap   total 20480K, used 4899K [0x0000000740c00000, 0x0000000800000000)
  region size 2048K, 1 young (2048K), 0 survivors (0K)
 Metaspace       used 9714K, committed 9920K, reserved 1114112K
  class space    used 614K, committed 704K, reserved 1048576K
}
Event: 30.969 GC heap after
{Heap after GC invocations=57 (full 44):
 garbage-first heap   total 20480K, used 4899K [0x0000000740c00000, 0x0000000800000000)
  region size 2048K, 0 young (0K), 0 survivors (0K)
 Metaspace       used 9714K, committed 9920K, reserved 1114112K
  class space    used 614K, committed 704K, reserved 1048576K
}
Event: 31.958 GC heap before
{Heap before GC invocations=57 (full 44):
 garbage-first heap   total 20480K, used 4899K [0x0000000740c00000, 0x0000000800000000)
  region size 2048K, 1 young (2048K), 0 survivors (0K)
 Metaspace       used 9714K, committed 9920K, reserved 1114112K
  class space    used 614K, committed 704K, reserved 1048576K
}
Event: 31.970 GC heap after
{Heap after GC invocations=58 (full 45):
 garbage-first heap   total 20480K, used 4899K [0x0000000740c00000, 0x0000000800000000)
  region size 2048K, 0 young (0K), 0 survivors (0K)
 Metaspace       used 9714K, committed 9920K, reserved 1114112K
  class space    used 614K, committed 704K, reserved 1048576K
}
Event: 32.958 GC heap before
{Heap before GC invocations=58 (full 45):
 garbage-first heap   total 20480K, used 4899K [0x0000000740c00000, 0x0000000800000000)
  region size 2048K, 1 young (2048K), 0 survivors (0K)
 Metaspace       used 9714K, committed 9920K, reserved 1114112K
  class space    used 614K, committed 704K, reserved 1048576K
}
Event: 32.968 GC heap after
{Heap after GC invocations=59 (full 46):
 garbage-first heap   total 20480K, used 4899K [0x0000000740c00000, 0x0000000800000000)
  region size 2048K, 0 young (0K), 0 survivors (0K)
 Metaspace       used 9714K, committed 9920K, reserved 1114112K
  class space    used 614K, committed 704K, reserved 1048576K
}
Event: 33.957 GC heap before
{Heap before GC invocations=59 (full 46):
 garbage-first heap   total 20480K, used 6947K [0x0000000740c00000, 0x0000000800000000)
  region size 2048K, 2 young (4096K), 0 survivors (0K)
 Metaspace       used 9714K, committed 9920K, reserved 1114112K
  class space    used 614K, committed 704K, reserved 1048576K
}
Event: 33.967 GC heap after
{Heap after GC invocations=60 (full 47):
 garbage-first heap   total 20480K, used 4899K [0x0000000740c00000, 0x0000000800000000)
  region size 2048K, 0 young (0K), 0 survivors (0K)
 Metaspace       used 9714K, committed 9920K, reserved 1114112K
  class space    used 614K, committed 704K, reserved 1048576K
}
Event: 34.957 GC heap before
{Heap before GC invocations=60 (full 47):
 garbage-first heap   total 20480K, used 4899K [0x0000000740c00000, 0x0000000800000000)
  region size 2048K, 1 young (2048K), 0 survivors (0K)
 Metaspace       used 9714K, committed 9920K, reserved 1114112K
  class space    used 614K, committed 704K, reserved 1048576K
}
Event: 34.966 GC heap after
{Heap after GC invocations=61 (full 48):
 garbage-first heap   total 20480K, used 4899K [0x0000000740c00000, 0x0000000800000000)
  region size 2048K, 0 young (0K), 0 survivors (0K)
 Metaspace       used 9714K, committed 9920K, reserved 1114112K
  class space    used 614K, committed 704K, reserved 1048576K
}
Event: 35.956 GC heap before
{Heap before GC invocations=61 (full 48):
 garbage-first heap   total 20480K, used 4899K [0x0000000740c00000, 0x0000000800000000)
  region size 2048K, 1 young (2048K), 0 survivors (0K)
 Metaspace       used 9714K, committed 9920K, reserved 1114112K
  class space    used 614K, committed 704K, reserved 1048576K
}
Event: 35.966 GC heap after
{Heap after GC invocations=62 (full 49):
 garbage-first heap   total 20480K, used 4899K [0x0000000740c00000, 0x0000000800000000)
  region size 2048K, 0 young (0K), 0 survivors (0K)
 Metaspace       used 9714K, committed 9920K, reserved 1114112K
  class space    used 614K, committed 704K, reserved 1048576K
}
Event: 36.955 GC heap before
{Heap before GC invocations=62 (full 49):
 garbage-first heap   total 20480K, used 4899K [0x0000000740c00000, 0x0000000800000000)
  region size 2048K, 1 young (2048K), 0 survivors (0K)
 Metaspace       used 9714K, committed 9920K, reserved 1114112K
  class space    used 614K, committed 704K, reserved 1048576K
}
Event: 36.965 GC heap after
{Heap after GC invocations=63 (full 50):
 garbage-first heap   total 20480K, used 4899K [0x0000000740c00000, 0x0000000800000000)
  region size 2048K, 0 young (0K), 0 survivors (0K)
 Metaspace       used 9714K, committed 9920K, reserved 1114112K
  class space    used 614K, committed 704K, reserved 1048576K
}
Event: 37.967 GC heap before
{Heap before GC invocations=63 (full 50):
 garbage-first heap   total 20480K, used 4899K [0x0000000740c00000, 0x0000000800000000)
  region size 2048K, 1 young (2048K), 0 survivors (0K)
 Metaspace       used 9714K, committed 9920K, reserved 1114112K
  class space    used 614K, committed 704K, reserved 1048576K
}
Event: 37.978 GC heap after
{Heap after GC invocations=64 (full 51):
 garbage-first heap   total 20480K, used 4899K [0x0000000740c00000, 0x0000000800000000)
  region size 2048K, 0 young (0K), 0 survivors (0K)
 Metaspace       used 9714K, committed 9920K, reserved 1114112K
  class space    used 614K, committed 704K, reserved 1048576K
}
Event: 38.967 GC heap before
{Heap before GC invocations=64 (full 51):
 garbage-first heap   total 20480K, used 4899K [0x0000000740c00000, 0x0000000800000000)
  region size 2048K, 1 young (2048K), 0 survivors (0K)
 Metaspace       used 9714K, committed 9920K, reserved 1114112K
  class space    used 614K, committed 704K, reserved 1048576K
}
Event: 38.978 GC heap after
{Heap after GC invocations=65 (full 52):
 garbage-first heap   total 20480K, used 4899K [0x0000000740c00000, 0x0000000800000000)
  region size 2048K, 0 young (0K), 0 survivors (0K)
 Metaspace       used 9714K, committed 9920K, reserved 1114112K
  class space    used 614K, committed 704K, reserved 1048576K
}

Dll operation events (15 events):
Event: 0.007 Loaded shared library C:\Program Files\Java\jdk-21\bin\java.dll
Event: 0.036 Loaded shared library C:\Program Files\Java\jdk-21\bin\jsvml.dll
Event: 0.095 Loaded shared library C:\Program Files\Java\jdk-21\bin\zip.dll
Event: 0.099 Loaded shared library C:\Program Files\Java\jdk-21\bin\instrument.dll
Event: 0.105 Loaded shared library C:\Program Files\Java\jdk-21\bin\net.dll
Event: 0.107 Loaded shared library C:\Program Files\Java\jdk-21\bin\nio.dll
Event: 0.110 Loaded shared library C:\Program Files\Java\jdk-21\bin\zip.dll
Event: 0.145 Loaded shared library C:\Users\marij\AppData\Local\Programs\IntelliJ IDEA Community Edition\bin\breakgen64.dll
Event: 0.155 Loaded shared library C:\Program Files\Java\jdk-21\bin\extnet.dll
Event: 0.185 Loaded shared library C:\Program Files\Java\jdk-21\bin\jimage.dll
Event: 0.202 Loaded shared library C:\Users\marij\AppData\Local\Temp\lwjgl_marij\3.3.6+1\x64\lwjgl.dll
Event: 0.507 Loaded shared library C:\Users\marij\AppData\Local\Temp\jSerialComm\2.11.0\jSerialComm.dll
Event: 0.520 Loaded shared library C:\Users\marij\AppData\Local\Temp\lwjgl_marij\3.3.6+1\x64\lwjgl_opengl.dll
Event: 0.877 Loaded shared library C:\Program Files\Java\jdk-21\bin\verify.dll
Event: 0.909 Loaded shared library C:\Program Files\Java\jdk-21\bin\awt.dll

Deoptimization events (20 events):
Event: 33.572 Thread 0x0000020be5d21fa0 DEOPT PACKING pc=0x0000020bd73605ec sp=0x000000a5d93ff190
Event: 33.572 Thread 0x0000020be5d21fa0 DEOPT UNPACKING pc=0x0000020bd6d846a2 sp=0x000000a5d93ff0c8 mode 2
Event: 33.624 Thread 0x0000020be5d21fa0 DEOPT PACKING pc=0x0000020bcfa1704e sp=0x000000a5d93ff0e0
Event: 33.624 Thread 0x0000020be5d21fa0 DEOPT UNPACKING pc=0x0000020bd6d84e42 sp=0x000000a5d93fe5c8 mode 0
Event: 33.625 Thread 0x0000020be5d21fa0 DEOPT PACKING pc=0x0000020bcfa1704e sp=0x000000a5d93ff0e0
Event: 33.625 Thread 0x0000020be5d21fa0 DEOPT UNPACKING pc=0x0000020bd6d84e42 sp=0x000000a5d93fe5c8 mode 0
Event: 33.638 Thread 0x0000020be5d21fa0 DEOPT PACKING pc=0x0000020bcfa1704e sp=0x000000a5d93ff0e0
Event: 33.638 Thread 0x0000020be5d21fa0 DEOPT UNPACKING pc=0x0000020bd6d84e42 sp=0x000000a5d93fe5c8 mode 0
Event: 33.651 Thread 0x0000020be5d21fa0 DEOPT PACKING pc=0x0000020bcfa1704e sp=0x000000a5d93ff0e0
Event: 33.651 Thread 0x0000020be5d21fa0 DEOPT UNPACKING pc=0x0000020bd6d84e42 sp=0x000000a5d93fe5c8 mode 0
Event: 33.652 Thread 0x0000020be5d21fa0 DEOPT PACKING pc=0x0000020bcfa1704e sp=0x000000a5d93ff0e0
Event: 33.652 Thread 0x0000020be5d21fa0 DEOPT UNPACKING pc=0x0000020bd6d84e42 sp=0x000000a5d93fe5c8 mode 0
Event: 39.421 Thread 0x0000020bc736d000 Uncommon trap: trap_request=0xffffff45 fr.pc=0x0000020bd7394164 relative=0x0000000000000044
Event: 39.421 Thread 0x0000020bc736d000 Uncommon trap: reason=unstable_if action=reinterpret pc=0x0000020bd7394164 method=java.util.concurrent.ThreadPoolExecutor.runStateAtLeast(II)Z @ 2 c2
Event: 39.421 Thread 0x0000020bc736d000 DEOPT PACKING pc=0x0000020bd7394164 sp=0x000000a5d6efeca0
Event: 39.421 Thread 0x0000020bc736d000 DEOPT UNPACKING pc=0x0000020bd6d846a2 sp=0x000000a5d6efec38 mode 2
Event: 39.421 Thread 0x0000020bc736d000 Uncommon trap: trap_request=0xffffff45 fr.pc=0x0000020bd739022c relative=0x000000000000008c
Event: 39.421 Thread 0x0000020bc736d000 Uncommon trap: reason=unstable_if action=reinterpret pc=0x0000020bd739022c method=java.util.concurrent.TimeUnit.toNanos(J)J @ 8 c2
Event: 39.421 Thread 0x0000020bc736d000 DEOPT PACKING pc=0x0000020bd739022c sp=0x000000a5d6efed10
Event: 39.421 Thread 0x0000020bc736d000 DEOPT UNPACKING pc=0x0000020bd6d846a2 sp=0x000000a5d6efeca0 mode 2

Classes loaded (20 events):
Event: 1.123 Loading class java/time/zone/TzdbZoneRulesProvider
Event: 1.123 Loading class java/time/zone/TzdbZoneRulesProvider done
Event: 1.130 Loading class java/time/zone/Ser
Event: 1.131 Loading class java/time/zone/Ser done
Event: 1.132 Loading class java/time/Month
Event: 1.132 Loading class java/time/Month done
Event: 1.132 Loading class java/time/DayOfWeek
Event: 1.132 Loading class java/time/DayOfWeek done
Event: 1.132 Loading class java/time/zone/ZoneOffsetTransitionRule$TimeDefinition
Event: 1.132 Loading class java/time/zone/ZoneOffsetTransitionRule$TimeDefinition done
Event: 1.133 Loading class java/time/zone/ZoneOffsetTransition
Event: 1.133 Loading class java/time/zone/ZoneOffsetTransition done
Event: 1.134 Loading class sun/util/cldr/CLDRBaseLocaleDataMetaInfo$TZCanonicalIDMapHolder
Event: 1.135 Loading class sun/util/cldr/CLDRBaseLocaleDataMetaInfo$TZCanonicalIDMapHolder done
Event: 1.136 Loading class sun/util/resources/TimeZoneNames
Event: 1.137 Loading class sun/util/resources/TimeZoneNames done
Event: 1.137 Loading class sun/util/resources/TimeZoneNames_en
Event: 1.137 Loading class sun/util/resources/TimeZoneNames_en done
Event: 1.330 Loading class java/lang/invoke/MethodHandleImpl$CountingWrapper$1
Event: 1.330 Loading class java/lang/invoke/MethodHandleImpl$CountingWrapper$1 done

Classes unloaded (0 events):
No events

Classes redefined (0 events):
No events

Internal exceptions (20 events):
Event: 0.854 Thread 0x0000020bc736d000 Exception <a 'java/lang/NoSuchMethodError'{0x000000074be62e00}: 'int java.lang.invoke.DirectMethodHandle$Holder.invokeStaticInit(java.lang.Object, java.lang.Object, java.lang.Object)'> (0x000000074be62e00) 
thrown [s\open\src\hotspot\share\interpreter\linkResolver.cpp, line 773]
Event: 0.854 Thread 0x0000020bc736d000 Exception <a 'java/lang/NoSuchMethodError'{0x000000074be69b58}: 'int java.lang.invoke.DirectMethodHandle$Holder.invokeStaticInit(java.lang.Object, java.lang.Object, java.lang.Object, java.lang.Object, java.lang.Object)'> (0x000000074be69b58) 
thrown [s\open\src\hotspot\share\interpreter\linkResolver.cpp, line 773]
Event: 0.855 Thread 0x0000020bc736d000 Exception <a 'java/lang/NoSuchMethodError'{0x000000074be6d0a8}: 'int java.lang.invoke.DirectMethodHandle$Holder.invokeStaticInit(java.lang.Object, int)'> (0x000000074be6d0a8) 
thrown [s\open\src\hotspot\share\interpreter\linkResolver.cpp, line 773]
Event: 0.855 Thread 0x0000020bc736d000 Exception <a 'java/lang/NoSuchMethodError'{0x000000074be74088}: 'int java.lang.invoke.DirectMethodHandle$Holder.invokeStaticInit(java.lang.Object, java.lang.Object, java.lang.Object, java.lang.Object, java.lang.Object, java.lang.Object)'> (0x000000074be74088) 
thrown [s\open\src\hotspot\share\interpreter\linkResolver.cpp, line 773]
Event: 0.857 Thread 0x0000020bc736d000 Exception <a 'java/lang/NoSuchMethodError'{0x000000074bebaff0}: 'java.lang.Object java.lang.invoke.DirectMethodHandle$Holder.invokeSpecial(java.lang.Object, java.lang.Object, int, java.lang.Object, java.lang.Object)'> (0x000000074bebaff0) 
thrown [s\open\src\hotspot\share\interpreter\linkResolver.cpp, line 773]
Event: 0.858 Thread 0x0000020bc736d000 Exception <a 'java/lang/NoSuchMethodError'{0x000000074bebe970}: 'java.lang.Object java.lang.invoke.DelegatingMethodHandle$Holder.delegate(java.lang.Object, int, java.lang.Object, java.lang.Object)'> (0x000000074bebe970) 
thrown [s\open\src\hotspot\share\interpreter\linkResolver.cpp, line 773]
Event: 0.862 Thread 0x0000020bc736d000 Exception <a 'java/lang/NoSuchMethodError'{0x000000074bedecf0}: 'java.lang.Object java.lang.invoke.DirectMethodHandle$Holder.invokeSpecial(java.lang.Object, java.lang.Object, java.lang.Object, int, java.lang.Object)'> (0x000000074bedecf0) 
thrown [s\open\src\hotspot\share\interpreter\linkResolver.cpp, line 773]
Event: 0.866 Thread 0x0000020bc736d000 Exception <a 'java/lang/NoSuchMethodError'{0x000000074bf0d490}: 'java.lang.Object java.lang.invoke.DirectMethodHandle$Holder.invokeStatic(java.lang.Object, java.lang.Object, java.lang.Object, java.lang.Object, int)'> (0x000000074bf0d490) 
thrown [s\open\src\hotspot\share\interpreter\linkResolver.cpp, line 773]
Event: 0.867 Thread 0x0000020bc736d000 Exception <a 'java/lang/NoSuchMethodError'{0x000000074bf14758}: 'int java.lang.invoke.DirectMethodHandle$Holder.invokeSpecial(java.lang.Object, java.lang.Object, int)'> (0x000000074bf14758) 
thrown [s\open\src\hotspot\share\interpreter\linkResolver.cpp, line 773]
Event: 0.867 Thread 0x0000020bc736d000 Exception <a 'java/lang/NoSuchMethodError'{0x000000074bf1c428}: 'int java.lang.invoke.DirectMethodHandle$Holder.invokeSpecial(java.lang.Object, java.lang.Object, java.lang.Object, int)'> (0x000000074bf1c428) 
thrown [s\open\src\hotspot\share\interpreter\linkResolver.cpp, line 773]
Event: 0.868 Thread 0x0000020bc736d000 Exception <a 'java/lang/NoSuchMethodError'{0x000000074bf1f808}: 'int java.lang.invoke.Invokers$Holder.linkToTargetMethod(java.lang.Object, int, java.lang.Object)'> (0x000000074bf1f808) 
thrown [s\open\src\hotspot\share\interpreter\linkResolver.cpp, line 773]
Event: 0.939 Thread 0x0000020be5d23350 Exception <a 'java/lang/ClassNotFoundException'{0x000000074123b3c8}: sun/awt/resources/spi/awtProvider> (0x000000074123b3c8) 
thrown [s\open\src\hotspot\share\classfile\systemDictionary.cpp, line 312]
Event: 0.949 Thread 0x0000020be5d23350 Exception <a 'java/io/FileNotFoundException'{0x00000007412de738}> (0x00000007412de738) 
thrown [s\open\src\hotspot\share\prims\jni.cpp, line 520]
Event: 0.952 Thread 0x0000020bc736d000 Exception <a 'java/lang/NoSuchMethodError'{0x0000000741293050}: 'void java.lang.invoke.DirectMethodHandle$Holder.invokeInterface(java.lang.Object, java.lang.Object)'> (0x0000000741293050) 
thrown [s\open\src\hotspot\share\interpreter\linkResolver.cpp, line 773]
Event: 0.954 Thread 0x0000020be5d23350 Exception <a 'java/io/FileNotFoundException'{0x000000074137b8f8}> (0x000000074137b8f8) 
thrown [s\open\src\hotspot\share\prims\jni.cpp, line 520]
Event: 1.020 Thread 0x0000020be5d23350 Exception <a 'java/lang/NoSuchMethodError'{0x0000000746931a50}: 'java.lang.Object java.lang.invoke.DirectMethodHandle$Holder.invokeStaticInit(java.lang.Object, int, int, int, int)'> (0x0000000746931a50) 
thrown [s\open\src\hotspot\share\interpreter\linkResolver.cpp, line 773]
Event: 1.057 Thread 0x0000020be5d22cc0 Exception <a 'java/lang/NoSuchMethodError'{0x00000007425d6db8}: 'java.lang.Object java.lang.invoke.DirectMethodHandle$Holder.invokeStaticInit(java.lang.Object, java.lang.Object, int, int, int, int)'> (0x00000007425d6db8) 
thrown [s\open\src\hotspot\share\interpreter\linkResolver.cpp, line 773]
Event: 1.330 Thread 0x0000020bc736d000 Exception <a 'java/lang/NoSuchMethodError'{0x0000000757800610}: 'int java.lang.invoke.DelegatingMethodHandle$Holder.delegate(java.lang.Object, int, java.lang.Object)'> (0x0000000757800610) 
thrown [s\open\src\hotspot\share\interpreter\linkResolver.cpp, line 773]
Event: 11.240 Thread 0x0000020bc736d000 Implicit null exception at 0x0000020bd738ecb7 to 0x0000020bd738f12c
Event: 39.421 Thread 0x0000020bc736d000 Exception <a 'java/lang/NoSuchMethodError'{0x0000000741e10318}: 'void java.lang.invoke.DirectMethodHandle$Holder.invokeVirtual(java.lang.Object, java.lang.Object)'> (0x0000000741e10318) 
thrown [s\open\src\hotspot\share\interpreter\linkResolver.cpp, line 773]

ZGC Phase Switch (0 events):
No events

VM Operations (20 events):
Event: 29.960 Executing VM operation: G1CollectFull (System.gc())
Event: 29.970 Executing VM operation: G1CollectFull (System.gc()) done
Event: 30.959 Executing VM operation: G1CollectFull (System.gc())
Event: 30.969 Executing VM operation: G1CollectFull (System.gc()) done
Event: 31.958 Executing VM operation: G1CollectFull (System.gc())
Event: 31.970 Executing VM operation: G1CollectFull (System.gc()) done
Event: 32.958 Executing VM operation: G1CollectFull (System.gc())
Event: 32.968 Executing VM operation: G1CollectFull (System.gc()) done
Event: 33.957 Executing VM operation: G1CollectFull (System.gc())
Event: 33.967 Executing VM operation: G1CollectFull (System.gc()) done
Event: 34.957 Executing VM operation: G1CollectFull (System.gc())
Event: 34.966 Executing VM operation: G1CollectFull (System.gc()) done
Event: 35.956 Executing VM operation: G1CollectFull (System.gc())
Event: 35.966 Executing VM operation: G1CollectFull (System.gc()) done
Event: 36.955 Executing VM operation: G1CollectFull (System.gc())
Event: 36.965 Executing VM operation: G1CollectFull (System.gc()) done
Event: 37.967 Executing VM operation: G1CollectFull (System.gc())
Event: 37.978 Executing VM operation: G1CollectFull (System.gc()) done
Event: 38.967 Executing VM operation: G1CollectFull (System.gc())
Event: 38.978 Executing VM operation: G1CollectFull (System.gc()) done

Events (20 events):
Event: 21.972 Thread 0x0000020be50db840 flushing nmethod 0x0000020bcf972410
Event: 22.972 Thread 0x0000020be50db840 flushing nmethod 0x0000020bcf9bb810
Event: 24.969 Thread 0x0000020be50db840 flushing nmethod 0x0000020bd7390010
Event: 24.969 Thread 0x0000020be50db840 flushing nmethod 0x0000020bd7393210
Event: 27.967 Thread 0x0000020be50db840 flushing nmethod 0x0000020bcf858990
Event: 28.967 Thread 0x0000020be50db840 flushing nmethod 0x0000020bcf85c510
Event: 28.967 Thread 0x0000020be50db840 flushing nmethod 0x0000020bcf8a4090
Event: 28.967 Thread 0x0000020be50db840 flushing nmethod 0x0000020bcf8eec90
Event: 28.967 Thread 0x0000020be50db840 flushing nmethod 0x0000020bcf963990
Event: 29.966 Thread 0x0000020be50db840 flushing nmethod 0x0000020bcf852e90
Event: 30.965 Thread 0x0000020be50db840 flushing nmethod 0x0000020bcf95ed90
Event: 34.962 Thread 0x0000020be50db840 flushing nmethod 0x0000020bd735fd10
Event: 34.962 Thread 0x0000020be50db840 flushing nmethod 0x0000020bd737c190
Event: 34.962 Thread 0x0000020be50db840 flushing nmethod 0x0000020bcfa11d10
Event: 34.962 Thread 0x0000020be50db840 flushing nmethod 0x0000020bcfa15390
Event: 37.974 Thread 0x0000020be50db840 flushing nmethod 0x0000020bcf950a10
Event: 37.974 Thread 0x0000020be50db840 flushing nmethod 0x0000020bcf9d0410
Event: 38.974 Thread 0x0000020be50db840 flushing nmethod 0x0000020bcf833410
Event: 38.974 Thread 0x0000020be50db840 flushing nmethod 0x0000020bcf9cf990
Event: 39.421 Thread 0x0000020be5d21fa0 Thread exited: 0x0000020be5d21fa0


Dynamic libraries:
0x00007ff6698e0000 - 0x00007ff6698f0000 	C:\Program Files\Java\jdk-21\bin\java.exe
0x00007fff2ab70000 - 0x00007fff2ad68000 	C:\Windows\SYSTEM32\ntdll.dll
0x00007fff28b80000 - 0x00007fff28c42000 	C:\Windows\System32\KERNEL32.DLL
0x00007fff28370000 - 0x00007fff2866f000 	C:\Windows\System32\KERNELBASE.dll
0x00007fff289f0000 - 0x00007fff28af0000 	C:\Windows\System32\ucrtbase.dll
0x00007fff248a0000 - 0x00007fff248b9000 	C:\Program Files\Java\jdk-21\bin\jli.dll
0x00007fff24860000 - 0x00007fff2487b000 	C:\Program Files\Java\jdk-21\bin\VCRUNTIME140.dll
0x00007fff2a920000 - 0x00007fff2a9d1000 	C:\Windows\System32\ADVAPI32.dll
0x00007fff2a880000 - 0x00007fff2a91e000 	C:\Windows\System32\msvcrt.dll
0x00007fff29c70000 - 0x00007fff29d0f000 	C:\Windows\System32\sechost.dll
0x00007fff29280000 - 0x00007fff293a3000 	C:\Windows\System32\RPCRT4.dll
0x00007fff28750000 - 0x00007fff28777000 	C:\Windows\System32\bcrypt.dll
0x00007fff2a170000 - 0x00007fff2a30d000 	C:\Windows\System32\USER32.dll
0x00007fff28670000 - 0x00007fff28692000 	C:\Windows\System32\win32u.dll
0x00007fff12090000 - 0x00007fff1232a000 	C:\Windows\WinSxS\amd64_microsoft.windows.common-controls_6595b64144ccf1df_6.0.19041.4355_none_60b8b9eb71f62e16\COMCTL32.dll
0x00007fff29c40000 - 0x00007fff29c6b000 	C:\Windows\System32\GDI32.dll
0x00007fff28250000 - 0x00007fff28367000 	C:\Windows\System32\gdi32full.dll
0x00007fff28780000 - 0x00007fff2881d000 	C:\Windows\System32\msvcp_win.dll
0x00007fff20810000 - 0x00007fff2081a000 	C:\Windows\SYSTEM32\VERSION.dll
0x00007fff28fb0000 - 0x00007fff28fdf000 	C:\Windows\System32\IMM32.DLL
0x00007fff25870000 - 0x00007fff2587c000 	C:\Program Files\Java\jdk-21\bin\vcruntime140_1.dll
0x00007fff23c10000 - 0x00007fff23c9e000 	C:\Program Files\Java\jdk-21\bin\msvcp140.dll
0x00007ffed99b0000 - 0x00007ffeda6ca000 	C:\Program Files\Java\jdk-21\bin\server\jvm.dll
0x00007fff2a060000 - 0x00007fff2a0cb000 	C:\Windows\System32\WS2_32.dll
0x00007fff278f0000 - 0x00007fff2793b000 	C:\Windows\SYSTEM32\POWRPROF.dll
0x00007fff18be0000 - 0x00007fff18c07000 	C:\Windows\SYSTEM32\WINMM.dll
0x00007fff27840000 - 0x00007fff27852000 	C:\Windows\SYSTEM32\UMPDC.dll
0x00007fff26060000 - 0x00007fff26072000 	C:\Windows\SYSTEM32\kernel.appcore.dll
0x00007fff25850000 - 0x00007fff2585a000 	C:\Program Files\Java\jdk-21\bin\jimage.dll
0x00007fff17fe0000 - 0x00007fff181c4000 	C:\Windows\SYSTEM32\DBGHELP.DLL
0x00007fff027a0000 - 0x00007fff027d4000 	C:\Windows\SYSTEM32\dbgcore.DLL
0x00007fff28af0000 - 0x00007fff28b72000 	C:\Windows\System32\bcryptPrimitives.dll
0x00007fff25830000 - 0x00007fff2583f000 	C:\Program Files\Java\jdk-21\bin\instrument.dll
0x00007fff24840000 - 0x00007fff2485f000 	C:\Program Files\Java\jdk-21\bin\java.dll
0x00007fff29410000 - 0x00007fff29b7e000 	C:\Windows\System32\SHELL32.dll
0x00007fff26260000 - 0x00007fff26a04000 	C:\Windows\SYSTEM32\windows.storage.dll
0x00007fff28c50000 - 0x00007fff28fa5000 	C:\Windows\System32\combase.dll
0x00007fff27c30000 - 0x00007fff27c5f000 	C:\Windows\SYSTEM32\Wldp.dll
0x00007fff2a310000 - 0x00007fff2a3dd000 	C:\Windows\System32\OLEAUT32.dll
0x00007fff29b90000 - 0x00007fff29c3d000 	C:\Windows\System32\SHCORE.dll
0x00007fff29040000 - 0x00007fff29095000 	C:\Windows\System32\shlwapi.dll
0x00007fff28130000 - 0x00007fff28154000 	C:\Windows\SYSTEM32\profapi.dll
0x00007fff1bff0000 - 0x00007fff1c0c7000 	C:\Program Files\Java\jdk-21\bin\jsvml.dll
0x00007fff228e0000 - 0x00007fff228f8000 	C:\Program Files\Java\jdk-21\bin\zip.dll
0x00007fff24830000 - 0x00007fff24840000 	C:\Program Files\Java\jdk-21\bin\net.dll
0x00007fff22000000 - 0x00007fff2210d000 	C:\Windows\SYSTEM32\WINHTTP.dll
0x00007fff27940000 - 0x00007fff279aa000 	C:\Windows\system32\mswsock.dll
0x00007fff22a60000 - 0x00007fff22a76000 	C:\Program Files\Java\jdk-21\bin\nio.dll
0x00007fff21ed0000 - 0x00007fff21eea000 	C:\Users\marij\AppData\Local\Programs\IntelliJ IDEA Community Edition\bin\breakgen64.dll
0x00007fff21ec0000 - 0x00007fff21ec9000 	C:\Program Files\Java\jdk-21\bin\extnet.dll
0x00007fff1bf70000 - 0x00007fff1bfee000 	C:\Users\marij\AppData\Local\Temp\lwjgl_marij\3.3.6+1\x64\lwjgl.dll
0x00007fff1b9b0000 - 0x00007fff1ba39000 	C:\Users\marij\AppData\Local\Temp\lwjgl_marij\3.3.6+1\x64\glfw.dll
0x00007fff1eaf0000 - 0x00007fff1eb35000 	C:\Windows\SYSTEM32\dinput8.dll
0x00007fff21ea0000 - 0x00007fff21eb1000 	C:\Windows\SYSTEM32\xinput1_4.dll
0x00007fff28200000 - 0x00007fff2824e000 	C:\Windows\System32\cfgmgr32.dll
0x00007fff27f90000 - 0x00007fff27fc3000 	C:\Windows\SYSTEM32\DEVOBJ.dll
0x00007fff25e80000 - 0x00007fff25eaf000 	C:\Windows\SYSTEM32\dwmapi.dll
0x00007fff1db30000 - 0x00007fff1dc82000 	C:\Windows\SYSTEM32\inputhost.dll
0x00007fff24a50000 - 0x00007fff24ba7000 	C:\Windows\SYSTEM32\wintypes.dll
0x00007fff243f0000 - 0x00007fff244e2000 	C:\Windows\SYSTEM32\CoreMessaging.dll
0x00007fff25440000 - 0x00007fff25536000 	C:\Windows\SYSTEM32\PROPSYS.dll
0x00007fff24090000 - 0x00007fff243eb000 	C:\Windows\SYSTEM32\CoreUIComponents.dll
0x00007fff27450000 - 0x00007fff27483000 	C:\Windows\SYSTEM32\ntmarta.dll
0x00007fff25b50000 - 0x00007fff25bee000 	C:\Windows\system32\uxtheme.dll
0x00007fff29d10000 - 0x00007fff29e25000 	C:\Windows\System32\MSCTF.dll
0x00007ffed6730000 - 0x00007ffed6858000 	C:\Windows\SYSTEM32\opengl32.dll
0x00007ffedcc20000 - 0x00007ffedcc4c000 	C:\Windows\SYSTEM32\GLU32.dll
0x00007fff291d0000 - 0x00007fff29279000 	C:\Windows\System32\clbcatq.dll
0x00007ffeca420000 - 0x00007ffecca58000 	C:\Windows\System32\DriverStore\FileRepository\nv_dispi.inf_amd64_9425e4c3b1ac1c47\nvoglv64.dll
0x00007fff2a400000 - 0x00007fff2a871000 	C:\Windows\System32\SETUPAPI.dll
0x00007fff290a0000 - 0x00007fff291cb000 	C:\Windows\System32\ole32.dll
0x00007fff22a80000 - 0x00007fff22a94000 	C:\Windows\SYSTEM32\WTSAPI32.dll
0x00007fff27dc0000 - 0x00007fff27dd2000 	C:\Windows\SYSTEM32\msasn1.dll
0x00007fff20520000 - 0x00007fff20551000 	C:\Windows\SYSTEM32\cryptnet.dll
0x00007fff28890000 - 0x00007fff289ec000 	C:\Windows\System32\CRYPT32.dll
0x00007fff27b60000 - 0x00007fff27b6c000 	C:\Windows\SYSTEM32\cryptbase.dll
0x00007fff206a0000 - 0x00007fff207e7000 	C:\Windows\SYSTEM32\drvstore.dll
0x00007fff28820000 - 0x00007fff28889000 	C:\Windows\System32\WINTRUST.dll
0x00007fff2a3e0000 - 0x00007fff2a3fd000 	C:\Windows\System32\imagehlp.dll
0x00007fff27b70000 - 0x00007fff27b88000 	C:\Windows\SYSTEM32\CRYPTSP.dll
0x00007fff271a0000 - 0x00007fff271d4000 	C:\Windows\system32\rsaenh.dll
0x00007ffed05a0000 - 0x00007ffed32b0000 	C:\Windows\System32\DriverStore\FileRepository\nv_dispi.inf_amd64_9425e4c3b1ac1c47\nvgpucomp64.dll
0x00007fff1dd60000 - 0x00007fff1dd9b000 	C:\Windows\SYSTEM32\dxcore.dll
0x00007ffeded80000 - 0x00007ffedf07b000 	C:\Windows\system32\nvspcap64.dll
0x00007fff273f0000 - 0x00007fff2744b000 	C:\Windows\SYSTEM32\WINSTA.dll
0x00007fff1cee0000 - 0x00007fff1cfd9000 	C:\Windows\SYSTEM32\textinputframework.dll
0x00007fff1c6c0000 - 0x00007fff1c6f9000 	C:\Users\marij\AppData\Local\Temp\jSerialComm\2.11.0\jSerialComm.dll
0x00007fff1b950000 - 0x00007fff1b9ad000 	C:\Users\marij\AppData\Local\Temp\lwjgl_marij\3.3.6+1\x64\lwjgl_opengl.dll
0x00007fff1e9f0000 - 0x00007fff1ea00000 	C:\Program Files\Java\jdk-21\bin\verify.dll
0x00007ffefa730000 - 0x00007ffefa8bf000 	C:\Program Files\Java\jdk-21\bin\awt.dll
0x00007fff248e0000 - 0x00007fff24974000 	C:\Windows\SYSTEM32\apphelp.dll
0x00007fff280f0000 - 0x00007fff2811e000 	C:\Windows\SYSTEM32\USERENV.dll
0x00007fff275d0000 - 0x00007fff2760b000 	C:\Windows\SYSTEM32\IPHLPAPI.DLL
0x00007fff2aa40000 - 0x00007fff2aa48000 	C:\Windows\System32\NSI.dll

dbghelp: loaded successfully - version: 4.0.5 - missing functions: none
symbol engine: initialized successfully - sym options: 0x614 - pdb path: .;C:\Program Files\Java\jdk-21\bin;C:\Windows\SYSTEM32;C:\Windows\WinSxS\amd64_microsoft.windows.common-controls_6595b64144ccf1df_6.0.19041.4355_none_60b8b9eb71f62e16;C:\Program Files\Java\jdk-21\bin\server;C:\Users\marij\AppData\Local\Programs\IntelliJ IDEA Community Edition\bin;C:\Users\marij\AppData\Local\Temp\lwjgl_marij\3.3.6+1\x64;C:\Windows\System32\DriverStore\FileRepository\nv_dispi.inf_amd64_9425e4c3b1ac1c47;C:\Users\marij\AppData\Local\Temp\jSerialComm\2.11.0

VM Arguments:
jvm_args: -Dvisualvm.id=1300136492418900 -javaagent:C:\Users\marij\AppData\Local\Programs\IntelliJ IDEA Community Edition\lib\idea_rt.jar=63415:C:\Users\marij\AppData\Local\Programs\IntelliJ IDEA Community Edition\bin -Dfile.encoding=UTF-8 -Dsun.stdout.encoding=UTF-8 -Dsun.stderr.encoding=UTF-8 
java_command: LibraryOfLament
java_class_path (initial): D:\Library of Lament\out\production\Library of Lament;D:\Library of Lament\lib\obj-0.4.0.jar;D:\Library of Lament\lib\jSerialComm-2.11.0.jar;D:\Library of Lament\lib\lwjgl-3.3.6\joml-1.10.7.jar;D:\Library of Lament\lib\lwjgl-3.3.6\joml-primitives-1.10.0.jar;D:\Library of Lament\lib\lwjgl-3.3.6\lwjgl-glfw-natives-linux-arm32.jar;D:\Library of Lament\lib\lwjgl-3.3.6\lwjgl-glfw-natives-linux-arm64.jar;D:\Library of Lament\lib\lwjgl-3.3.6\lwjgl-glfw-natives-linux.jar;D:\Library of Lament\lib\lwjgl-3.3.6\lwjgl-glfw-natives-macos-arm64.jar;D:\Library of Lament\lib\lwjgl-3.3.6\lwjgl-glfw-natives-macos.jar;D:\Library of Lament\lib\lwjgl-3.3.6\lwjgl-glfw-natives-windows-arm64.jar;D:\Library of Lament\lib\lwjgl-3.3.6\lwjgl-glfw-natives-windows-x86.jar;D:\Library of Lament\lib\lwjgl-3.3.6\lwjgl-glfw-natives-windows.jar;D:\Library of Lament\lib\lwjgl-3.3.6\lwjgl-glfw.jar;D:\Library of Lament\lib\lwjgl-3.3.6\lwjgl-natives-linux-arm32.jar;D:\Library of Lament\lib\lwjgl-3.3.6\lwjgl-natives-linux-arm64.jar;D:\Library of Lament\lib\lwjgl-3.3.6\lwjgl-natives-linux.jar;D:\Library of Lament\lib\lwjgl-3.3.6\lwjgl-natives-macos-arm64.jar;D:\Library of Lament\lib\lwjgl-3.3.6\lwjgl-natives-macos.jar;D:\Library of Lament\lib\lwjgl-3.3.6\lwjgl-natives-windows-arm64.jar;D:\Library of Lament\lib\lwjgl-3.3.6\lwjgl-natives-windows-x86.jar;D:\Library of Lament\lib\lwjgl-3.3.6\lwjgl-natives-windows.jar;D:\Library of Lament\lib\lwjgl-3.3.6\lwjgl-openal-natives-linux-arm32.jar;D:\Library of Lament\lib\lwjgl-3.3.6\lwjgl-openal-natives-linux-arm64.jar;D:\Library of Lament\lib\lwjgl-3.3.6\lwjgl-openal-natives-linux.jar;D:\Library of Lament\lib\lwjgl-3.3.6\lwjgl-openal-natives-macos-arm64.jar;D:\Library of Lament\lib\lwjgl-3.3.6\lwjgl-openal-natives-macos.jar;D:\Library of Lament\lib\lwjgl-3.3.6\lwjgl-openal-natives-windows-arm64.jar;D:\Library of Lament\lib\lwjgl-3.3.6\lwjgl-openal-natives-windows-x86.jar;D:\Library of Lament\lib\lwjgl-3.3.6\lwjgl-openal-natives-windows.jar;D:\Library of Lament\lib\lwjgl-3.3.6\lwjgl-openal.jar;D:\Library of Lament\lib\lwjgl-3.3.6\lwjgl-opengl-natives-linux-arm32.jar;D:\Library of Lament\lib\lwjgl-3.3.6\lwjgl-opengl-natives-linux-arm64.jar;D:\Library of Lament\lib\lwjgl-3.3.6\lwjgl-opengl-natives-linux.jar;D:\Library of Lament\lib\lwjgl-3.3.6\lwjgl-opengl-natives-macos-arm64.jar;D:\Library of Lament\lib\lwjgl-3.3.6\lwjgl-opengl-natives-macos.jar;D:\Library of Lament\lib\lwjgl-3.3.6\lwjgl-opengl-natives-windows-arm64.jar;D:\Library of Lament\lib\lwjgl-3.3.6\lwjgl-opengl-natives-windows-x86.jar;D:\Library of Lament\lib\lwjgl-3.3.6\lwjgl-opengl-natives-windows.jar;D:\Library of Lament\lib\lwjgl-3.3.6\lwjgl-opengl.jar;D:\Library of Lament\lib\lwjgl-3.3.6\lwjgl.jar;D:\Library of Lament\lib\lwjgl-3.3.6\lwjgl3-awt-0.1.8-sources.jar;D:\Library of Lament\lib\lwjgl-3.3.6\lwjgl3-awt-0.1.8.jar;D:\Library of Lament\lib\lwjgl-3.3.6\lwjglx-debug-1.0.0.jar
Launcher Type: SUN_STANDARD

[Global flags]
     intx CICompilerCount                          = 4                                         {product} {ergonomic}
     uint ConcGCThreads                            = 2                                         {product} {ergonomic}
     uint G1ConcRefinementThreads                  = 8                                         {product} {ergonomic}
   size_t G1HeapRegionSize                         = 2097152                                   {product} {ergonomic}
    uintx GCDrainStackTargetSize                   = 64                                        {product} {ergonomic}
   size_t InitialHeapSize                          = 201326592                                 {product} {ergonomic}
   size_t MarkStackSize                            = 4194304                                   {product} {ergonomic}
   size_t MaxHeapSize                              = 3208642560                                {product} {ergonomic}
   size_t MaxNewSize                               = 1925185536                                {product} {ergonomic}
   size_t MinHeapDeltaBytes                        = 2097152                                   {product} {ergonomic}
   size_t MinHeapSize                              = 8388608                                   {product} {ergonomic}
    uintx NonNMethodCodeHeapSize                   = 5839372                                {pd product} {ergonomic}
    uintx NonProfiledCodeHeapSize                  = 122909434                              {pd product} {ergonomic}
    uintx ProfiledCodeHeapSize                     = 122909434                              {pd product} {ergonomic}
    uintx ReservedCodeCacheSize                    = 251658240                              {pd product} {ergonomic}
     bool SegmentedCodeCache                       = true                                      {product} {ergonomic}
   size_t SoftMaxHeapSize                          = 3208642560                             {manageable} {ergonomic}
     bool UseCompressedOops                        = true                           {product lp64_product} {ergonomic}
     bool UseG1GC                                  = true                                      {product} {ergonomic}
     bool UseLargePagesIndividualAllocation        = false                                  {pd product} {ergonomic}

Logging:
Log output configuration:
 #0: stdout all=warning uptime,level,tags foldmultilines=false
 #1: stderr all=off uptime,level,tags foldmultilines=false

Environment Variables:
PATH=C:\Program Files\Common Files\Oracle\Java\javapath;C:\Program Files (x86)\Common Files\Oracle\Java\java8path;C:\Program Files (x86)\Common Files\Oracle\Java\javapath;C:\Windows\system32;C:\Windows;C:\Windows\System32\Wbem;C:\Windows\System32\WindowsPowerShell\v1.0\;C:\Windows\System32\OpenSSH\;C:\Program Files\PuTTY\;C:\Program Files (x86)\NVIDIA Corporation\PhysX\Common;C:\Program Files (x86)\GnuWin32\bin;C:\Program Files\MinGW\MinGW\bin;C:\Program Files\Gradle\bin;C:\Path\bin;C:\Path;C:\Program Files\Git\cmd;C:\Path\cosmocc\bin;C:\Path\make\bin;C:\Path\tcc;C:\Path\avrdude;C:\Path\avrgcc\bin;C:\Program Files\usbipd-win\;C:\Program Files\heroku\bin;C:\Path\odin;;C:\Program Files\NVIDIA Corporation\NVIDIA app\NvDLISR;C:\Program Files\dotnet\;C:\Program Files\Common Files\Oracle\Java\javapath;C:\Windows\system32;C:\Windows;C:\Windows\System32\Wbem;C:\Windows\System32\WindowsPowerShell\v1.0\;C:\Windows\System32\OpenSSH\;C:\Program Files\NVIDIA Corporation\NVIDIA NvDLISR;C:\Program Files\PuTTY\;C:\Program Files (x86)\NVIDIA Corporation\PhysX\Common;C:\Program Files (x86)\Windows Kits\10\Windows Performance Toolkit\;C:\Program Files (x86)\GnuWin32\bin;C:\Program Files\MinGW\MinGW\bin;C:\Program Files\Gradle\bin;C:\Path\bin;C:\Path;C:\Program Files\Git\cmd;C:\Path\cosmocc\bin;C:\Path\make\bin;C:\Path\tcc;C:\Path\avrdude;C:\Path\avrgcc\bin;C:\Users\marij\AppData\Local\GitHubDesktop\bin;C:\Program Files\heroku\bin;C:\Users\marij\AppData\Local\Programs\Microsoft VS Code\bin;C:\Users\marij\.dotnet\tools
USERNAME=marij
OS=Windows_NT
PROCESSOR_IDENTIFIER=Intel64 Family 6 Model 60 Stepping 3, GenuineIntel
TMP=C:\Users\marij\AppData\Local\Temp
TEMP=C:\Users\marij\AppData\Local\Temp




Periodic native trim disabled

---------------  S Y S T E M  ---------------

OS:
 Windows 10 , 64 bit Build 19041 (10.0.19041.5198)
OS uptime: 15 days 1:08 hours
Hyper-V role detected

CPU: total 8 (initial active 8) (4 cores per cpu, 2 threads per core) family 6 model 60 stepping 3 microcode 0x27, cx8, cmov, fxsr, ht, mmx, sse, sse2, sse3, ssse3, sse4.1, sse4.2, popcnt, lzcnt, tsc, tscinvbit, avx, avx2, aes, erms, clmul, bmi1, bmi2, fma, vzeroupper, clflush, hv, rdtscp, f16c
Processor Information for all 8 processors :
  Max Mhz: 3601, Current Mhz: 3601, Mhz Limit: 3601

Memory: 4k page, system-wide physical 12239M (4968M free)
TotalPageFile size 17103M (AvailPageFile size 6813M)
current process WorkingSet (physical memory assigned to process): 146M, peak: 489M
current process commit charge ("private bytes"): 301M, peak: 678M

vm_info: Java HotSpot(TM) 64-Bit Server VM (21.0.6+8-LTS-188) for windows-amd64 JRE (21.0.6+8-LTS-188), built on 2024-12-03T10:50:54Z by "mach5one" with MS VC++ 17.6 (VS2022)

END.
