#
# A fatal error has been detected by the Java Runtime Environment:
#
#  EXCEPTION_ACCESS_VIOLATION (0xc0000005) at pc=0x00007ff9ff2552ad, pid=10400, tid=17124
#
# JRE version: Java(TM) SE Runtime Environment (21.0.6+8) (build 21.0.6+8-LTS-188)
# Java VM: Java HotSpot(TM) 64-Bit Server VM (21.0.6+8-LTS-188, mixed mode, sharing, tiered, compressed oops, compressed class ptrs, g1 gc, windows-amd64)
# Problematic frame:
# C  [lwjgl_opengles.dll+0x52ad]
#
# No core dump will be written. Minidumps are not enabled by default on client versions of Windows
#
# If you would like to submit a bug report, please visit:
#   https://bugreport.java.com/bugreport/crash.jsp
# The crash happened outside the Java Virtual Machine in native code.
# See problematic frame for where to report the bug.
#

---------------  S U M M A R Y ------------

Command Line: -Dvisualvm.id=197895083078100 -javaagent:C:\Users\marij\AppData\Local\Programs\IntelliJ IDEA Community Edition\lib\idea_rt.jar=62789:C:\Users\marij\AppData\Local\Programs\IntelliJ IDEA Community Edition\bin -Dfile.encoding=UTF-8 -Dsun.stdout.encoding=UTF-8 -Dsun.stderr.encoding=UTF-8 LibraryOfLament

Host: Intel(R) Core(TM) i7-4790 CPU @ 3.60GHz, 8 cores, 11G,  Windows 10 , 64 bit Build 19041 (10.0.19041.5438)
Time: Fri Mar 14 23:03:01 2025 W. Europe Standard Time elapsed time: 0.596381 seconds (0d 0h 0m 0s)

---------------  T H R E A D  ---------------

Current thread (0x000001f7350e08c0):  JavaThread "main"             [_thread_in_native, id=17124, stack(0x00000019bae00000,0x00000019baf00000) (1024K)]

Stack: [0x00000019bae00000,0x00000019baf00000],  sp=0x00000019baefee88,  free space=1019k
Native frames: (J=compiled Java code, j=interpreted, Vv=VM code, C=native code)
C  [lwjgl_opengles.dll+0x52ad]

Java frames: (J=compiled Java code, j=interpreted, Vv=VM code)
j  org.lwjgl.opengles.GLES30.nglDeleteVertexArrays(IJ)V+0
j  org.lwjgl.opengles.GLES30.glDeleteVertexArrays(I)V+20
j  object.FBO.unload()V+1
j  engine.Manager.close()V+22
j  engine.Manager.run()V+21
j  LibraryOfLament.main([Ljava/lang/String;)V+0
v  ~StubRoutines::call_stub 0x000001f74629100d

siginfo: EXCEPTION_ACCESS_VIOLATION (0xc0000005), reading address 0x0000000000000558


Registers:
RAX=0x00007ff9de64f620, RBX=0x000001f7965282f0, RCX=0x0000000000000001, RDX=0x000001f79a5fe45c
RSP=0x00000019baefee88, RBP=0x00000019baefef18, RSI=0x0000000000000000, RDI=0x0000000000000001
R8 =0x0000000000000001, R9 =0x000001f79a5fe45c, R10=0x0000000000000000, R11=0x000000074c364778
R12=0x0000000000000000, R13=0x000001f7965282f0, R14=0x00000019baefef48, R15=0x000001f7350e08c0
RIP=0x00007ff9ff2552ad, EFLAGS=0x0000000000010206


Register to memory mapping:

RAX=0x00007ff9de64f620 jvm.dll
RBX={method} {0x000001f7965282f8} 'nglDeleteVertexArrays' '(IJ)V' in 'org/lwjgl/opengles/GLES30'
RCX=0x0000000000000001 is an unknown value
RDX=0x000001f79a5fe45c points into unknown readable memory: 01 00 00 00
RSP=0x00000019baefee88 is pointing into the stack for thread: 0x000001f7350e08c0
RBP=0x00000019baefef18 is pointing into the stack for thread: 0x000001f7350e08c0
RSI=0x0 is null
RDI=0x0000000000000001 is an unknown value
R8 =0x0000000000000001 is an unknown value
R9 =0x000001f79a5fe45c points into unknown readable memory: 01 00 00 00
R10=0x0 is null
R11=0x000000074c364778 is an oop: java.lang.Class 
{0x000000074c364778} - klass: 'java/lang/Class'
 - ---- fields (total size 175 words):
 - private volatile transient 'classRedefinedCount' 'I' @12  0 (0x00000000)
 - injected 'klass' 'J' @16  2161811542632 (0x000001f756025268)
 - injected 'array_klass' 'J' @24  0 (0x0000000000000000)
 - injected 'oop_size' 'I' @32  175 (0x000000af)
 - injected 'static_oop_field_count' 'I' @36  0 (0x00000000)
 - private volatile transient 'cachedConstructor' 'Ljava/lang/reflect/Constructor;' @40  null (0x00000000)
 - private transient 'name' 'Ljava/lang/String;' @44  "org.lwjgl.opengles.GLES30"{0x000000074c364d00} (0xe986c9a0)
 - private transient 'module' 'Ljava/lang/Module;' @48  a 'java/lang/Module'{0x000000074cbc58e8} (0xe9978b1d)
 - private final 'classLoader' 'Ljava/lang/ClassLoader;' @52  a 'jdk/internal/loader/ClassLoaders$AppClassLoader'{0x000000074cbc5728} (0xe9978ae5)
 - private transient 'classData' 'Ljava/lang/Object;' @56  null (0x00000000)
 - private transient 'packageName' 'Ljava/lang/String;' @60  "org.lwjgl.opengles"{0x000000074c23fa78} (0xe9847f4f)
 - private final 'componentType' 'Ljava/lang/Class;' @64  null (0x00000000)
 - private volatile transient 'reflectionData' 'Ljava/lang/ref/SoftReference;' @68  null (0x00000000)
 - private volatile transient 'genericInfo' 'Lsun/reflect/generics/repository/ClassRepository;' @72  null (0x00000000)
 - private volatile transient 'enumConstants' '[Ljava/lang/Object;' @76  null (0x00000000)
 - private volatile transient 'enumConstantDirectory' 'Ljava/util/Map;' @80  null (0x00000000)
 - private volatile transient 'annotationData' 'Ljava/lang/Class$AnnotationData;' @84  null (0x00000000)
 - private volatile transient 'annotationType' 'Lsun/reflect/annotation/AnnotationType;' @88  null (0x00000000)
 - transient 'classValueMap' 'Ljava/lang/ClassValue$ClassValueMap;' @92  null (0x00000000)
 - injected 'protection_domain' 'Ljava/lang/Object;' @96  a 'java/security/ProtectionDomain'{0x000000074c24b938} (0xe9849727)
 - injected 'signers_name' 'Ljava/lang/Object;' @100  null (0x00000000)
 - injected 'source_file' 'Ljava/lang/Object;' @104  null (0x00000000)
 - injected '<init_lock>' 'Ljava/lang/Object;' @108  null (0x00000000)
 - signature: Lorg/lwjgl/opengles/GLES30;
 - ---- static fields (0):
 - public static final 'GL_READ_BUFFER' 'I' @120  3074 (0x00000c02)
 - public static final 'GL_UNPACK_ROW_LENGTH' 'I' @124  3314 (0x00000cf2)
 - public static final 'GL_UNPACK_SKIP_ROWS' 'I' @128  3315 (0x00000cf3)
 - public static final 'GL_UNPACK_SKIP_PIXELS' 'I' @132  3316 (0x00000cf4)
 - public static final 'GL_PACK_ROW_LENGTH' 'I' @136  3330 (0x00000d02)
 - public static final 'GL_PACK_SKIP_ROWS' 'I' @140  3331 (0x00000d03)
 - public static final 'GL_PACK_SKIP_PIXELS' 'I' @144  3332 (0x00000d04)
 - public static final 'GL_COLOR' 'I' @148  6144 (0x00001800)
 - public static final 'GL_DEPTH' 'I' @152  6145 (0x00001801)
 - public static final 'GL_STENCIL' 'I' @156  6146 (0x00001802)
 - public static final 'GL_RED' 'I' @160  6403 (0x00001903)
 - public static final 'GL_RGB8' 'I' @164  32849 (0x00008051)
 - public static final 'GL_RGBA8' 'I' @168  32856 (0x00008058)
 - public static final 'GL_RGB10_A2' 'I' @172  32857 (0x00008059)
 - public static final 'GL_TEXTURE_BINDING_3D' 'I' @176  32874 (0x0000806a)
 - public static final 'GL_UNPACK_SKIP_IMAGES' 'I' @180  32877 (0x0000806d)
 - public static final 'GL_UNPACK_IMAGE_HEIGHT' 'I' @184  32878 (0x0000806e)
 - public static final 'GL_TEXTURE_3D' 'I' @188  32879 (0x0000806f)
 - public static final 'GL_TEXTURE_WRAP_R' 'I' @192  32882 (0x00008072)
 - public static final 'GL_MAX_3D_TEXTURE_SIZE' 'I' @196  32883 (0x00008073)
 - public static final 'GL_UNSIGNED_INT_2_10_10_10_REV' 'I' @200  33640 (0x00008368)
 - public static final 'GL_MAX_ELEMENTS_VERTICES' 'I' @204  33000 (0x000080e8)
 - public static final 'GL_MAX_ELEMENTS_INDICES' 'I' @208  33001 (0x000080e9)
 - public static final 'GL_TEXTURE_MIN_LOD' 'I' @212  33082 (0x0000813a)
 - public static final 'GL_TEXTURE_MAX_LOD' 'I' @216  33083 (0x0000813b)
 - public static final 'GL_TEXTURE_BASE_LEVEL' 'I' @220  33084 (0x0000813c)
 - public static final 'GL_TEXTURE_MAX_LEVEL' 'I' @224  33085 (0x0000813d)
 - public static final 'GL_MIN' 'I' @228  32775 (0x00008007)
 - public static final 'GL_MAX' 'I' @232  32776 (0x00008008)
 - public static final 'GL_DEPTH_COMPONENT24' 'I' @236  33190 (0x000081a6)
 - public static final 'GL_MAX_TEXTURE_LOD_BIAS' 'I' @240  34045 (0x000084fd)
 - public static final 'GL_TEXTURE_COMPARE_MODE' 'I' @244  34892 (0x0000884c)
 - public static final 'GL_TEXTURE_COMPARE_FUNC' 'I' @248  34893 (0x0000884d)
 - public static final 'GL_CURRENT_QUERY' 'I' @252  34917 (0x00008865)
 - public static final 'GL_QUERY_RESULT' 'I' @256  34918 (0x00008866)
 - public static final 'GL_QUERY_RESULT_AVAILABLE' 'I' @260  34919 (0x00008867)
 - public static final 'GL_BUFFER_MAPPED' 'I' @264  35004 (0x000088bc)
 - public static final 'GL_BUFFER_MAP_POINTER' 'I' @268  35005 (0x000088bd)
 - public static final 'GL_STREAM_READ' 'I' @272  35041 (0x000088e1)
 - public static final 'GL_STREAM_COPY' 'I' @276  35042 (0x000088e2)
 - public static final 'GL_STATIC_READ' 'I' @280  35045 (0x000088e5)
 - public static final 'GL_STATIC_COPY' 'I' @284  35046 (0x000088e6)
 - public static final 'GL_DYNAMIC_READ' 'I' @288  35049 (0x000088e9)
 - public static final 'GL_DYNAMIC_COPY' 'I' @292  35050 (0x000088ea)
 - public static final 'GL_MAX_DRAW_BUFFERS' 'I' @296  34852 (0x00008824)
 - public static final 'GL_DRAW_BUFFER0' 'I' @300  34853 (0x00008825)
 - public static final 'GL_DRAW_BUFFER1' 'I' @304  34854 (0x00008826)
 - public static final 'GL_DRAW_BUFFER2' 'I' @308  34855 (0x00008827)
 - public static final 'GL_DRAW_BUFFER3' 'I' @312  34856 (0x00008828)
 - public static final 'GL_DRAW_BUFFER4' 'I' @316  34857 (0x00008829)
 - public static final 'GL_DRAW_BUFFER5' 'I' @320  34858 (0x0000882a)
 - public static final 'GL_DRAW_BUFFER6' 'I' @324  34859 (0x0000882b)
 - public static final 'GL_DRAW_BUFFER7' 'I' @328  34860 (0x0000882c)
 - public static final 'GL_DRAW_BUFFER8' 'I' @332  34861 (0x0000882d)
 - public static final 'GL_DRAW_BUFFER9' 'I' @336  34862 (0x0000882e)
 - public static final 'GL_DRAW_BUFFER10' 'I' @340  34863 (0x0000882f)
 - public static final 'GL_DRAW_BUFFER11' 'I' @344  34864 (0x00008830)
 - public static final 'GL_DRAW_BUFFER12' 'I' @348  34865 (0x00008831)
 - public static final 'GL_DRAW_BUFFER13' 'I' @352  34866 (0x00008832)
 - public static final 'GL_DRAW_BUFFER14' 'I' @356  34867 (0x00008833)
 - public static final 'GL_DRAW_BUFFER15' 'I' @360  34868 (0x00008834)
 - public static final 'GL_MAX_FRAGMENT_UNIFORM_COMPONENTS' 'I' @364  35657 (0x00008b49)
 - public static final 'GL_MAX_VERTEX_UNIFORM_COMPONENTS' 'I' @368  35658 (0x00008b4a)
 - public static final 'GL_SAMPLER_3D' 'I' @372  35679 (0x00008b5f)
 - public static final 'GL_SAMPLER_2D_SHADOW' 'I' @376  35682 (0x00008b62)
 - public static final 'GL_FRAGMENT_SHADER_DERIVATIVE_HINT' 'I' @380  35723 (0x00008b8b)
 - public static final 'GL_PIXEL_PACK_BUFFER' 'I' @384  35051 (0x000088eb)
 - public static final 'GL_PIXEL_UNPACK_BUFFER' 'I' @388  35052 (0x000088ec)
 - public static final 'GL_PIXEL_PACK_BUFFER_BINDING' 'I' @392  35053 (0x000088ed)
 - public static final 'GL_PIXEL_UNPACK_BUFFER_BINDING' 'I' @396  35055 (0x000088ef)
 - public static final 'GL_FLOAT_MAT2x3' 'I' @400  35685 (0x00008b65)
 - public static final 'GL_FLOAT_MAT2x4' 'I' @404  35686 (0x00008b66)
 - public static final 'GL_FLOAT_MAT3x2' 'I' @408  35687 (0x00008b67)
 - public static final 'GL_FLOAT_MAT3x4' 'I' @412  35688 (0x00008b68)
 - public static final 'GL_FLOAT_MAT4x2' 'I' @416  35689 (0x00008b69)
 - public static final 'GL_FLOAT_MAT4x3' 'I' @420  35690 (0x00008b6a)
 - public static final 'GL_SRGB' 'I' @424  35904 (0x00008c40)
 - public static final 'GL_SRGB8' 'I' @428  35905 (0x00008c41)
 - public static final 'GL_SRGB8_ALPHA8' 'I' @432  35907 (0x00008c43)
 - public static final 'GL_COMPARE_REF_TO_TEXTURE' 'I' @436  34894 (0x0000884e)
 - public static final 'GL_MAJOR_VERSION' 'I' @440  33307 (0x0000821b)
 - public static final 'GL_MINOR_VERSION' 'I' @444  33308 (0x0000821c)
 - public static final 'GL_NUM_EXTENSIONS' 'I' @448  33309 (0x0000821d)
 - public static final 'GL_RGBA32F' 'I' @452  34836 (0x00008814)
 - public static final 'GL_RGB32F' 'I' @456  34837 (0x00008815)
 - public static final 'GL_RGBA16F' 'I' @460  34842 (0x0000881a)
 - public static final 'GL_RGB16F' 'I' @464  34843 (0x0000881b)
 - public static final 'GL_VERTEX_ATTRIB_ARRAY_INTEGER' 'I' @468  35069 (0x000088fd)
 - public static final 'GL_MAX_ARRAY_TEXTURE_LAYERS' 'I' @472  35071 (0x000088ff)
 - public static final 'GL_MIN_PROGRAM_TEXEL_OFFSET' 'I' @476  35076 (0x00008904)
 - public static final 'GL_MAX_PROGRAM_TEXEL_OFFSET' 'I' @480  35077 (0x00008905)
 - public static final 'GL_MAX_VARYING_COMPONENTS' 'I' @484  35659 (0x00008b4b)
 - public static final 'GL_TEXTURE_2D_ARRAY' 'I' @488  35866 (0x00008c1a)
 - public static final 'GL_TEXTURE_BINDING_2D_ARRAY' 'I' @492  35869 (0x00008c1d)
 - public static final 'GL_R11F_G11F_B10F' 'I' @496  35898 (0x00008c3a)
 - public static final 'GL_UNSIGNED_INT_10F_11F_11F_REV' 'I' @500  35899 (0x00008c3b)
 - public static final 'GL_RGB9_E5' 'I' @504  35901 (0x00008c3d)
 - public static final 'GL_UNSIGNED_INT_5_9_9_9_REV' 'I' @508  35902 (0x00008c3e)
 - public static final 'GL_TRANSFORM_FEEDBACK_VARYING_MAX_LENGTH' 'I' @512  35958 (0x00008c76)
 - public static final 'GL_TRANSFORM_FEEDBACK_BUFFER_MODE' 'I' @516  35967 (0x00008c7f)
 - public static final 'GL_MAX_TRANSFORM_FEEDBACK_SEPARATE_COMPONENTS' 'I' @520  35968 (0x00008c80)
 - public static final 'GL_TRANSFORM_FEEDBACK_VARYINGS' 'I' @524  35971 (0x00008c83)
 - public static final 'GL_TRANSFORM_FEEDBACK_BUFFER_START' 'I' @528  35972 (0x00008c84)
 - public static final 'GL_TRANSFORM_FEEDBACK_BUFFER_SIZE' 'I' @532  35973 (0x00008c85)
 - public static final 'GL_TRANSFORM_FEEDBACK_PRIMITIVES_WRITTEN' 'I' @536  35976 (0x00008c88)
 - public static final 'GL_RASTERIZER_DISCARD' 'I' @540  35977 (0x00008c89)
 - public static final 'GL_MAX_TRANSFORM_FEEDBACK_INTERLEAVED_COMPONENTS' 'I' @544  35978 (0x00008c8a)
 - public static final 'GL_MAX_TRANSFORM_FEEDBACK_SEPARATE_ATTRIBS' 'I' @548  35979 (0x00008c8b)
 - public static final 'GL_INTERLEAVED_ATTRIBS' 'I' @552  35980 (0x00008c8c)
 - public static final 'GL_SEPARATE_ATTRIBS' 'I' @556  35981 (0x00008c8d)
 - public static final 'GL_TRANSFORM_FEEDBACK_BUFFER' 'I' @560  35982 (0x00008c8e)
 - public static final 'GL_TRANSFORM_FEEDBACK_BUFFER_BINDING' 'I' @564  35983 (0x00008c8f)
 - public static final 'GL_RGBA32UI' 'I' @568  36208 (0x00008d70)
 - public static final 'GL_RGB32UI' 'I' @572  36209 (0x00008d71)
 - public static final 'GL_RGBA16UI' 'I' @576  36214 (0x00008d76)
 - public static final 'GL_RGB16UI' 'I' @580  36215 (0x00008d77)
 - public static final 'GL_RGBA8UI' 'I' @584  36220 (0x00008d7c)
 - public static final 'GL_RGB8UI' 'I' @588  36221 (0x00008d7d)
 - public static final 'GL_RGBA32I' 'I' @592  36226 (0x00008d82)
 - public static final 'GL_RGB32I' 'I' @596  36227 (0x00008d83)
 - public static final 'GL_RGBA16I' 'I' @600  36232 (0x00008d88)
 - public static final 'GL_RGB16I' 'I' @604  36233 (0x00008d89)
 - public static final 'GL_RGBA8I' 'I' @608  36238 (0x00008d8e)
 - public static final 'GL_RGB8I' 'I' @612  36239 (0x00008d8f)
 - public static final 'GL_RED_INTEGER' 'I' @616  36244 (0x00008d94)
 - public static final 'GL_RGB_INTEGER' 'I' @620  36248 (0x00008d98)
 - public static final 'GL_RGBA_INTEGER' 'I' @624  36249 (0x00008d99)
 - public static final 'GL_SAMPLER_2D_ARRAY' 'I' @628  36289 (0x00008dc1)
 - public static final 'GL_SAMPLER_2D_ARRAY_SHADOW' 'I' @632  36292 (0x00008dc4)
 - public static final 'GL_SAMPLER_CUBE_SHADOW' 'I' @636  36293 (0x00008dc5)
 - public static final 'GL_UNSIGNED_INT_VEC2' 'I' @640  36294 (0x00008dc6)
 - public static final 'GL_UNSIGNED_INT_VEC3' 'I' @644  36295 (0x00008dc7)
 - public static final 'GL_UNSIGNED_INT_VEC4' 'I' @648  36296 (0x00008dc8)
 - public static final 'GL_INT_SAMPLER_2D' 'I' @652  36298 (0x00008dca)
 - public static final 'GL_INT_SAMPLER_3D' 'I' @656  36299 (0x00008dcb)
 - public static final 'GL_INT_SAMPLER_CUBE' 'I' @660  36300 (0x00008dcc)
 - public static final 'GL_INT_SAMPLER_2D_ARRAY' 'I' @664  36303 (0x00008dcf)
 - public static final 'GL_UNSIGNED_INT_SAMPLER_2D' 'I' @668  36306 (0x00008dd2)
 - public static final 'GL_UNSIGNED_INT_SAMPLER_3D' 'I' @672  36307 (0x00008dd3)
 - public static final 'GL_UNSIGNED_INT_SAMPLER_CUBE' 'I' @676  36308 (0x00008dd4)
 - public static final 'GL_UNSIGNED_INT_SAMPLER_2D_ARRAY' 'I' @680  36311 (0x00008dd7)
 - public static final 'GL_BUFFER_ACCESS_FLAGS' 'I' @684  37151 (0x0000911f)
 - public static final 'GL_BUFFER_MAP_LENGTH' 'I' @688  37152 (0x00009120)
 - public static final 'GL_BUFFER_MAP_OFFSET' 'I' @692  37153 (0x00009121)
 - public static final 'GL_DEPTH_COMPONENT32F' 'I' @696  36012 (0x00008cac)
 - public static final 'GL_DEPTH32F_STENCIL8' 'I' @700  36013 (0x00008cad)
 - public static final 'GL_FLOAT_32_UNSIGNED_INT_24_8_REV' 'I' @704  36269 (0x00008dad)
 - public static final 'GL_FRAMEBUFFER_ATTACHMENT_COLOR_ENCODING' 'I' @708  33296 (0x00008210)
 - public static final 'GL_FRAMEBUFFER_ATTACHMENT_COMPONENT_TYPE' 'I' @712  33297 (0x00008211)
 - public static final 'GL_FRAMEBUFFER_ATTACHMENT_RED_SIZE' 'I' @716  33298 (0x00008212)
 - public static final 'GL_FRAMEBUFFER_ATTACHMENT_GREEN_SIZE' 'I' @720  33299 (0x00008213)
 - public static final 'GL_FRAMEBUFFER_ATTACHMENT_BLUE_SIZE' 'I' @724  33300 (0x00008214)
 - public static final 'GL_FRAMEBUFFER_ATTACHMENT_ALPHA_SIZE' 'I' @728  33301 (0x00008215)
 - public static final 'GL_FRAMEBUFFER_ATTACHMENT_DEPTH_SIZE' 'I' @732  33302 (0x00008216)
 - public static final 'GL_FRAMEBUFFER_ATTACHMENT_STENCIL_SIZE' 'I' @736  33303 (0x00008217)
 - public static final 'GL_FRAMEBUFFER_DEFAULT' 'I' @740  33304 (0x00008218)
 - public static final 'GL_FRAMEBUFFER_UNDEFINED' 'I' @744  33305 (0x00008219)
 - public static final 'GL_DEPTH_STENCIL_ATTACHMENT' 'I' @748  33306 (0x0000821a)
 - public static final 'GL_DEPTH_STENCIL' 'I' @752  34041 (0x000084f9)
 - public static final 'GL_UNSIGNED_INT_24_8' 'I' @756  34042 (0x000084fa)
 - public static final 'GL_DEPTH24_STENCIL8' 'I' @760  35056 (0x000088f0)
 - public static final 'GL_UNSIGNED_NORMALIZED' 'I' @764  35863 (0x00008c17)
 - public static final 'GL_DRAW_FRAMEBUFFER_BINDING' 'I' @768  36006 (0x00008ca6)
 - public static final 'GL_READ_FRAMEBUFFER' 'I' @772  36008 (0x00008ca8)
 - public static final 'GL_DRAW_FRAMEBUFFER' 'I' @776  36009 (0x00008ca9)
 - public static final 'GL_READ_FRAMEBUFFER_BINDING' 'I' @780  36010 (0x00008caa)
 - public static final 'GL_RENDERBUFFER_SAMPLES' 'I' @784  36011 (0x00008cab)
 - public static final 'GL_FRAMEBUFFER_ATTACHMENT_TEXTURE_LAYER' 'I' @788  36052 (0x00008cd4)
 - public static final 'GL_MAX_COLOR_ATTACHMENTS' 'I' @792  36063 (0x00008cdf)
 - public static final 'GL_COLOR_ATTACHMENT1' 'I' @796  36065 (0x00008ce1)
 - public static final 'GL_COLOR_ATTACHMENT2' 'I' @800  36066 (0x00008ce2)
 - public static final 'GL_COLOR_ATTACHMENT3' 'I' @804  36067 (0x00008ce3)
 - public static final 'GL_COLOR_ATTACHMENT4' 'I' @808  36068 (0x00008ce4)
 - public static final 'GL_COLOR_ATTACHMENT5' 'I' @812  36069 (0x00008ce5)
 - public static final 'GL_COLOR_ATTACHMENT6' 'I' @816  36070 (0x00008ce6)
 - public static final 'GL_COLOR_ATTACHMENT7' 'I' @820  36071 (0x00008ce7)
 - public static final 'GL_COLOR_ATTACHMENT8' 'I' @824  36072 (0x00008ce8)
 - public static final 'GL_COLOR_ATTACHMENT9' 'I' @828  36073 (0x00008ce9)
 - public static final 'GL_COLOR_ATTACHMENT10' 'I' @832  36074 (0x00008cea)
 - public static final 'GL_COLOR_ATTACHMENT11' 'I' @836  36075 (0x00008ceb)
 - public static final 'GL_COLOR_ATTACHMENT12' 'I' @840  36076 (0x00008cec)
 - public static final 'GL_COLOR_ATTACHMENT13' 'I' @844  36077 (0x00008ced)
 - public static final 'GL_COLOR_ATTACHMENT14' 'I' @848  36078 (0x00008cee)
 - public static final 'GL_COLOR_ATTACHMENT15' 'I' @852  36079 (0x00008cef)
 - public static final 'GL_COLOR_ATTACHMENT16' 'I' @856  36080 (0x00008cf0)
 - public static final 'GL_COLOR_ATTACHMENT17' 'I' @860  36081 (0x00008cf1)
 - public static final 'GL_COLOR_ATTACHMENT18' 'I' @864  36082 (0x00008cf2)
 - public static final 'GL_COLOR_ATTACHMENT19' 'I' @868  36083 (0x00008cf3)
 - public static final 'GL_COLOR_ATTACHMENT20' 'I' @872  36084 (0x00008cf4)
 - public static final 'GL_COLOR_ATTACHMENT21' 'I' @876  36085 (0x00008cf5)
 - public static final 'GL_COLOR_ATTACHMENT22' 'I' @880  36086 (0x00008cf6)
 - public static final 'GL_COLOR_ATTACHMENT23' 'I' @884  36087 (0x00008cf7)
 - public static final 'GL_COLOR_ATTACHMENT24' 'I' @888  36088 (0x00008cf8)
 - public static final 'GL_COLOR_ATTACHMENT25' 'I' @892  36089 (0x00008cf9)
 - public static final 'GL_COLOR_ATTACHMENT26' 'I' @896  36090 (0x00008cfa)
 - public static final 'GL_COLOR_ATTACHMENT27' 'I' @900  36091 (0x00008cfb)
 - public static final 'GL_COLOR_ATTACHMENT28' 'I' @904  36092 (0x00008cfc)
 - public static final 'GL_COLOR_ATTACHMENT29' 'I' @908  36093 (0x00008cfd)
 - public static final 'GL_COLOR_ATTACHMENT30' 'I' @912  36094 (0x00008cfe)
 - public static final 'GL_COLOR_ATTACHMENT31' 'I' @916  36095 (0x00008cff)
 - public static final 'GL_FRAMEBUFFER_INCOMPLETE_MULTISAMPLE' 'I' @920  36182 (0x00008d56)
 - public static final 'GL_MAX_SAMPLES' 'I' @924  36183 (0x00008d57)
 - public static final 'GL_HALF_FLOAT' 'I' @928  5131 (0x0000140b)
 - public static final 'GL_MAP_READ_BIT' 'I' @932  1 (0x00000001)
 - public static final 'GL_MAP_WRITE_BIT' 'I' @936  2 (0x00000002)
 - public static final 'GL_MAP_INVALIDATE_RANGE_BIT' 'I' @940  4 (0x00000004)
 - public static final 'GL_MAP_INVALIDATE_BUFFER_BIT' 'I' @944  8 (0x00000008)
 - public static final 'GL_MAP_FLUSH_EXPLICIT_BIT' 'I' @948  16 (0x00000010)
 - public static final 'GL_MAP_UNSYNCHRONIZED_BIT' 'I' @952  32 (0x00000020)
 - public static final 'GL_RG' 'I' @956  33319 (0x00008227)
 - public static final 'GL_RG_INTEGER' 'I' @960  33320 (0x00008228)
 - public static final 'GL_R8' 'I' @964  33321 (0x00008229)
 - public static final 'GL_RG8' 'I' @968  33323 (0x0000822b)
 - public static final 'GL_R16F' 'I' @972  33325 (0x0000822d)
 - public static final 'GL_R32F' 'I' @976  33326 (0x0000822e)
 - public static final 'GL_RG16F' 'I' @980  33327 (0x0000822f)
 - public static final 'GL_RG32F' 'I' @984  33328 (0x00008230)
 - public static final 'GL_R8I' 'I' @988  33329 (0x00008231)
 - public static final 'GL_R8UI' 'I' @992  33330 (0x00008232)
 - public static final 'GL_R16I' 'I' @996  33331 (0x00008233)
 - public static final 'GL_R16UI' 'I' @1000  33332 (0x00008234)
 - public static final 'GL_R32I' 'I' @1004  33333 (0x00008235)
 - public static final 'GL_R32UI' 'I' @1008  33334 (0x00008236)
 - public static final 'GL_RG8I' 'I' @1012  33335 (0x00008237)
 - public static final 'GL_RG8UI' 'I' @1016  33336 (0x00008238)
 - public static final 'GL_RG16I' 'I' @1020  33337 (0x00008239)
 - public static final 'GL_RG16UI' 'I' @1024  33338 (0x0000823a)
 - public static final 'GL_RG32I' 'I' @1028  33339 (0x0000823b)
 - public static final 'GL_RG32UI' 'I' @1032  33340 (0x0000823c)
 - public static final 'GL_VERTEX_ARRAY_BINDING' 'I' @1036  34229 (0x000085b5)
 - public static final 'GL_R8_SNORM' 'I' @1040  36756 (0x00008f94)
 - public static final 'GL_RG8_SNORM' 'I' @1044  36757 (0x00008f95)
 - public static final 'GL_RGB8_SNORM' 'I' @1048  36758 (0x00008f96)
 - public static final 'GL_RGBA8_SNORM' 'I' @1052  36759 (0x00008f97)
 - public static final 'GL_SIGNED_NORMALIZED' 'I' @1056  36764 (0x00008f9c)
 - public static final 'GL_PRIMITIVE_RESTART_FIXED_INDEX' 'I' @1060  36201 (0x00008d69)
 - public static final 'GL_COPY_READ_BUFFER' 'I' @1064  36662 (0x00008f36)
 - public static final 'GL_COPY_WRITE_BUFFER' 'I' @1068  36663 (0x00008f37)
 - public static final 'GL_COPY_READ_BUFFER_BINDING' 'I' @1072  36662 (0x00008f36)
 - public static final 'GL_COPY_WRITE_BUFFER_BINDING' 'I' @1076  36663 (0x00008f37)
 - public static final 'GL_UNIFORM_BUFFER' 'I' @1080  35345 (0x00008a11)
 - public static final 'GL_UNIFORM_BUFFER_BINDING' 'I' @1084  35368 (0x00008a28)
 - public static final 'GL_UNIFORM_BUFFER_START' 'I' @1088  35369 (0x00008a29)
 - public static final 'GL_UNIFORM_BUFFER_SIZE' 'I' @1092  35370 (0x00008a2a)
 - public static final 'GL_MAX_VERTEX_UNIFORM_BLOCKS' 'I' @1096  35371 (0x00008a2b)
 - public static final 'GL_MAX_FRAGMENT_UNIFORM_BLOCKS' 'I' @1100  35373 (0x00008a2d)
 - public static final 'GL_MAX_COMBINED_UNIFORM_BLOCKS' 'I' @1104  35374 (0x00008a2e)
 - public static final 'GL_MAX_UNIFORM_BUFFER_BINDINGS' 'I' @1108  35375 (0x00008a2f)
 - public static final 'GL_MAX_UNIFORM_BLOCK_SIZE' 'I' @1112  35376 (0x00008a30)
 - public static final 'GL_MAX_COMBINED_VERTEX_UNIFORM_COMPONENTS' 'I' @1116  35377 (0x00008a31)
 - public static final 'GL_MAX_COMBINED_FRAGMENT_UNIFORM_COMPONENTS' 'I' @1120  35379 (0x00008a33)
 - public static final 'GL_UNIFORM_BUFFER_OFFSET_ALIGNMENT' 'I' @1124  35380 (0x00008a34)
 - public static final 'GL_ACTIVE_UNIFORM_BLOCK_MAX_NAME_LENGTH' 'I' @1128  35381 (0x00008a35)
 - public static final 'GL_ACTIVE_UNIFORM_BLOCKS' 'I' @1132  35382 (0x00008a36)
 - public static final 'GL_UNIFORM_TYPE' 'I' @1136  35383 (0x00008a37)
 - public static final 'GL_UNIFORM_SIZE' 'I' @1140  35384 (0x00008a38)
 - public static final 'GL_UNIFORM_NAME_LENGTH' 'I' @1144  35385 (0x00008a39)
 - public static final 'GL_UNIFORM_BLOCK_INDEX' 'I' @1148  35386 (0x00008a3a)
 - public static final 'GL_UNIFORM_OFFSET' 'I' @1152  35387 (0x00008a3b)
 - public static final 'GL_UNIFORM_ARRAY_STRIDE' 'I' @1156  35388 (0x00008a3c)
 - public static final 'GL_UNIFORM_MATRIX_STRIDE' 'I' @1160  35389 (0x00008a3d)
 - public static final 'GL_UNIFORM_IS_ROW_MAJOR' 'I' @1164  35390 (0x00008a3e)
 - public static final 'GL_UNIFORM_BLOCK_BINDING' 'I' @1168  35391 (0x00008a3f)
 - public static final 'GL_UNIFORM_BLOCK_DATA_SIZE' 'I' @1172  35392 (0x00008a40)
 - public static final 'GL_UNIFORM_BLOCK_NAME_LENGTH' 'I' @1176  35393 (0x00008a41)
 - public static final 'GL_UNIFORM_BLOCK_ACTIVE_UNIFORMS' 'I' @1180  35394 (0x00008a42)
 - public static final 'GL_UNIFORM_BLOCK_ACTIVE_UNIFORM_INDICES' 'I' @1184  35395 (0x00008a43)
 - public static final 'GL_UNIFORM_BLOCK_REFERENCED_BY_VERTEX_SHADER' 'I' @1188  35396 (0x00008a44)
 - public static final 'GL_UNIFORM_BLOCK_REFERENCED_BY_FRAGMENT_SHADER' 'I' @1192  35398 (0x00008a46)
 - public static final 'GL_INVALID_INDEX' 'I' @1196  -1 (0xffffffff)
 - public static final 'GL_MAX_VERTEX_OUTPUT_COMPONENTS' 'I' @1200  37154 (0x00009122)
 - public static final 'GL_MAX_FRAGMENT_INPUT_COMPONENTS' 'I' @1204  37157 (0x00009125)
 - public static final 'GL_MAX_SERVER_WAIT_TIMEOUT' 'I' @1208  37137 (0x00009111)
 - public static final 'GL_OBJECT_TYPE' 'I' @1212  37138 (0x00009112)
 - public static final 'GL_SYNC_CONDITION' 'I' @1216  37139 (0x00009113)
 - public static final 'GL_SYNC_STATUS' 'I' @1220  37140 (0x00009114)
 - public static final 'GL_SYNC_FLAGS' 'I' @1224  37141 (0x00009115)
 - public static final 'GL_SYNC_FENCE' 'I' @1228  37142 (0x00009116)
 - public static final 'GL_SYNC_GPU_COMMANDS_COMPLETE' 'I' @1232  37143 (0x00009117)
 - public static final 'GL_UNSIGNALED' 'I' @1236  37144 (0x00009118)
 - public static final 'GL_SIGNALED' 'I' @1240  37145 (0x00009119)
 - public static final 'GL_ALREADY_SIGNALED' 'I' @1244  37146 (0x0000911a)
 - public static final 'GL_TIMEOUT_EXPIRED' 'I' @1248  37147 (0x0000911b)
 - public static final 'GL_CONDITION_SATISFIED' 'I' @1252  37148 (0x0000911c)
 - public static final 'GL_WAIT_FAILED' 'I' @1256  37149 (0x0000911d)
 - public static final 'GL_SYNC_FLUSH_COMMANDS_BIT' 'I' @1260  1 (0x00000001)
 - public static final 'GL_VERTEX_ATTRIB_ARRAY_DIVISOR' 'I' @1264  35070 (0x000088fe)
 - public static final 'GL_ANY_SAMPLES_PASSED' 'I' @1268  35887 (0x00008c2f)
 - public static final 'GL_ANY_SAMPLES_PASSED_CONSERVATIVE' 'I' @1272  36202 (0x00008d6a)
 - public static final 'GL_SAMPLER_BINDING' 'I' @1276  35097 (0x00008919)
 - public static final 'GL_RGB10_A2UI' 'I' @1280  36975 (0x0000906f)
 - public static final 'GL_TEXTURE_SWIZZLE_R' 'I' @1284  36418 (0x00008e42)
 - public static final 'GL_TEXTURE_SWIZZLE_G' 'I' @1288  36419 (0x00008e43)
 - public static final 'GL_TEXTURE_SWIZZLE_B' 'I' @1292  36420 (0x00008e44)
 - public static final 'GL_TEXTURE_SWIZZLE_A' 'I' @1296  36421 (0x00008e45)
 - public static final 'GL_GREEN' 'I' @1300  6404 (0x00001904)
 - public static final 'GL_BLUE' 'I' @1304  6405 (0x00001905)
 - public static final 'GL_INT_2_10_10_10_REV' 'I' @1308  36255 (0x00008d9f)
 - public static final 'GL_TRANSFORM_FEEDBACK' 'I' @1312  36386 (0x00008e22)
 - public static final 'GL_TRANSFORM_FEEDBACK_PAUSED' 'I' @1316  36387 (0x00008e23)
 - public static final 'GL_TRANSFORM_FEEDBACK_ACTIVE' 'I' @1320  36388 (0x00008e24)
 - public static final 'GL_TRANSFORM_FEEDBACK_BINDING' 'I' @1324  36389 (0x00008e25)
 - public static final 'GL_PROGRAM_BINARY_RETRIEVABLE_HINT' 'I' @1328  33367 (0x00008257)
 - public static final 'GL_PROGRAM_BINARY_LENGTH' 'I' @1332  34625 (0x00008741)
 - public static final 'GL_NUM_PROGRAM_BINARY_FORMATS' 'I' @1336  34814 (0x000087fe)
 - public static final 'GL_PROGRAM_BINARY_FORMATS' 'I' @1340  34815 (0x000087ff)
 - public static final 'GL_COMPRESSED_R11_EAC' 'I' @1344  37488 (0x00009270)
 - public static final 'GL_COMPRESSED_SIGNED_R11_EAC' 'I' @1348  37489 (0x00009271)
 - public static final 'GL_COMPRESSED_RG11_EAC' 'I' @1352  37490 (0x00009272)
 - public static final 'GL_COMPRESSED_SIGNED_RG11_EAC' 'I' @1356  37491 (0x00009273)
 - public static final 'GL_COMPRESSED_RGB8_ETC2' 'I' @1360  37492 (0x00009274)
 - public static final 'GL_COMPRESSED_SRGB8_ETC2' 'I' @1364  37493 (0x00009275)
 - public static final 'GL_COMPRESSED_RGB8_PUNCHTHROUGH_ALPHA1_ETC2' 'I' @1368  37494 (0x00009276)
 - public static final 'GL_COMPRESSED_SRGB8_PUNCHTHROUGH_ALPHA1_ETC2' 'I' @1372  37495 (0x00009277)
 - public static final 'GL_COMPRESSED_RGBA8_ETC2_EAC' 'I' @1376  37496 (0x00009278)
 - public static final 'GL_COMPRESSED_SRGB8_ALPHA8_ETC2_EAC' 'I' @1380  37497 (0x00009279)
 - public static final 'GL_TEXTURE_IMMUTABLE_FORMAT' 'I' @1384  37167 (0x0000912f)
 - public static final 'GL_MAX_ELEMENT_INDEX' 'I' @1388  36203 (0x00008d6b)
 - public static final 'GL_NUM_SAMPLE_COUNTS' 'I' @1392  37760 (0x00009380)
 - public static final 'GL_TEXTURE_IMMUTABLE_LEVELS' 'I' @1396  33503 (0x000082df)
 - public static final 'GL_TIMEOUT_IGNORED' 'J' @112  -1 (0xffffffffffffffff)
R12=0x0 is null
R13={method} {0x000001f7965282f8} 'nglDeleteVertexArrays' '(IJ)V' in 'org/lwjgl/opengles/GLES30'
R14=0x00000019baefef48 is pointing into the stack for thread: 0x000001f7350e08c0
R15=0x000001f7350e08c0 is a thread

Top of Stack: (sp=0x00000019baefee88)
0x00000019baefee88:   000001f74629ce4b 0000000000000001
0x00000019baefee98:   000001f74629cb22 000001f7965282f0
0x00000019baefeea8:   0000000000000000 00000019baefeec8
0x00000019baefeeb8:   00000019baefef30 000001f74629893e
0x00000019baefeec8:   000001f74629cadf 00000019baefeed0
0x00000019baefeed8:   000001f7965282f0 0000000000000006
0x00000019baefeee8:   000001f796552770 0000000000000000
0x00000019baefeef8:   000000074c364778 000001f7965282f0
0x00000019baefef08:   0000000000000000 00000019baefef38
0x00000019baefef18:   00000019baefef98 000001f746298860
0x00000019baefef28:   000000074c364778 000001f74629a3d7
0x00000019baefef38:   000001f79a5fe45c 0000000000000000
0x00000019baefef48:   0000000000000001 00000019baefef50
0x00000019baefef58:   000001f796528474 0000000000000006
0x00000019baefef68:   000001f796552770 0000000000000000
0x00000019baefef78:   000000074c364778 000001f7965284e8
0x00000019baefef88:   00000019baefef38 00000019baefefc8
0x00000019baefef98:   00000019baeff018 000001f746298860
0x00000019baefefa8:   0000000000000000 000000074c364dd8
0x00000019baefefb8:   0000000000010000 000000074c53e7e8
0x00000019baefefc8:   0000000000000001 00000019baefefd0
0x00000019baefefd8:   000001f79651b721 0000000000000001
0x00000019baefefe8:   000001f79651b8f8 0000000000000000
0x00000019baefeff8:   000000074c290e98 000001f79651b760
0x00000019baeff008:   00000019baefefc8 00000019baeff028
0x00000019baeff018:   00000019baeff070 000001f746298860
0x00000019baeff028:   00000019baeff028 000001f796409d6e
0x00000019baeff038:   0000000000000001 000001f79640a070
0x00000019baeff048:   0000000000000000 000000074c62fce8
0x00000019baeff058:   000001f796409da0 00000019baeff028
0x00000019baeff068:   00000019baeff080 00000019baeff0c8
0x00000019baeff078:   000001f746298860 00000019baeff080 

Instructions: (pc=0x00007ff9ff2552ad)
0x00007ff9ff2551ad:   84 24 90 00 00 00 89 44 24 20 41 ff 92 28 05 00
0x00007ff9ff2551bd:   00 48 83 c4 50 5b c3 cc cc cc cc cc cc cc cc cc
0x00007ff9ff2551cd:   cc cc cc 40 53 48 8b 01 41 8b d8 44 8b 44 24 30
0x00007ff9ff2551dd:   41 8b d1 44 8b 4c 24 38 8b cb 4c 8b 50 18 8b 44
0x00007ff9ff2551ed:   24 40 89 44 24 30 5b 49 ff a2 30 05 00 00 cc cc
0x00007ff9ff2551fd:   cc cc cc 40 53 48 8b 01 41 8b d8 44 8b 44 24 30
0x00007ff9ff25520d:   41 8b d1 44 8b 4c 24 38 8b cb 4c 8b 50 18 8b 44
0x00007ff9ff25521d:   24 40 89 44 24 30 5b 49 ff a2 38 05 00 00 cc cc
0x00007ff9ff25522d:   cc cc cc 48 8b 01 45 8b d8 4c 8b 44 24 28 49 8b
0x00007ff9ff25523d:   d1 44 8b 4c 24 30 48 8b 48 18 48 8b 81 40 05 00
0x00007ff9ff25524d:   00 41 8b cb 48 ff e0 cc cc cc cc cc cc cc cc cc
0x00007ff9ff25525d:   cc cc cc 48 8b 01 45 8b d8 4c 8b 44 24 28 49 8b
0x00007ff9ff25526d:   d1 41 8b cb 4c 8b 50 18 49 ff a2 48 05 00 00 cc
0x00007ff9ff25527d:   cc cc cc 48 8b 01 41 8b c8 48 8b 50 18 48 ff a2
0x00007ff9ff25528d:   50 05 00 00 cc cc cc cc cc cc cc cc cc cc cc cc
0x00007ff9ff25529d:   cc cc cc 48 8b 01 49 8b d1 41 8b c8 4c 8b 50 18
0x00007ff9ff2552ad:   49 ff a2 58 05 00 00 cc cc cc cc cc cc cc cc cc
0x00007ff9ff2552bd:   cc cc cc 48 8b 01 49 8b d1 41 8b c8 4c 8b 50 18
0x00007ff9ff2552cd:   49 ff a2 60 05 00 00 cc cc cc cc cc cc cc cc cc
0x00007ff9ff2552dd:   cc cc cc 48 8b 01 48 8b 48 18 48 8b 81 68 05 00
0x00007ff9ff2552ed:   00 41 8b c8 48 ff e0 cc cc cc cc cc cc cc cc cc
0x00007ff9ff2552fd:   cc cc cc 48 8b 01 45 8b d8 4c 8b 44 24 28 41 8b
0x00007ff9ff25530d:   d1 41 8b cb 4c 8b 50 18 49 ff a2 70 05 00 00 cc
0x00007ff9ff25531d:   cc cc cc 48 8b 01 41 8b c8 48 8b 50 18 48 ff a2
0x00007ff9ff25532d:   78 05 00 00 cc cc cc cc cc cc cc cc cc cc cc cc
0x00007ff9ff25533d:   cc cc cc 48 8b 01 48 8b 48 18 48 ff a1 80 05 00
0x00007ff9ff25534d:   00 cc cc 40 53 48 8b 01 41 8b d8 44 8b 44 24 30
0x00007ff9ff25535d:   41 8b d1 4c 8b 4c 24 38 8b cb 4c 8b 50 18 48 8b
0x00007ff9ff25536d:   44 24 40 48 89 44 24 30 5b 49 ff a2 88 05 00 00
0x00007ff9ff25537d:   cc cc cc 48 8b 01 45 8b d8 44 8b 44 24 28 41 8b
0x00007ff9ff25538d:   d1 41 8b cb 4c 8b 50 18 49 ff a2 90 05 00 00 cc
0x00007ff9ff25539d:   cc cc cc 40 53 48 8b 01 41 8b d8 4c 8b 44 24 30 


Stack slot to memory mapping:

stack at sp + 0 slots: 0x000001f74629ce4b is at code_begin+1067 in an Interpreter codelet
native method entry point (kind = native)  [0x000001f74629ca20, 0x000001f74629d548]  2856 bytes
stack at sp + 1 slots: 0x0000000000000001 is an unknown value
stack at sp + 2 slots: 0x000001f74629cb22 is at code_begin+258 in an Interpreter codelet
native method entry point (kind = native)  [0x000001f74629ca20, 0x000001f74629d548]  2856 bytes
stack at sp + 3 slots: {method} {0x000001f7965282f8} 'nglDeleteVertexArrays' '(IJ)V' in 'org/lwjgl/opengles/GLES30'
stack at sp + 4 slots: 0x0 is null
stack at sp + 5 slots: 0x00000019baefeec8 is pointing into the stack for thread: 0x000001f7350e08c0
stack at sp + 6 slots: 0x00000019baefef30 is pointing into the stack for thread: 0x000001f7350e08c0
stack at sp + 7 slots: 0x000001f74629893e is at code_begin+1406 in an Interpreter codelet
return entry points  [0x000001f7462983c0, 0x000001f746298f60]  2976 bytes


---------------  P R O C E S S  ---------------

Threads class SMR info:
_java_thread_list=0x000001f79aaa50b0, length=13, elements={
0x000001f7350e08c0, 0x000001f754e4dbf0, 0x000001f754e507c0, 0x000001f754e53580,
0x000001f754e53fd0, 0x000001f754e54a20, 0x000001f754e58970, 0x000001f754e61700,
0x000001f754e64bb0, 0x000001f754e25020, 0x000001f79a4eb600, 0x000001f79a441050,
0x000001f79a6e3180
}

Java Threads: ( => current thread )
=>0x000001f7350e08c0 JavaThread "main"                              [_thread_in_native, id=17124, stack(0x00000019bae00000,0x00000019baf00000) (1024K)]
  0x000001f754e4dbf0 JavaThread "Reference Handler"          daemon [_thread_blocked, id=9884, stack(0x00000019bb600000,0x00000019bb700000) (1024K)]
  0x000001f754e507c0 JavaThread "Finalizer"                  daemon [_thread_blocked, id=12388, stack(0x00000019bb700000,0x00000019bb800000) (1024K)]
  0x000001f754e53580 JavaThread "Signal Dispatcher"          daemon [_thread_blocked, id=6800, stack(0x00000019bb800000,0x00000019bb900000) (1024K)]
  0x000001f754e53fd0 JavaThread "Attach Listener"            daemon [_thread_blocked, id=1300, stack(0x00000019bb900000,0x00000019bba00000) (1024K)]
  0x000001f754e54a20 JavaThread "Service Thread"             daemon [_thread_blocked, id=17844, stack(0x00000019bba00000,0x00000019bbb00000) (1024K)]
  0x000001f754e58970 JavaThread "Monitor Deflation Thread"   daemon [_thread_blocked, id=11168, stack(0x00000019bbb00000,0x00000019bbc00000) (1024K)]
  0x000001f754e61700 JavaThread "C2 CompilerThread0"         daemon [_thread_blocked, id=15912, stack(0x00000019bbc00000,0x00000019bbd00000) (1024K)]
  0x000001f754e64bb0 JavaThread "C1 CompilerThread0"         daemon [_thread_blocked, id=10848, stack(0x00000019bbd00000,0x00000019bbe00000) (1024K)]
  0x000001f754e25020 JavaThread "Common-Cleaner"             daemon [_thread_blocked, id=8996, stack(0x00000019bbe00000,0x00000019bbf00000) (1024K)]
  0x000001f79a4eb600 JavaThread "Monitor Ctrl-Break"         daemon [_thread_in_native, id=11496, stack(0x00000019bc000000,0x00000019bc100000) (1024K)]
  0x000001f79a441050 JavaThread "Notification Thread"        daemon [_thread_blocked, id=13544, stack(0x00000019bc100000,0x00000019bc200000) (1024K)]
  0x000001f79a6e3180 JavaThread "Thread-0"                   daemon [_thread_blocked, id=15744, stack(0x00000019bbf00000,0x00000019bc000000) (1024K)]
Total: 13

Other Threads:
  0x000001f754e36750 VMThread "VM Thread"                           [id=15112, stack(0x00000019bb500000,0x00000019bb600000) (1024K)]
  0x000001f754e24630 WatcherThread "VM Periodic Task Thread"        [id=1956, stack(0x00000019bb400000,0x00000019bb500000) (1024K)]
  0x000001f7351362f0 WorkerThread "GC Thread#0"                     [id=3472, stack(0x00000019baf00000,0x00000019bb000000) (1024K)]
  0x000001f7351441e0 ConcurrentGCThread "G1 Main Marker"            [id=14000, stack(0x00000019bb000000,0x00000019bb100000) (1024K)]
  0x000001f735145290 WorkerThread "G1 Conc#0"                       [id=9320, stack(0x00000019bb100000,0x00000019bb200000) (1024K)]
  0x000001f754cf3180 ConcurrentGCThread "G1 Refine#0"               [id=3204, stack(0x00000019bb200000,0x00000019bb300000) (1024K)]
  0x000001f754cf3b00 ConcurrentGCThread "G1 Service"                [id=5304, stack(0x00000019bb300000,0x00000019bb400000) (1024K)]
Total: 7

Threads with active compile tasks:
Total: 0

VM state: not at safepoint (normal execution)

VM Mutex/Monitor currently owned by a thread: None

Heap address: 0x0000000740c00000, size: 3060 MB, Compressed Oops mode: Zero based, Oop shift amount: 3

CDS archive(s) mapped at: [0x000001f755000000-0x000001f755c90000-0x000001f755c90000), size 13172736, SharedBaseAddress: 0x000001f755000000, ArchiveRelocationMode: 1.
Compressed class space mapped at: 0x000001f756000000-0x000001f796000000, reserved size: 1073741824
Narrow klass base: 0x000001f755000000, Narrow klass shift: 0, Narrow klass range: 0x100000000

GC Precious Log:
 CardTable entry size: 512
 Card Set container configuration: InlinePtr #cards 4 size 8 Array Of Cards #cards 16 size 48 Howl #buckets 8 coarsen threshold 3686 Howl Bitmap #cards 512 size 80 coarsen threshold 460 Card regions per heap region 1 cards per card region 4096
 CPUs: 8 total, 8 available
 Memory: 12239M
 Large Page Support: Disabled
 NUMA Support: Disabled
 Compressed Oops: Enabled (Zero based)
 Heap Region Size: 2M
 Heap Min Capacity: 8M
 Heap Initial Capacity: 192M
 Heap Max Capacity: 3060M
 Pre-touch: Disabled
 Parallel Workers: 8
 Concurrent Workers: 2
 Concurrent Refinement Workers: 8
 Periodic GC: Disabled

Heap:
 garbage-first heap   total 196608K, used 8192K [0x0000000740c00000, 0x0000000800000000)
  region size 2048K, 5 young (10240K), 0 survivors (0K)
 Metaspace       used 3260K, committed 3520K, reserved 1114112K
  class space    used 232K, committed 384K, reserved 1048576K

Heap Regions: E=young(eden), S=young(survivor), O=old, HS=humongous(starts), HC=humongous(continues), CS=collection set, F=free, TAMS=top-at-mark-start, PB=parsable bottom
|   0|0x0000000740c00000, 0x0000000740c00000, 0x0000000740e00000|  0%| F|  |TAMS 0x0000000740c00000| PB 0x0000000740c00000| Untracked 
|   1|0x0000000740e00000, 0x0000000740e00000, 0x0000000741000000|  0%| F|  |TAMS 0x0000000740e00000| PB 0x0000000740e00000| Untracked 
|   2|0x0000000741000000, 0x0000000741000000, 0x0000000741200000|  0%| F|  |TAMS 0x0000000741000000| PB 0x0000000741000000| Untracked 
|   3|0x0000000741200000, 0x0000000741200000, 0x0000000741400000|  0%| F|  |TAMS 0x0000000741200000| PB 0x0000000741200000| Untracked 
|   4|0x0000000741400000, 0x0000000741400000, 0x0000000741600000|  0%| F|  |TAMS 0x0000000741400000| PB 0x0000000741400000| Untracked 
|   5|0x0000000741600000, 0x0000000741600000, 0x0000000741800000|  0%| F|  |TAMS 0x0000000741600000| PB 0x0000000741600000| Untracked 
|   6|0x0000000741800000, 0x0000000741800000, 0x0000000741a00000|  0%| F|  |TAMS 0x0000000741800000| PB 0x0000000741800000| Untracked 
|   7|0x0000000741a00000, 0x0000000741a00000, 0x0000000741c00000|  0%| F|  |TAMS 0x0000000741a00000| PB 0x0000000741a00000| Untracked 
|   8|0x0000000741c00000, 0x0000000741c00000, 0x0000000741e00000|  0%| F|  |TAMS 0x0000000741c00000| PB 0x0000000741c00000| Untracked 
|   9|0x0000000741e00000, 0x0000000741e00000, 0x0000000742000000|  0%| F|  |TAMS 0x0000000741e00000| PB 0x0000000741e00000| Untracked 
|  10|0x0000000742000000, 0x0000000742000000, 0x0000000742200000|  0%| F|  |TAMS 0x0000000742000000| PB 0x0000000742000000| Untracked 
|  11|0x0000000742200000, 0x0000000742200000, 0x0000000742400000|  0%| F|  |TAMS 0x0000000742200000| PB 0x0000000742200000| Untracked 
|  12|0x0000000742400000, 0x0000000742400000, 0x0000000742600000|  0%| F|  |TAMS 0x0000000742400000| PB 0x0000000742400000| Untracked 
|  13|0x0000000742600000, 0x0000000742600000, 0x0000000742800000|  0%| F|  |TAMS 0x0000000742600000| PB 0x0000000742600000| Untracked 
|  14|0x0000000742800000, 0x0000000742800000, 0x0000000742a00000|  0%| F|  |TAMS 0x0000000742800000| PB 0x0000000742800000| Untracked 
|  15|0x0000000742a00000, 0x0000000742a00000, 0x0000000742c00000|  0%| F|  |TAMS 0x0000000742a00000| PB 0x0000000742a00000| Untracked 
|  16|0x0000000742c00000, 0x0000000742c00000, 0x0000000742e00000|  0%| F|  |TAMS 0x0000000742c00000| PB 0x0000000742c00000| Untracked 
|  17|0x0000000742e00000, 0x0000000742e00000, 0x0000000743000000|  0%| F|  |TAMS 0x0000000742e00000| PB 0x0000000742e00000| Untracked 
|  18|0x0000000743000000, 0x0000000743000000, 0x0000000743200000|  0%| F|  |TAMS 0x0000000743000000| PB 0x0000000743000000| Untracked 
|  19|0x0000000743200000, 0x0000000743200000, 0x0000000743400000|  0%| F|  |TAMS 0x0000000743200000| PB 0x0000000743200000| Untracked 
|  20|0x0000000743400000, 0x0000000743400000, 0x0000000743600000|  0%| F|  |TAMS 0x0000000743400000| PB 0x0000000743400000| Untracked 
|  21|0x0000000743600000, 0x0000000743600000, 0x0000000743800000|  0%| F|  |TAMS 0x0000000743600000| PB 0x0000000743600000| Untracked 
|  22|0x0000000743800000, 0x0000000743800000, 0x0000000743a00000|  0%| F|  |TAMS 0x0000000743800000| PB 0x0000000743800000| Untracked 
|  23|0x0000000743a00000, 0x0000000743a00000, 0x0000000743c00000|  0%| F|  |TAMS 0x0000000743a00000| PB 0x0000000743a00000| Untracked 
|  24|0x0000000743c00000, 0x0000000743c00000, 0x0000000743e00000|  0%| F|  |TAMS 0x0000000743c00000| PB 0x0000000743c00000| Untracked 
|  25|0x0000000743e00000, 0x0000000743e00000, 0x0000000744000000|  0%| F|  |TAMS 0x0000000743e00000| PB 0x0000000743e00000| Untracked 
|  26|0x0000000744000000, 0x0000000744000000, 0x0000000744200000|  0%| F|  |TAMS 0x0000000744000000| PB 0x0000000744000000| Untracked 
|  27|0x0000000744200000, 0x0000000744200000, 0x0000000744400000|  0%| F|  |TAMS 0x0000000744200000| PB 0x0000000744200000| Untracked 
|  28|0x0000000744400000, 0x0000000744400000, 0x0000000744600000|  0%| F|  |TAMS 0x0000000744400000| PB 0x0000000744400000| Untracked 
|  29|0x0000000744600000, 0x0000000744600000, 0x0000000744800000|  0%| F|  |TAMS 0x0000000744600000| PB 0x0000000744600000| Untracked 
|  30|0x0000000744800000, 0x0000000744800000, 0x0000000744a00000|  0%| F|  |TAMS 0x0000000744800000| PB 0x0000000744800000| Untracked 
|  31|0x0000000744a00000, 0x0000000744a00000, 0x0000000744c00000|  0%| F|  |TAMS 0x0000000744a00000| PB 0x0000000744a00000| Untracked 
|  32|0x0000000744c00000, 0x0000000744c00000, 0x0000000744e00000|  0%| F|  |TAMS 0x0000000744c00000| PB 0x0000000744c00000| Untracked 
|  33|0x0000000744e00000, 0x0000000744e00000, 0x0000000745000000|  0%| F|  |TAMS 0x0000000744e00000| PB 0x0000000744e00000| Untracked 
|  34|0x0000000745000000, 0x0000000745000000, 0x0000000745200000|  0%| F|  |TAMS 0x0000000745000000| PB 0x0000000745000000| Untracked 
|  35|0x0000000745200000, 0x0000000745200000, 0x0000000745400000|  0%| F|  |TAMS 0x0000000745200000| PB 0x0000000745200000| Untracked 
|  36|0x0000000745400000, 0x0000000745400000, 0x0000000745600000|  0%| F|  |TAMS 0x0000000745400000| PB 0x0000000745400000| Untracked 
|  37|0x0000000745600000, 0x0000000745600000, 0x0000000745800000|  0%| F|  |TAMS 0x0000000745600000| PB 0x0000000745600000| Untracked 
|  38|0x0000000745800000, 0x0000000745800000, 0x0000000745a00000|  0%| F|  |TAMS 0x0000000745800000| PB 0x0000000745800000| Untracked 
|  39|0x0000000745a00000, 0x0000000745a00000, 0x0000000745c00000|  0%| F|  |TAMS 0x0000000745a00000| PB 0x0000000745a00000| Untracked 
|  40|0x0000000745c00000, 0x0000000745c00000, 0x0000000745e00000|  0%| F|  |TAMS 0x0000000745c00000| PB 0x0000000745c00000| Untracked 
|  41|0x0000000745e00000, 0x0000000745e00000, 0x0000000746000000|  0%| F|  |TAMS 0x0000000745e00000| PB 0x0000000745e00000| Untracked 
|  42|0x0000000746000000, 0x0000000746000000, 0x0000000746200000|  0%| F|  |TAMS 0x0000000746000000| PB 0x0000000746000000| Untracked 
|  43|0x0000000746200000, 0x0000000746200000, 0x0000000746400000|  0%| F|  |TAMS 0x0000000746200000| PB 0x0000000746200000| Untracked 
|  44|0x0000000746400000, 0x0000000746400000, 0x0000000746600000|  0%| F|  |TAMS 0x0000000746400000| PB 0x0000000746400000| Untracked 
|  45|0x0000000746600000, 0x0000000746600000, 0x0000000746800000|  0%| F|  |TAMS 0x0000000746600000| PB 0x0000000746600000| Untracked 
|  46|0x0000000746800000, 0x0000000746800000, 0x0000000746a00000|  0%| F|  |TAMS 0x0000000746800000| PB 0x0000000746800000| Untracked 
|  47|0x0000000746a00000, 0x0000000746a00000, 0x0000000746c00000|  0%| F|  |TAMS 0x0000000746a00000| PB 0x0000000746a00000| Untracked 
|  48|0x0000000746c00000, 0x0000000746c00000, 0x0000000746e00000|  0%| F|  |TAMS 0x0000000746c00000| PB 0x0000000746c00000| Untracked 
|  49|0x0000000746e00000, 0x0000000746e00000, 0x0000000747000000|  0%| F|  |TAMS 0x0000000746e00000| PB 0x0000000746e00000| Untracked 
|  50|0x0000000747000000, 0x0000000747000000, 0x0000000747200000|  0%| F|  |TAMS 0x0000000747000000| PB 0x0000000747000000| Untracked 
|  51|0x0000000747200000, 0x0000000747200000, 0x0000000747400000|  0%| F|  |TAMS 0x0000000747200000| PB 0x0000000747200000| Untracked 
|  52|0x0000000747400000, 0x0000000747400000, 0x0000000747600000|  0%| F|  |TAMS 0x0000000747400000| PB 0x0000000747400000| Untracked 
|  53|0x0000000747600000, 0x0000000747600000, 0x0000000747800000|  0%| F|  |TAMS 0x0000000747600000| PB 0x0000000747600000| Untracked 
|  54|0x0000000747800000, 0x0000000747800000, 0x0000000747a00000|  0%| F|  |TAMS 0x0000000747800000| PB 0x0000000747800000| Untracked 
|  55|0x0000000747a00000, 0x0000000747a00000, 0x0000000747c00000|  0%| F|  |TAMS 0x0000000747a00000| PB 0x0000000747a00000| Untracked 
|  56|0x0000000747c00000, 0x0000000747c00000, 0x0000000747e00000|  0%| F|  |TAMS 0x0000000747c00000| PB 0x0000000747c00000| Untracked 
|  57|0x0000000747e00000, 0x0000000747e00000, 0x0000000748000000|  0%| F|  |TAMS 0x0000000747e00000| PB 0x0000000747e00000| Untracked 
|  58|0x0000000748000000, 0x0000000748000000, 0x0000000748200000|  0%| F|  |TAMS 0x0000000748000000| PB 0x0000000748000000| Untracked 
|  59|0x0000000748200000, 0x0000000748200000, 0x0000000748400000|  0%| F|  |TAMS 0x0000000748200000| PB 0x0000000748200000| Untracked 
|  60|0x0000000748400000, 0x0000000748400000, 0x0000000748600000|  0%| F|  |TAMS 0x0000000748400000| PB 0x0000000748400000| Untracked 
|  61|0x0000000748600000, 0x0000000748600000, 0x0000000748800000|  0%| F|  |TAMS 0x0000000748600000| PB 0x0000000748600000| Untracked 
|  62|0x0000000748800000, 0x0000000748800000, 0x0000000748a00000|  0%| F|  |TAMS 0x0000000748800000| PB 0x0000000748800000| Untracked 
|  63|0x0000000748a00000, 0x0000000748a00000, 0x0000000748c00000|  0%| F|  |TAMS 0x0000000748a00000| PB 0x0000000748a00000| Untracked 
|  64|0x0000000748c00000, 0x0000000748c00000, 0x0000000748e00000|  0%| F|  |TAMS 0x0000000748c00000| PB 0x0000000748c00000| Untracked 
|  65|0x0000000748e00000, 0x0000000748e00000, 0x0000000749000000|  0%| F|  |TAMS 0x0000000748e00000| PB 0x0000000748e00000| Untracked 
|  66|0x0000000749000000, 0x0000000749000000, 0x0000000749200000|  0%| F|  |TAMS 0x0000000749000000| PB 0x0000000749000000| Untracked 
|  67|0x0000000749200000, 0x0000000749200000, 0x0000000749400000|  0%| F|  |TAMS 0x0000000749200000| PB 0x0000000749200000| Untracked 
|  68|0x0000000749400000, 0x0000000749400000, 0x0000000749600000|  0%| F|  |TAMS 0x0000000749400000| PB 0x0000000749400000| Untracked 
|  69|0x0000000749600000, 0x0000000749600000, 0x0000000749800000|  0%| F|  |TAMS 0x0000000749600000| PB 0x0000000749600000| Untracked 
|  70|0x0000000749800000, 0x0000000749800000, 0x0000000749a00000|  0%| F|  |TAMS 0x0000000749800000| PB 0x0000000749800000| Untracked 
|  71|0x0000000749a00000, 0x0000000749a00000, 0x0000000749c00000|  0%| F|  |TAMS 0x0000000749a00000| PB 0x0000000749a00000| Untracked 
|  72|0x0000000749c00000, 0x0000000749c00000, 0x0000000749e00000|  0%| F|  |TAMS 0x0000000749c00000| PB 0x0000000749c00000| Untracked 
|  73|0x0000000749e00000, 0x0000000749e00000, 0x000000074a000000|  0%| F|  |TAMS 0x0000000749e00000| PB 0x0000000749e00000| Untracked 
|  74|0x000000074a000000, 0x000000074a000000, 0x000000074a200000|  0%| F|  |TAMS 0x000000074a000000| PB 0x000000074a000000| Untracked 
|  75|0x000000074a200000, 0x000000074a200000, 0x000000074a400000|  0%| F|  |TAMS 0x000000074a200000| PB 0x000000074a200000| Untracked 
|  76|0x000000074a400000, 0x000000074a400000, 0x000000074a600000|  0%| F|  |TAMS 0x000000074a400000| PB 0x000000074a400000| Untracked 
|  77|0x000000074a600000, 0x000000074a600000, 0x000000074a800000|  0%| F|  |TAMS 0x000000074a600000| PB 0x000000074a600000| Untracked 
|  78|0x000000074a800000, 0x000000074a800000, 0x000000074aa00000|  0%| F|  |TAMS 0x000000074a800000| PB 0x000000074a800000| Untracked 
|  79|0x000000074aa00000, 0x000000074aa00000, 0x000000074ac00000|  0%| F|  |TAMS 0x000000074aa00000| PB 0x000000074aa00000| Untracked 
|  80|0x000000074ac00000, 0x000000074ac00000, 0x000000074ae00000|  0%| F|  |TAMS 0x000000074ac00000| PB 0x000000074ac00000| Untracked 
|  81|0x000000074ae00000, 0x000000074ae00000, 0x000000074b000000|  0%| F|  |TAMS 0x000000074ae00000| PB 0x000000074ae00000| Untracked 
|  82|0x000000074b000000, 0x000000074b000000, 0x000000074b200000|  0%| F|  |TAMS 0x000000074b000000| PB 0x000000074b000000| Untracked 
|  83|0x000000074b200000, 0x000000074b200000, 0x000000074b400000|  0%| F|  |TAMS 0x000000074b200000| PB 0x000000074b200000| Untracked 
|  84|0x000000074b400000, 0x000000074b400000, 0x000000074b600000|  0%| F|  |TAMS 0x000000074b400000| PB 0x000000074b400000| Untracked 
|  85|0x000000074b600000, 0x000000074b600000, 0x000000074b800000|  0%| F|  |TAMS 0x000000074b600000| PB 0x000000074b600000| Untracked 
|  86|0x000000074b800000, 0x000000074b800000, 0x000000074ba00000|  0%| F|  |TAMS 0x000000074b800000| PB 0x000000074b800000| Untracked 
|  87|0x000000074ba00000, 0x000000074ba00000, 0x000000074bc00000|  0%| F|  |TAMS 0x000000074ba00000| PB 0x000000074ba00000| Untracked 
|  88|0x000000074bc00000, 0x000000074bc00000, 0x000000074be00000|  0%| F|  |TAMS 0x000000074bc00000| PB 0x000000074bc00000| Untracked 
|  89|0x000000074be00000, 0x000000074be00000, 0x000000074c000000|  0%| F|  |TAMS 0x000000074be00000| PB 0x000000074be00000| Untracked 
|  90|0x000000074c000000, 0x000000074c000000, 0x000000074c200000|  0%| F|  |TAMS 0x000000074c000000| PB 0x000000074c000000| Untracked 
|  91|0x000000074c200000, 0x000000074c3d4938, 0x000000074c400000| 91%| E|  |TAMS 0x000000074c200000| PB 0x000000074c200000| Complete 
|  92|0x000000074c400000, 0x000000074c600000, 0x000000074c600000|100%| E|CS|TAMS 0x000000074c400000| PB 0x000000074c400000| Complete 
|  93|0x000000074c600000, 0x000000074c800000, 0x000000074c800000|100%| E|CS|TAMS 0x000000074c600000| PB 0x000000074c600000| Complete 
|  94|0x000000074c800000, 0x000000074ca00000, 0x000000074ca00000|100%| E|CS|TAMS 0x000000074c800000| PB 0x000000074c800000| Complete 
|  95|0x000000074ca00000, 0x000000074cc00000, 0x000000074cc00000|100%| E|CS|TAMS 0x000000074ca00000| PB 0x000000074ca00000| Complete 

Card table byte_map: [0x000001f74ede0000,0x000001f74f3e0000] _byte_map_base: 0x000001f74b3da000

Marking Bits: (CMBitMap*) 0x000001f735137810
 Bits: [0x000001f74f3e0000, 0x000001f7523b0000)

Polling page: 0x000001f7351b0000

Metaspace:

Usage:
  Non-class:      2.96 MB used.
      Class:    232.31 KB used.
       Both:      3.18 MB used.

Virtual space:
  Non-class space:       64.00 MB reserved,       3.06 MB (  5%) committed,  1 nodes.
      Class space:        1.00 GB reserved,     384.00 KB ( <1%) committed,  1 nodes.
             Both:        1.06 GB reserved,       3.44 MB ( <1%) committed. 

Chunk freelists:
   Non-Class:  10.66 MB
       Class:  15.61 MB
        Both:  26.26 MB

MaxMetaspaceSize: unlimited
CompressedClassSpaceSize: 1.00 GB
Initial GC threshold: 21.00 MB
Current GC threshold: 21.00 MB
CDS: on
 - commit_granule_bytes: 65536.
 - commit_granule_words: 8192.
 - virtual_space_node_default_size: 8388608.
 - enlarge_chunks_in_place: 1.
 - use_allocation_guard: 0.


Internal statistics:

num_allocs_failed_limit: 0.
num_arena_births: 142.
num_arena_deaths: 0.
num_vsnodes_births: 2.
num_vsnodes_deaths: 0.
num_space_committed: 55.
num_space_uncommitted: 0.
num_chunks_returned_to_freelist: 0.
num_chunks_taken_from_freelist: 222.
num_chunk_merges: 0.
num_chunk_splits: 143.
num_chunks_enlarged: 85.
num_inconsistent_stats: 0.

CodeHeap 'non-profiled nmethods': size=120000Kb used=273Kb max_used=273Kb free=119726Kb
 bounds [0x000001f746830000, 0x000001f746aa0000, 0x000001f74dd60000]
CodeHeap 'profiled nmethods': size=120000Kb used=1043Kb max_used=1043Kb free=118956Kb
 bounds [0x000001f73ed60000, 0x000001f73efd0000, 0x000001f746290000]
CodeHeap 'non-nmethods': size=5760Kb used=2100Kb max_used=2116Kb free=3660Kb
 bounds [0x000001f746290000, 0x000001f746500000, 0x000001f746830000]
 total_blobs=1846 nmethods=777 adapters=974
 compilation: enabled
              stopped_count=0, restarted_count=0
 full_count=0

Compilation events (20 events):
Event: 0.569 Thread 0x000001f754e64bb0  767       3       java.io.PrintStream::ensureOpen (18 bytes)
Event: 0.569 Thread 0x000001f754e64bb0 nmethod 767 0x000001f73ee5fb90 code [0x000001f73ee5fd40, 0x000001f73ee5ff58]
Event: 0.569 Thread 0x000001f754e64bb0  764       3       java.io.BufferedOutputStream::implFlush (12 bytes)
Event: 0.569 Thread 0x000001f754e64bb0 nmethod 764 0x000001f73ee60010 code [0x000001f73ee601e0, 0x000001f73ee60540]
Event: 0.569 Thread 0x000001f754e64bb0  765       3       java.io.OutputStream::flush (1 bytes)
Event: 0.569 Thread 0x000001f754e64bb0 nmethod 765 0x000001f73ee60690 code [0x000001f73ee60820, 0x000001f73ee60928]
Event: 0.569 Thread 0x000001f754e64bb0  768   !   3       jdk.internal.loader.BuiltinClassLoader::loadClassOrNull (143 bytes)
Event: 0.570 Thread 0x000001f754e64bb0 nmethod 768 0x000001f73ee60990 code [0x000001f73ee60c60, 0x000001f73ee61be8]
Event: 0.570 Thread 0x000001f754e64bb0  769       3       java.lang.ClassLoader::getClassLoadingLock (35 bytes)
Event: 0.570 Thread 0x000001f754e64bb0 nmethod 769 0x000001f73ee62210 code [0x000001f73ee623e0, 0x000001f73ee626d8]
Event: 0.573 Thread 0x000001f754e64bb0  771   !   3       java.lang.invoke.MemberName$Factory::resolve (159 bytes)
Event: 0.573 Thread 0x000001f754e64bb0 nmethod 771 0x000001f73ee62890 code [0x000001f73ee62ac0, 0x000001f73ee631b8]
Event: 0.575 Thread 0x000001f754e64bb0  774       3       jdk.internal.org.objectweb.asm.Attribute::computeAttributesSize (62 bytes)
Event: 0.575 Thread 0x000001f754e64bb0 nmethod 774 0x000001f73ee63490 code [0x000001f73ee63660, 0x000001f73ee63960]
Event: 0.575 Thread 0x000001f754e64bb0  775       3       jdk.internal.org.objectweb.asm.AnnotationWriter::computeAnnotationsSize (66 bytes)
Event: 0.575 Thread 0x000001f754e64bb0 nmethod 775 0x000001f73ee63b10 code [0x000001f73ee63d00, 0x000001f73ee64000]
Event: 0.576 Thread 0x000001f754e64bb0  776       3       jdk.internal.org.objectweb.asm.Attribute::putAttributes (78 bytes)
Event: 0.576 Thread 0x000001f754e64bb0 nmethod 776 0x000001f73ee64190 code [0x000001f73ee64400, 0x000001f73ee64948]
Event: 0.576 Thread 0x000001f754e64bb0  777       3       java.nio.ByteOrder::nativeOrder (4 bytes)
Event: 0.576 Thread 0x000001f754e64bb0 nmethod 777 0x000001f73ee64c10 code [0x000001f73ee64da0, 0x000001f73ee64e98]

GC Heap History (0 events):
No events

Dll operation events (12 events):
Event: 0.010 Loaded shared library C:\Program Files\Java\jdk-21\bin\java.dll
Event: 0.046 Loaded shared library C:\Program Files\Java\jdk-21\bin\jsvml.dll
Event: 0.096 Loaded shared library C:\Program Files\Java\jdk-21\bin\zip.dll
Event: 0.101 Loaded shared library C:\Program Files\Java\jdk-21\bin\instrument.dll
Event: 0.105 Loaded shared library C:\Program Files\Java\jdk-21\bin\net.dll
Event: 0.107 Loaded shared library C:\Program Files\Java\jdk-21\bin\nio.dll
Event: 0.110 Loaded shared library C:\Program Files\Java\jdk-21\bin\zip.dll
Event: 0.144 Loaded shared library C:\Users\marij\AppData\Local\Programs\IntelliJ IDEA Community Edition\bin\breakgen64.dll
Event: 0.153 Loaded shared library C:\Program Files\Java\jdk-21\bin\extnet.dll
Event: 0.203 Loaded shared library C:\Program Files\Java\jdk-21\bin\jimage.dll
Event: 0.223 Loaded shared library C:\Users\marij\AppData\Local\Temp\lwjgl_marij\3.3.6+1\x64\lwjgl.dll
Event: 0.564 Loaded shared library C:\Users\marij\AppData\Local\Temp\lwjgl_marij\3.3.6+1\x64\lwjgl_opengles.dll

Deoptimization events (20 events):
Event: 0.115 Thread 0x000001f7350e08c0 Uncommon trap: trap_request=0xffffffde fr.pc=0x000001f746840984 relative=0x0000000000000944
Event: 0.115 Thread 0x000001f7350e08c0 Uncommon trap: reason=class_check action=maybe_recompile pc=0x000001f746840984 method=java.util.HashMap.putVal(ILjava/lang/Object;Ljava/lang/Object;ZZ)Ljava/lang/Object; @ 152 c2
Event: 0.115 Thread 0x000001f7350e08c0 DEOPT PACKING pc=0x000001f746840984 sp=0x00000019baefe240
Event: 0.115 Thread 0x000001f7350e08c0 DEOPT UNPACKING pc=0x000001f7462e46a2 sp=0x00000019baefe1d0 mode 2
Event: 0.115 Thread 0x000001f7350e08c0 Uncommon trap: trap_request=0xffffffde fr.pc=0x000001f746840984 relative=0x0000000000000944
Event: 0.115 Thread 0x000001f7350e08c0 Uncommon trap: reason=class_check action=maybe_recompile pc=0x000001f746840984 method=java.util.HashMap.putVal(ILjava/lang/Object;Ljava/lang/Object;ZZ)Ljava/lang/Object; @ 152 c2
Event: 0.115 Thread 0x000001f7350e08c0 DEOPT PACKING pc=0x000001f746840984 sp=0x00000019baefe240
Event: 0.115 Thread 0x000001f7350e08c0 DEOPT UNPACKING pc=0x000001f7462e46a2 sp=0x00000019baefe1d0 mode 2
Event: 0.145 Thread 0x000001f7350e08c0 Uncommon trap: trap_request=0xffffff45 fr.pc=0x000001f746841664 relative=0x00000000000000c4
Event: 0.145 Thread 0x000001f7350e08c0 Uncommon trap: reason=unstable_if action=reinterpret pc=0x000001f746841664 method=java.lang.String.isLatin1()Z @ 10 c2
Event: 0.145 Thread 0x000001f7350e08c0 DEOPT PACKING pc=0x000001f746841664 sp=0x00000019baefea70
Event: 0.145 Thread 0x000001f7350e08c0 DEOPT UNPACKING pc=0x000001f7462e46a2 sp=0x00000019baefe9b0 mode 2
Event: 0.160 Thread 0x000001f7350e08c0 DEOPT PACKING pc=0x000001f73ed6a178 sp=0x00000019baefd3b0
Event: 0.160 Thread 0x000001f7350e08c0 DEOPT UNPACKING pc=0x000001f7462e4e42 sp=0x00000019baefc7d0 mode 0
Event: 0.193 Thread 0x000001f7350e08c0 DEOPT PACKING pc=0x000001f73ed67b58 sp=0x00000019baef9d30
Event: 0.193 Thread 0x000001f7350e08c0 DEOPT UNPACKING pc=0x000001f7462e4e42 sp=0x00000019baef9198 mode 0
Event: 0.215 Thread 0x000001f7350e08c0 Uncommon trap: trap_request=0xffffff45 fr.pc=0x000001f746849590 relative=0x0000000000000070
Event: 0.215 Thread 0x000001f7350e08c0 Uncommon trap: reason=unstable_if action=reinterpret pc=0x000001f746849590 method=java.io.WinNTFileSystem.isSlash(C)Z @ 9 c2
Event: 0.215 Thread 0x000001f7350e08c0 DEOPT PACKING pc=0x000001f746849590 sp=0x00000019baefcfd0
Event: 0.215 Thread 0x000001f7350e08c0 DEOPT UNPACKING pc=0x000001f7462e46a2 sp=0x00000019baefcf58 mode 2

Classes loaded (20 events):
Event: 0.573 Loading class java/lang/ThreadBuilders$VirtualThreadBuilder
Event: 0.573 Loading class java/lang/Thread$Builder$OfVirtual
Event: 0.573 Loading class java/lang/Thread$Builder
Event: 0.573 Loading class java/lang/Thread$Builder done
Event: 0.573 Loading class java/lang/Thread$Builder$OfVirtual done
Event: 0.573 Loading class java/lang/ThreadBuilders$BaseThreadBuilder
Event: 0.573 Loading class java/lang/ThreadBuilders$BaseThreadBuilder done
Event: 0.573 Loading class java/lang/ThreadBuilders$VirtualThreadBuilder done
Event: 0.573 Loading class java/lang/ThreadBuilders
Event: 0.573 Loading class java/lang/ThreadBuilders done
Event: 0.573 Loading class java/lang/ThreadBuilders$VirtualThreadFactory
Event: 0.573 Loading class java/lang/ThreadBuilders$BaseThreadFactory
Event: 0.573 Loading class java/lang/ThreadBuilders$BaseThreadFactory done
Event: 0.573 Loading class java/lang/ThreadBuilders$VirtualThreadFactory done
Event: 0.573 Loading class java/util/concurrent/ThreadPerTaskExecutor
Event: 0.573 Loading class java/util/concurrent/ThreadPerTaskExecutor done
Event: 0.574 Loading class java/util/concurrent/CountDownLatch
Event: 0.574 Loading class java/util/concurrent/CountDownLatch done
Event: 0.574 Loading class java/util/concurrent/CountDownLatch$Sync
Event: 0.574 Loading class java/util/concurrent/CountDownLatch$Sync done

Classes unloaded (0 events):
No events

Classes redefined (0 events):
No events

Internal exceptions (20 events):
Event: 0.197 Thread 0x000001f7350e08c0 Exception <a 'java/lang/NoSuchMethodError'{0x000000074c7feb40}: 'java.lang.Object java.lang.invoke.DirectMethodHandle$Holder.invokeStatic(java.lang.Object, java.lang.Object, int)'> (0x000000074c7feb40) 
thrown [s\open\src\hotspot\share\interpreter\linkResolver.cpp, line 773]
Event: 0.198 Thread 0x000001f7350e08c0 Exception <a 'java/lang/NoSuchMethodError'{0x000000074c40a468}: 'void java.lang.invoke.DelegatingMethodHandle$Holder.delegate(java.lang.Object, java.lang.Object, int, java.lang.Object)'> (0x000000074c40a468) 
thrown [s\open\src\hotspot\share\interpreter\linkResolver.cpp, line 773]
Event: 0.198 Thread 0x000001f7350e08c0 Exception <a 'java/lang/NoSuchMethodError'{0x000000074c40e158}: 'int java.lang.invoke.DirectMethodHandle$Holder.invokeSpecial(java.lang.Object, java.lang.Object, java.lang.Object)'> (0x000000074c40e158) 
thrown [s\open\src\hotspot\share\interpreter\linkResolver.cpp, line 773]
Event: 0.201 Thread 0x000001f7350e08c0 Exception <a 'java/lang/NoSuchMethodError'{0x000000074c4272b8}: 'void java.lang.System.loadLibrary(java.lang.String, java.lang.Class)'> (0x000000074c4272b8) 
thrown [s\open\src\hotspot\share\interpreter\linkResolver.cpp, line 773]
Event: 0.228 Thread 0x000001f7350e08c0 Exception <a 'sun/nio/fs/WindowsException'{0x000000074c4592e0}> (0x000000074c4592e0) 
thrown [s\open\src\hotspot\share\prims\jni.cpp, line 520]
Event: 0.228 Thread 0x000001f7350e08c0 Exception <a 'sun/nio/fs/WindowsException'{0x000000074c459830}> (0x000000074c459830) 
thrown [s\open\src\hotspot\share\prims\jni.cpp, line 520]
Event: 0.239 Thread 0x000001f7350e08c0 Exception <a 'sun/nio/fs/WindowsException'{0x000000074c491760}> (0x000000074c491760) 
thrown [s\open\src\hotspot\share\prims\jni.cpp, line 520]
Event: 0.239 Thread 0x000001f7350e08c0 Exception <a 'sun/nio/fs/WindowsException'{0x000000074c491ac0}> (0x000000074c491ac0) 
thrown [s\open\src\hotspot\share\prims\jni.cpp, line 520]
Event: 0.251 Thread 0x000001f7350e08c0 Exception <a 'java/lang/NoSuchMethodError'{0x000000074c5122a0}: 'int java.lang.invoke.DirectMethodHandle$Holder.invokeStaticInit(java.lang.Object, java.lang.Object, int, long)'> (0x000000074c5122a0) 
thrown [s\open\src\hotspot\share\interpreter\linkResolver.cpp, line 773]
Event: 0.251 Thread 0x000001f7350e08c0 Exception <a 'java/lang/NoSuchMethodError'{0x000000074c517598}: 'java.lang.Object java.lang.invoke.DirectMethodHandle$Holder.newInvokeSpecial(java.lang.Object, java.lang.Object, int)'> (0x000000074c517598) 
thrown [s\open\src\hotspot\share\interpreter\linkResolver.cpp, line 773]
Event: 0.253 Thread 0x000001f7350e08c0 Exception <a 'java/lang/NoSuchMethodError'{0x000000074c528590}: 'int java.lang.invoke.DirectMethodHandle$Holder.invokeStaticInit(java.lang.Object, java.lang.Object, long, long)'> (0x000000074c528590) 
thrown [s\open\src\hotspot\share\interpreter\linkResolver.cpp, line 773]
Event: 0.253 Thread 0x000001f7350e08c0 Exception <a 'java/lang/NoSuchMethodError'{0x000000074c52dd40}: 'java.lang.Object java.lang.invoke.DirectMethodHandle$Holder.newInvokeSpecial(java.lang.Object, java.lang.Object, long)'> (0x000000074c52dd40) 
thrown [s\open\src\hotspot\share\interpreter\linkResolver.cpp, line 773]
Event: 0.254 Thread 0x000001f7350e08c0 Exception <a 'java/lang/NoSuchMethodError'{0x000000074c531648}: 'java.lang.Object java.lang.invoke.Invokers$Holder.linkToTargetMethod(java.lang.Object, long, java.lang.Object)'> (0x000000074c531648) 
thrown [s\open\src\hotspot\share\interpreter\linkResolver.cpp, line 773]
Event: 0.254 Thread 0x000001f7350e08c0 Exception <a 'java/lang/NoSuchMethodError'{0x000000074c5386f0}: 'int java.lang.invoke.DirectMethodHandle$Holder.invokeStaticInit(java.lang.Object, java.lang.Object, java.lang.Object, long)'> (0x000000074c5386f0) 
thrown [s\open\src\hotspot\share\interpreter\linkResolver.cpp, line 773]
Event: 0.554 Thread 0x000001f7350e08c0 Exception <a 'java/lang/NoSuchMethodError'{0x000000074c2549e8}: 'void java.lang.System.load(java.lang.String, java.lang.Class)'> (0x000000074c2549e8) 
thrown [s\open\src\hotspot\share\interpreter\linkResolver.cpp, line 773]
Event: 0.555 Thread 0x000001f7350e08c0 Exception <a 'java/lang/NoSuchMethodError'{0x000000074c2573b8}: 'void java.lang.System.loadLibrary(java.lang.String, java.lang.Class)'> (0x000000074c2573b8) 
thrown [s\open\src\hotspot\share\interpreter\linkResolver.cpp, line 773]
Event: 0.561 Thread 0x000001f7350e08c0 Exception <a 'sun/nio/fs/WindowsException'{0x000000074c268d30}> (0x000000074c268d30) 
thrown [s\open\src\hotspot\share\prims\jni.cpp, line 520]
Event: 0.562 Thread 0x000001f7350e08c0 Exception <a 'sun/nio/fs/WindowsException'{0x000000074c2690e8}> (0x000000074c2690e8) 
thrown [s\open\src\hotspot\share\prims\jni.cpp, line 520]
Event: 0.571 Thread 0x000001f7350e08c0 Exception <a 'java/lang/NoSuchMethodError'{0x000000074c27f818}: 'void java.lang.invoke.DirectMethodHandle$Holder.invokeStaticInit(java.lang.Object)'> (0x000000074c27f818) 
thrown [s\open\src\hotspot\share\interpreter\linkResolver.cpp, line 773]
Event: 0.575 Thread 0x000001f7350e08c0 Exception <a 'java/lang/NoSuchMethodError'{0x000000074c28a1a8}: 'void java.lang.invoke.DirectMethodHandle$Holder.invokeInterface(java.lang.Object, java.lang.Object)'> (0x000000074c28a1a8) 
thrown [s\open\src\hotspot\share\interpreter\linkResolver.cpp, line 773]

ZGC Phase Switch (0 events):
No events

VM Operations (8 events):
Event: 0.082 Executing VM operation: HandshakeAllThreads (Deoptimize)
Event: 0.082 Executing VM operation: HandshakeAllThreads (Deoptimize) done
Event: 0.215 Executing VM operation: HandshakeAllThreads (Deoptimize)
Event: 0.215 Executing VM operation: HandshakeAllThreads (Deoptimize) done
Event: 0.574 Executing VM operation: HandshakeAllThreads (Deoptimize)
Event: 0.574 Executing VM operation: HandshakeAllThreads (Deoptimize) done
Event: 0.574 Executing VM operation: HandshakeAllThreads (Deoptimize)
Event: 0.574 Executing VM operation: HandshakeAllThreads (Deoptimize) done

Events (15 events):
Event: 0.029 Thread 0x000001f7350e08c0 Thread added: 0x000001f7350e08c0
Event: 0.044 Thread 0x000001f754e4dbf0 Thread added: 0x000001f754e4dbf0
Event: 0.044 Thread 0x000001f754e507c0 Thread added: 0x000001f754e507c0
Event: 0.044 Thread 0x000001f754e53580 Thread added: 0x000001f754e53580
Event: 0.044 Thread 0x000001f754e53fd0 Thread added: 0x000001f754e53fd0
Event: 0.044 Thread 0x000001f754e54a20 Thread added: 0x000001f754e54a20
Event: 0.044 Thread 0x000001f754e58970 Thread added: 0x000001f754e58970
Event: 0.044 Thread 0x000001f754e61700 Thread added: 0x000001f754e61700
Event: 0.044 Thread 0x000001f754e64bb0 Thread added: 0x000001f754e64bb0
Event: 0.076 Thread 0x000001f754e25020 Thread added: 0x000001f754e25020
Event: 0.126 Thread 0x000001f79a5055f0 Thread added: 0x000001f79a5055f0
Event: 0.144 Thread 0x000001f79a4eb600 Thread added: 0x000001f79a4eb600
Event: 0.144 Thread 0x000001f79a441050 Thread added: 0x000001f79a441050
Event: 0.512 Thread 0x000001f79a5055f0 Thread exited: 0x000001f79a5055f0
Event: 0.572 Thread 0x000001f79a6e3180 Thread added: 0x000001f79a6e3180


Dynamic libraries:
0x00007ff6b9b50000 - 0x00007ff6b9b60000 	C:\Program Files\Java\jdk-21\bin\java.exe
0x00007ffa1f390000 - 0x00007ffa1f588000 	C:\Windows\SYSTEM32\ntdll.dll
0x00007ffa1f150000 - 0x00007ffa1f212000 	C:\Windows\System32\KERNEL32.DLL
0x00007ffa1d0b0000 - 0x00007ffa1d3af000 	C:\Windows\System32\KERNELBASE.dll
0x00007ffa1cef0000 - 0x00007ffa1cff0000 	C:\Windows\System32\ucrtbase.dll
0x00007ffa18040000 - 0x00007ffa18059000 	C:\Program Files\Java\jdk-21\bin\jli.dll
0x00007ffa18380000 - 0x00007ffa1839b000 	C:\Program Files\Java\jdk-21\bin\VCRUNTIME140.dll
0x00007ffa1e840000 - 0x00007ffa1e8ef000 	C:\Windows\System32\ADVAPI32.dll
0x00007ffa1ef00000 - 0x00007ffa1ef9e000 	C:\Windows\System32\msvcrt.dll
0x00007ffa1e8f0000 - 0x00007ffa1e98f000 	C:\Windows\System32\sechost.dll
0x00007ffa1edd0000 - 0x00007ffa1eef3000 	C:\Windows\System32\RPCRT4.dll
0x00007ffa1cb90000 - 0x00007ffa1cbb7000 	C:\Windows\System32\bcrypt.dll
0x00007ffa1d3b0000 - 0x00007ffa1d54d000 	C:\Windows\System32\USER32.dll
0x00007ffa1cbc0000 - 0x00007ffa1cbe2000 	C:\Windows\System32\win32u.dll
0x00007ffa0b320000 - 0x00007ffa0b5ba000 	C:\Windows\WinSxS\amd64_microsoft.windows.common-controls_6595b64144ccf1df_6.0.19041.4355_none_60b8b9eb71f62e16\COMCTL32.dll
0x00007ffa1e810000 - 0x00007ffa1e83b000 	C:\Windows\System32\GDI32.dll
0x00007ffa1cbf0000 - 0x00007ffa1cd0a000 	C:\Windows\System32\gdi32full.dll
0x00007ffa1ce50000 - 0x00007ffa1ceed000 	C:\Windows\System32\msvcp_win.dll
0x00007ffa17060000 - 0x00007ffa1706a000 	C:\Windows\SYSTEM32\VERSION.dll
0x00007ffa1e500000 - 0x00007ffa1e52f000 	C:\Windows\System32\IMM32.DLL
0x00007ffa18000000 - 0x00007ffa1800c000 	C:\Program Files\Java\jdk-21\bin\vcruntime140_1.dll
0x00007ffa0db50000 - 0x00007ffa0dbde000 	C:\Program Files\Java\jdk-21\bin\msvcp140.dll
0x00007ff9dda90000 - 0x00007ff9de7aa000 	C:\Program Files\Java\jdk-21\bin\server\jvm.dll
0x00007ffa1e360000 - 0x00007ffa1e3cb000 	C:\Windows\System32\WS2_32.dll
0x00007ffa1bf50000 - 0x00007ffa1bf9b000 	C:\Windows\SYSTEM32\POWRPROF.dll
0x00007ffa120a0000 - 0x00007ffa120c7000 	C:\Windows\SYSTEM32\WINMM.dll
0x00007ffa1be10000 - 0x00007ffa1be22000 	C:\Windows\SYSTEM32\UMPDC.dll
0x00007ffa1b220000 - 0x00007ffa1b232000 	C:\Windows\SYSTEM32\kernel.appcore.dll
0x00007ffa174c0000 - 0x00007ffa174ca000 	C:\Program Files\Java\jdk-21\bin\jimage.dll
0x00007ffa19ea0000 - 0x00007ffa1a084000 	C:\Windows\SYSTEM32\DBGHELP.DLL
0x00007ffa16230000 - 0x00007ffa16264000 	C:\Windows\SYSTEM32\dbgcore.DLL
0x00007ffa1cd10000 - 0x00007ffa1cd92000 	C:\Windows\System32\bcryptPrimitives.dll
0x00007ffa17110000 - 0x00007ffa1711f000 	C:\Program Files\Java\jdk-21\bin\instrument.dll
0x00007ffa14eb0000 - 0x00007ffa14ecf000 	C:\Program Files\Java\jdk-21\bin\java.dll
0x00007ffa1d9d0000 - 0x00007ffa1e13d000 	C:\Windows\System32\SHELL32.dll
0x00007ffa1aa70000 - 0x00007ffa1b214000 	C:\Windows\SYSTEM32\windows.storage.dll
0x00007ffa1e990000 - 0x00007ffa1ece5000 	C:\Windows\System32\combase.dll
0x00007ffa1c460000 - 0x00007ffa1c48b000 	C:\Windows\SYSTEM32\Wldp.dll
0x00007ffa1e530000 - 0x00007ffa1e5fd000 	C:\Windows\System32\OLEAUT32.dll
0x00007ffa1f220000 - 0x00007ffa1f2cd000 	C:\Windows\System32\SHCORE.dll
0x00007ffa1e2f0000 - 0x00007ffa1e345000 	C:\Windows\System32\shlwapi.dll
0x00007ffa1c960000 - 0x00007ffa1c985000 	C:\Windows\SYSTEM32\profapi.dll
0x00007ff9f3c00000 - 0x00007ff9f3cd7000 	C:\Program Files\Java\jdk-21\bin\jsvml.dll
0x00007ffa144e0000 - 0x00007ffa144f8000 	C:\Program Files\Java\jdk-21\bin\zip.dll
0x00007ffa15000000 - 0x00007ffa15010000 	C:\Program Files\Java\jdk-21\bin\net.dll
0x00007ffa16eb0000 - 0x00007ffa16fba000 	C:\Windows\SYSTEM32\WINHTTP.dll
0x00007ffa1c1c0000 - 0x00007ffa1c22c000 	C:\Windows\system32\mswsock.dll
0x00007ffa14500000 - 0x00007ffa14516000 	C:\Program Files\Java\jdk-21\bin\nio.dll
0x00007ffa10830000 - 0x00007ffa1084a000 	C:\Users\marij\AppData\Local\Programs\IntelliJ IDEA Community Edition\bin\breakgen64.dll
0x00007ffa14ea0000 - 0x00007ffa14ea9000 	C:\Program Files\Java\jdk-21\bin\extnet.dll
0x00007ff9f7ff0000 - 0x00007ff9f806e000 	C:\Users\marij\AppData\Local\Temp\lwjgl_marij\3.3.6+1\x64\lwjgl.dll
0x00007ff9f7b80000 - 0x00007ff9f7c09000 	C:\Users\marij\AppData\Local\Temp\lwjgl_marij\3.3.6+1\x64\glfw.dll
0x00007ffa107d0000 - 0x00007ffa10815000 	C:\Windows\SYSTEM32\dinput8.dll
0x00007ffa0f080000 - 0x00007ffa0f091000 	C:\Windows\SYSTEM32\xinput1_4.dll
0x00007ffa1cff0000 - 0x00007ffa1d03e000 	C:\Windows\System32\cfgmgr32.dll
0x00007ffa1c7c0000 - 0x00007ffa1c7f3000 	C:\Windows\SYSTEM32\DEVOBJ.dll
0x00007ffa1a6b0000 - 0x00007ffa1a6df000 	C:\Windows\SYSTEM32\dwmapi.dll
0x00007ffa0cb70000 - 0x00007ffa0ccc2000 	C:\Windows\SYSTEM32\inputhost.dll
0x00007ffa18690000 - 0x00007ffa187e7000 	C:\Windows\SYSTEM32\wintypes.dll
0x00007ffa18f90000 - 0x00007ffa19086000 	C:\Windows\SYSTEM32\PROPSYS.dll
0x00007ffa16600000 - 0x00007ffa166f2000 	C:\Windows\SYSTEM32\CoreMessaging.dll
0x00007ffa162a0000 - 0x00007ffa165fb000 	C:\Windows\SYSTEM32\CoreUIComponents.dll
0x00007ffa1bc90000 - 0x00007ffa1bcc3000 	C:\Windows\SYSTEM32\ntmarta.dll
0x00007ffa1a350000 - 0x00007ffa1a3ee000 	C:\Windows\system32\uxtheme.dll
0x00007ffa1f030000 - 0x00007ffa1f145000 	C:\Windows\System32\MSCTF.dll
0x00007ff9ce460000 - 0x00007ff9ce588000 	C:\Windows\SYSTEM32\opengl32.dll
0x00007ff9ce430000 - 0x00007ff9ce45c000 	C:\Windows\SYSTEM32\GLU32.dll
0x00007ffa1e1c0000 - 0x00007ffa1e269000 	C:\Windows\System32\clbcatq.dll
0x00007ff9ae1d0000 - 0x00007ff9b09bd000 	C:\Windows\System32\DriverStore\FileRepository\nv_dispi.inf_amd64_1e8724cced6e93d4\nvoglv64.dll
0x00007ffa1d550000 - 0x00007ffa1d9c1000 	C:\Windows\System32\SETUPAPI.dll
0x00007ffa1e3d0000 - 0x00007ffa1e4fb000 	C:\Windows\System32\ole32.dll
0x00007ffa18410000 - 0x00007ffa18424000 	C:\Windows\SYSTEM32\WTSAPI32.dll
0x00007ffa1c5f0000 - 0x00007ffa1c602000 	C:\Windows\SYSTEM32\msasn1.dll
0x00007ffa17020000 - 0x00007ffa17051000 	C:\Windows\SYSTEM32\cryptnet.dll
0x00007ffa1ca30000 - 0x00007ffa1cb8c000 	C:\Windows\System32\CRYPT32.dll
0x00007ffa1c3d0000 - 0x00007ffa1c3dc000 	C:\Windows\SYSTEM32\cryptbase.dll
0x00007ffa16b60000 - 0x00007ffa16ca7000 	C:\Windows\SYSTEM32\drvstore.dll
0x00007ffa1d040000 - 0x00007ffa1d0a8000 	C:\Windows\System32\WINTRUST.dll
0x00007ffa1e140000 - 0x00007ffa1e15d000 	C:\Windows\System32\imagehlp.dll
0x00007ffa1c3b0000 - 0x00007ffa1c3c8000 	C:\Windows\SYSTEM32\CRYPTSP.dll
0x00007ffa1b9d0000 - 0x00007ffa1ba08000 	C:\Windows\system32\rsaenh.dll
0x00007ffa07300000 - 0x00007ffa0aa9a000 	C:\Windows\System32\DriverStore\FileRepository\nv_dispi.inf_amd64_1e8724cced6e93d4\nvgpucomp64.dll
0x00007ffa172b0000 - 0x00007ffa172eb000 	C:\Windows\SYSTEM32\dxcore.dll
0x00007ff9d8930000 - 0x00007ff9d8c34000 	C:\Windows\system32\nvspcap64.dll
0x00007ffa1bc30000 - 0x00007ffa1bc8b000 	C:\Windows\SYSTEM32\WINSTA.dll
0x00007ffa0dd60000 - 0x00007ffa0de59000 	C:\Windows\SYSTEM32\textinputframework.dll
0x00007ff9ff250000 - 0x00007ff9ff288000 	C:\Users\marij\AppData\Local\Temp\lwjgl_marij\3.3.6+1\x64\lwjgl_opengles.dll

dbghelp: loaded successfully - version: 4.0.5 - missing functions: none
symbol engine: initialized successfully - sym options: 0x614 - pdb path: .;C:\Program Files\Java\jdk-21\bin;C:\Windows\SYSTEM32;C:\Windows\WinSxS\amd64_microsoft.windows.common-controls_6595b64144ccf1df_6.0.19041.4355_none_60b8b9eb71f62e16;C:\Program Files\Java\jdk-21\bin\server;C:\Users\marij\AppData\Local\Programs\IntelliJ IDEA Community Edition\bin;C:\Users\marij\AppData\Local\Temp\lwjgl_marij\3.3.6+1\x64;C:\Windows\System32\DriverStore\FileRepository\nv_dispi.inf_amd64_1e8724cced6e93d4

VM Arguments:
jvm_args: -Dvisualvm.id=197895083078100 -javaagent:C:\Users\marij\AppData\Local\Programs\IntelliJ IDEA Community Edition\lib\idea_rt.jar=62789:C:\Users\marij\AppData\Local\Programs\IntelliJ IDEA Community Edition\bin -Dfile.encoding=UTF-8 -Dsun.stdout.encoding=UTF-8 -Dsun.stderr.encoding=UTF-8 
java_command: LibraryOfLament
java_class_path (initial): D:\Library of Lament\out\production\Library of Lament;D:\Library of Lament\lib\obj-0.4.0.jar;D:\Library of Lament\lib\jsvg-1.7.0.jar;D:\Library of Lament\lib\jSerialComm-2.11.0.jar;D:\Library of Lament\lib\lwjgl-release-3.3.6\joml-1.10.7.jar;D:\Library of Lament\lib\lwjgl-release-3.3.6\joml-primitives-1.10.0.jar;D:\Library of Lament\lib\lwjgl-release-3.3.6\lwjgl-egl.jar;D:\Library of Lament\lib\lwjgl-release-3.3.6\lwjgl-glfw-natives-freebsd.jar;D:\Library of Lament\lib\lwjgl-release-3.3.6\lwjgl-glfw-natives-linux-arm32.jar;D:\Library of Lament\lib\lwjgl-release-3.3.6\lwjgl-glfw-natives-linux-arm64.jar;D:\Library of Lament\lib\lwjgl-release-3.3.6\lwjgl-glfw-natives-linux-ppc64le.jar;D:\Library of Lament\lib\lwjgl-release-3.3.6\lwjgl-glfw-natives-linux-riscv64.jar;D:\Library of Lament\lib\lwjgl-release-3.3.6\lwjgl-glfw-natives-linux.jar;D:\Library of Lament\lib\lwjgl-release-3.3.6\lwjgl-glfw-natives-macos-arm64.jar;D:\Library of Lament\lib\lwjgl-release-3.3.6\lwjgl-glfw-natives-macos.jar;D:\Library of Lament\lib\lwjgl-release-3.3.6\lwjgl-glfw-natives-windows-arm64.jar;D:\Library of Lament\lib\lwjgl-release-3.3.6\lwjgl-glfw-natives-windows-x86.jar;D:\Library of Lament\lib\lwjgl-release-3.3.6\lwjgl-glfw-natives-windows.jar;D:\Library of Lament\lib\lwjgl-release-3.3.6\lwjgl-glfw.jar;D:\Library of Lament\lib\lwjgl-release-3.3.6\lwjgl-natives-freebsd.jar;D:\Library of Lament\lib\lwjgl-release-3.3.6\lwjgl-natives-linux-arm32.jar;D:\Library of Lament\lib\lwjgl-release-3.3.6\lwjgl-natives-linux-arm64.jar;D:\Library of Lament\lib\lwjgl-release-3.3.6\lwjgl-natives-linux-ppc64le.jar;D:\Library of Lament\lib\lwjgl-release-3.3.6\lwjgl-natives-linux-riscv64.jar;D:\Library of Lament\lib\lwjgl-release-3.3.6\lwjgl-natives-linux.jar;D:\Library of Lament\lib\lwjgl-release-3.3.6\lwjgl-natives-macos-arm64.jar;D:\Library of Lament\lib\lwjgl-release-3.3.6\lwjgl-natives-macos.jar;D:\Library of Lament\lib\lwjgl-release-3.3.6\lwjgl-natives-windows-arm64.jar;D:\Library of Lament\lib\lwjgl-release-3.3.6\lwjgl-natives-windows-x86.jar;D:\Library of Lament\lib\lwjgl-release-3.3.6\lwjgl-natives-windows.jar;D:\Library of Lament\lib\lwjgl-release-3.3.6\lwjgl-opengles-natives-freebsd.jar;D:\Library of Lament\lib\lwjgl-release-3.3.6\lwjgl-opengles-natives-linux-arm32.jar;D:\Library of Lament\lib\lwjgl-release-3.3.6\lwjgl-opengles-natives-linux-arm64.jar;D:\Library of Lament\lib\lwjgl-release-3.3.6\lwjgl-opengles-natives-linux-ppc64le.jar;D:\Library of Lament\lib\lwjgl-release-3.3.6\lwjgl-opengles-natives-linux-riscv64.jar;D:\Library of Lament\lib\lwjgl-release-3.3.6\lwjgl-opengles-natives-linux.jar;D:\Library of Lament\lib\lwjgl-release-3.3.6\lwjgl-opengles-natives-macos-arm64.jar;D:\Library of Lament\lib\lwjgl-release-3.3.6\lwjgl-opengles-natives-macos.jar;D:\Library of Lament\lib\lwjgl-release-3.3.6\lwjgl-opengles-natives-windows-arm64.jar;D:\Library of Lament\lib\lwjgl-release-3.3.6\lwjgl-opengles-natives-windows-x86.jar;D:\Library of Lament\lib\lwjgl-release-3.3.6\lwjgl-opengles-natives-windows.jar;D:\Library of Lament\lib\lwjgl-release-3.3.6\lwjgl-opengles.jar;D:\Library of Lament\lib\lwjgl-release-3.3.6\lwjgl.jar;D:\Library of Lament\lib\lwjgl-release-3.3.6\lwjgl3-awt-0.1.8-sources.jar;D:\Library of Lament\lib\lwjgl-release-3.3.6\lwjgl3-awt-0.1.8.jar;D:\Library of Lament\lib\lwjgl-release-3.3.6\lwjglx-debug-1.0.0.jar
Launcher Type: SUN_STANDARD

[Global flags]
     intx CICompilerCount                          = 4                                         {product} {ergonomic}
     uint ConcGCThreads                            = 2                                         {product} {ergonomic}
     uint G1ConcRefinementThreads                  = 8                                         {product} {ergonomic}
   size_t G1HeapRegionSize                         = 2097152                                   {product} {ergonomic}
    uintx GCDrainStackTargetSize                   = 64                                        {product} {ergonomic}
   size_t InitialHeapSize                          = 201326592                                 {product} {ergonomic}
   size_t MarkStackSize                            = 4194304                                   {product} {ergonomic}
   size_t MaxHeapSize                              = 3208642560                                {product} {ergonomic}
   size_t MaxNewSize                               = 1925185536                                {product} {ergonomic}
   size_t MinHeapDeltaBytes                        = 2097152                                   {product} {ergonomic}
   size_t MinHeapSize                              = 8388608                                   {product} {ergonomic}
    uintx NonNMethodCodeHeapSize                   = 5839372                                {pd product} {ergonomic}
    uintx NonProfiledCodeHeapSize                  = 122909434                              {pd product} {ergonomic}
    uintx ProfiledCodeHeapSize                     = 122909434                              {pd product} {ergonomic}
    uintx ReservedCodeCacheSize                    = 251658240                              {pd product} {ergonomic}
     bool SegmentedCodeCache                       = true                                      {product} {ergonomic}
   size_t SoftMaxHeapSize                          = 3208642560                             {manageable} {ergonomic}
     bool UseCompressedOops                        = true                           {product lp64_product} {ergonomic}
     bool UseG1GC                                  = true                                      {product} {ergonomic}
     bool UseLargePagesIndividualAllocation        = false                                  {pd product} {ergonomic}

Logging:
Log output configuration:
 #0: stdout all=warning uptime,level,tags foldmultilines=false
 #1: stderr all=off uptime,level,tags foldmultilines=false

Environment Variables:
PATH=C:\Program Files\Common Files\Oracle\Java\javapath;C:\Program Files (x86)\Common Files\Oracle\Java\java8path;C:\Program Files (x86)\Common Files\Oracle\Java\javapath;C:\Windows\system32;C:\Windows;C:\Windows\System32\Wbem;C:\Windows\System32\WindowsPowerShell\v1.0\;C:\Windows\System32\OpenSSH\;C:\Program Files\PuTTY\;C:\Program Files (x86)\NVIDIA Corporation\PhysX\Common;C:\Program Files (x86)\GnuWin32\bin;C:\Program Files\MinGW\MinGW\bin;C:\Program Files\Gradle\bin;C:\Path\bin;C:\Path;C:\Program Files\Git\cmd;C:\Path\cosmocc\bin;C:\Path\make\bin;C:\Path\tcc;C:\Path\avrdude;C:\Path\avrgcc\bin;C:\Program Files\usbipd-win\;C:\Program Files\heroku\bin;C:\Path\odin;C:\Program Files\NVIDIA Corporation\NVIDIA app\NvDLISR;C:\Program Files\dotnet\;C:\Path\cosmos\bin;C:\msys64\ucrt64\bin;C:\Program Files\Common Files\Oracle\Java\javapath;C:\Windows\system32;C:\Windows;C:\Windows\System32\Wbem;C:\Windows\System32\WindowsPowerShell\v1.0\;C:\Windows\System32\OpenSSH\;C:\Program Files\NVIDIA Corporation\NVIDIA NvDLISR;C:\Program Files\PuTTY\;C:\Program Files (x86)\NVIDIA Corporation\PhysX\Common;C:\Program Files (x86)\Windows Kits\10\Windows Performance Toolkit\;C:\Program Files (x86)\GnuWin32\bin;C:\Program Files\MinGW\MinGW\bin;C:\Program Files\Gradle\bin;C:\Path\bin;C:\Path;C:\Program Files\Git\cmd;C:\Path\cosmocc\bin;C:\Path\make\bin;C:\Path\tcc;C:\Path\avrdude;C:\Path\avrgcc\bin;C:\Users\marij\AppData\Local\GitHubDesktop\bin;C:\Program Files\heroku\bin;C:\Users\marij\AppData\Local\Programs\Microsoft VS Code\bin;C:\Path\cosmos\bin;C:\Users\marij\AppData\Local\Muse Hub\lib
USERNAME=marij
OS=Windows_NT
PROCESSOR_IDENTIFIER=Intel64 Family 6 Model 60 Stepping 3, GenuineIntel
TMP=C:\Users\marij\AppData\Local\Temp
TEMP=C:\Users\marij\AppData\Local\Temp




Periodic native trim disabled

---------------  S Y S T E M  ---------------

OS:
 Windows 10 , 64 bit Build 19041 (10.0.19041.5438)
OS uptime: 2 days 6:58 hours
Hyper-V role detected

CPU: total 8 (initial active 8) (4 cores per cpu, 2 threads per core) family 6 model 60 stepping 3 microcode 0x27, cx8, cmov, fxsr, ht, mmx, sse, sse2, sse3, ssse3, sse4.1, sse4.2, popcnt, lzcnt, tsc, tscinvbit, avx, avx2, aes, erms, clmul, bmi1, bmi2, fma, vzeroupper, clflush, hv, rdtscp, f16c
Processor Information for all 8 processors :
  Max Mhz: 3601, Current Mhz: 3601, Mhz Limit: 3601

Memory: 4k page, system-wide physical 12239M (2000M free)
TotalPageFile size 19663M (AvailPageFile size 5319M)
current process WorkingSet (physical memory assigned to process): 93M, peak: 93M
current process commit charge ("private bytes"): 360M, peak: 360M

vm_info: Java HotSpot(TM) 64-Bit Server VM (21.0.6+8-LTS-188) for windows-amd64 JRE (21.0.6+8-LTS-188), built on 2024-12-03T10:50:54Z by "mach5one" with MS VC++ 17.6 (VS2022)

END.
